<?xml version="1.0" encoding="UTF-8"?>
<!-- Generated by org.testng.reporters.JUnitXMLReporter -->
<testsuite ignored="2" hostname="DESKTOP-1AVQ4LH" failures="0" tests="1" name="Test" time="21.555" errors="0" timestamp="2021-05-31T09:52:47 IST">
  <testcase classname="net.assuresign.scenario_4.Scenario_4_9_2" name="submitPrepare_addDocumentCall" time="21.318"/>
  <testcase classname="net.assuresign.scenario_4.Scenario_4_9_2" name="submitPrepare_DynamicJB_withoutParseDoc" time="0.0">
    <ignored/>
  </testcase> <!-- submitPrepare_DynamicJB_withoutParseDoc -->
  <testcase classname="net.assuresign.scenario_4.Scenario_4_9_2" name="addDocument_DynamicJBParsing_parseDocFalse" time="0.0">
    <ignored/>
  </testcase> <!-- addDocument_DynamicJBParsing_parseDocFalse -->
</testsuite> <!-- Test -->
