<?xml version="1.0" encoding="UTF-8"?>
<!-- Generated by org.testng.reporters.JUnitXMLReporter -->
<testsuite ignored="0" hostname="tussar-PC" failures="0" tests="3" name="Test" time="88.219" errors="0" timestamp="2021-04-14T17:19:08 IST">
  <testcase classname="net.assuresign.scenario_3.Scenario_3_4" name="submit_DifferentFileType" time="46.831"/>
  <testcase classname="net.assuresign.scenario_3.Scenario_3_4" name="submit_HybridCallDifferentFileType" time="30.329"/>
  <testcase classname="net.assuresign.scenario_3.Scenario_3_4" name="submit_HybridCallDifferentFileTypeIncorrect" time="10.744"/>
</testsuite> <!-- Test -->
