<?xml version="1.0" encoding="UTF-8"?>
<testng-results ignored="0" total="4" passed="3" failed="1" skipped="0">
  <reporter-output>
  </reporter-output>
  <suite started-at="2021-05-26T03:58:11 IST" name="Suite" finished-at="2021-05-26T03:58:43 IST" duration-ms="31783">
    <groups>
      <group name="ExcludeForOld">
        <method signature="Scenario_3_12.submitSSTemplate_delayedStep(java.lang.String)[pri:0, instance:net.assuresign.scenario_3.Scenario_3_12@4d02f94e]" name="submitSSTemplate_delayedStep" class="net.assuresign.scenario_3.Scenario_3_12"/>
        <method signature="Scenario_3_12.submitSSTemplate_invalidID(java.lang.String)[pri:0, instance:net.assuresign.scenario_3.Scenario_3_12@4d02f94e]" name="submitSSTemplate_invalidID" class="net.assuresign.scenario_3.Scenario_3_12"/>
      </group> <!-- ExcludeForOld -->
    </groups>
    <test started-at="2021-05-26T03:58:11 IST" name="Test" finished-at="2021-05-26T03:58:43 IST" duration-ms="31783">
      <class name="net.assuresign.scenario_3.Scenario_3_12">
        <test-method is-config="true" signature="reportUp(org.testng.ITestResult)[pri:0, instance:net.assuresign.scenario_3.Scenario_3_12@4d02f94e]" started-at="2021-05-26T03:58:11 IST" name="reportUp" finished-at="2021-05-26T03:58:11 IST" duration-ms="8" status="PASS">
          <params>
            <param index="0">
              <value>
                <![CDATA[[TestResult name={null} status=CREATED method=Scenario_3_12.submitSSTemplate_delayedStep(java.lang.String)[pri:0, instance:net.assuresign.scenario_3.Scenario_3_12@4d02f94e] output={null}]]]>
              </value>
            </param>
          </params>
          <reporter-output>
          </reporter-output>
        </test-method> <!-- reportUp -->
        <test-method signature="submitSSTemplate_delayedStep(java.lang.String)[pri:0, instance:net.assuresign.scenario_3.Scenario_3_12@4d02f94e]" started-at="2021-05-26T03:58:11 IST" name="submitSSTemplate_delayedStep" data-provider="version-data-provider" finished-at="2021-05-26T03:58:25 IST" duration-ms="13745" status="PASS">
          <params>
            <param index="0">
              <value>
                <![CDATA[3.7]]>
              </value>
            </param>
          </params>
          <reporter-output>
          </reporter-output>
        </test-method> <!-- submitSSTemplate_delayedStep -->
        <test-method is-config="true" signature="tearDown(org.testng.ITestResult)[pri:0, instance:net.assuresign.scenario_3.Scenario_3_12@4d02f94e]" started-at="2021-05-26T03:58:25 IST" name="tearDown" finished-at="2021-05-26T03:58:25 IST" duration-ms="3" status="PASS">
          <params>
            <param index="0">
              <value>
                <![CDATA[[TestResult name=submitSSTemplate_delayedStep status=SUCCESS method=Scenario_3_12.submitSSTemplate_delayedStep(java.lang.String)[pri:0, instance:net.assuresign.scenario_3.Scenario_3_12@4d02f94e] output={null}]]]>
              </value>
            </param>
          </params>
          <reporter-output>
          </reporter-output>
        </test-method> <!-- tearDown -->
        <test-method is-config="true" signature="reportUp(org.testng.ITestResult)[pri:0, instance:net.assuresign.scenario_3.Scenario_3_12@4d02f94e]" started-at="2021-05-26T03:58:25 IST" name="reportUp" finished-at="2021-05-26T03:58:25 IST" duration-ms="0" status="PASS">
          <params>
            <param index="0">
              <value>
                <![CDATA[[TestResult name={null} status=CREATED method=Scenario_3_12.submitSSTemplate_invalidID(java.lang.String)[pri:0, instance:net.assuresign.scenario_3.Scenario_3_12@4d02f94e] output={null}]]]>
              </value>
            </param>
          </params>
          <reporter-output>
          </reporter-output>
        </test-method> <!-- reportUp -->
        <test-method signature="submitSSTemplate_invalidID(java.lang.String)[pri:0, instance:net.assuresign.scenario_3.Scenario_3_12@4d02f94e]" started-at="2021-05-26T03:58:25 IST" name="submitSSTemplate_invalidID" data-provider="version-data-provider" finished-at="2021-05-26T03:58:31 IST" duration-ms="6013" status="PASS">
          <params>
            <param index="0">
              <value>
                <![CDATA[3.7]]>
              </value>
            </param>
          </params>
          <reporter-output>
          </reporter-output>
        </test-method> <!-- submitSSTemplate_invalidID -->
        <test-method is-config="true" signature="tearDown(org.testng.ITestResult)[pri:0, instance:net.assuresign.scenario_3.Scenario_3_12@4d02f94e]" started-at="2021-05-26T03:58:31 IST" name="tearDown" finished-at="2021-05-26T03:58:31 IST" duration-ms="2" status="PASS">
          <params>
            <param index="0">
              <value>
                <![CDATA[[TestResult name=submitSSTemplate_invalidID status=SUCCESS method=Scenario_3_12.submitSSTemplate_invalidID(java.lang.String)[pri:0, instance:net.assuresign.scenario_3.Scenario_3_12@4d02f94e] output={null}]]]>
              </value>
            </param>
          </params>
          <reporter-output>
          </reporter-output>
        </test-method> <!-- tearDown -->
        <test-method signature="submitSSTemplate_pwdOpenFile(java.lang.String)[pri:0, instance:net.assuresign.scenario_3.Scenario_3_12@4d02f94e]" started-at="2021-05-26T03:58:31 IST" name="submitSSTemplate_pwdOpenFile" data-provider="version-data-provider" finished-at="2021-05-26T03:58:36 IST" duration-ms="5442" status="PASS">
          <params>
            <param index="0">
              <value>
                <![CDATA[3.7]]>
              </value>
            </param>
          </params>
          <reporter-output>
          </reporter-output>
        </test-method> <!-- submitSSTemplate_pwdOpenFile -->
        <test-method is-config="true" signature="reportUp(org.testng.ITestResult)[pri:0, instance:net.assuresign.scenario_3.Scenario_3_12@4d02f94e]" started-at="2021-05-26T03:58:31 IST" name="reportUp" finished-at="2021-05-26T03:58:31 IST" duration-ms="0" status="PASS">
          <params>
            <param index="0">
              <value>
                <![CDATA[[TestResult name={null} status=CREATED method=Scenario_3_12.submitSSTemplate_pwdOpenFile(java.lang.String)[pri:0, instance:net.assuresign.scenario_3.Scenario_3_12@4d02f94e] output={null}]]]>
              </value>
            </param>
          </params>
          <reporter-output>
          </reporter-output>
        </test-method> <!-- reportUp -->
        <test-method is-config="true" signature="tearDown(org.testng.ITestResult)[pri:0, instance:net.assuresign.scenario_3.Scenario_3_12@4d02f94e]" started-at="2021-05-26T03:58:36 IST" name="tearDown" finished-at="2021-05-26T03:58:36 IST" duration-ms="1" status="PASS">
          <params>
            <param index="0">
              <value>
                <![CDATA[[TestResult name=submitSSTemplate_pwdOpenFile status=SUCCESS method=Scenario_3_12.submitSSTemplate_pwdOpenFile(java.lang.String)[pri:0, instance:net.assuresign.scenario_3.Scenario_3_12@4d02f94e] output={null}]]]>
              </value>
            </param>
          </params>
          <reporter-output>
          </reporter-output>
        </test-method> <!-- tearDown -->
        <test-method is-config="true" signature="reportUp(org.testng.ITestResult)[pri:0, instance:net.assuresign.scenario_3.Scenario_3_12@4d02f94e]" started-at="2021-05-26T03:58:36 IST" name="reportUp" finished-at="2021-05-26T03:58:36 IST" duration-ms="1" status="PASS">
          <params>
            <param index="0">
              <value>
                <![CDATA[[TestResult name={null} status=CREATED method=Scenario_3_12.submitSSTemplate_signerPassword(java.lang.String)[pri:0, instance:net.assuresign.scenario_3.Scenario_3_12@4d02f94e] output={null}]]]>
              </value>
            </param>
          </params>
          <reporter-output>
          </reporter-output>
        </test-method> <!-- reportUp -->
        <test-method signature="submitSSTemplate_signerPassword(java.lang.String)[pri:0, instance:net.assuresign.scenario_3.Scenario_3_12@4d02f94e]" started-at="2021-05-26T03:58:36 IST" name="submitSSTemplate_signerPassword" data-provider="version-data-provider" finished-at="2021-05-26T03:58:43 IST" duration-ms="6239" status="FAIL">
          <params>
            <param index="0">
              <value>
                <![CDATA[3.7]]>
              </value>
            </param>
          </params>
          <exception class="java.lang.NoSuchMethodError">
            <message>
              <![CDATA[org.hamcrest.Matcher.describeMismatch(Ljava/lang/Object;Lorg/hamcrest/Description;)V]]>
            </message>
            <full-stacktrace>
              <![CDATA[java.lang.NoSuchMethodError: org.hamcrest.Matcher.describeMismatch(Ljava/lang/Object;Lorg/hamcrest/Description;)V
at io.restassured.internal.util.MatcherErrorMessageBuilder.buildError(MatcherErrorMessageBuilder.java:35)
at io.restassured.internal.util.MatcherErrorMessageBuilder$buildError.call(Unknown Source)
at org.codehaus.groovy.runtime.callsite.CallSiteArray.defaultCall(CallSiteArray.java:47)
at org.codehaus.groovy.runtime.callsite.AbstractCallSite.call(AbstractCallSite.java:125)
at org.codehaus.groovy.runtime.callsite.AbstractCallSite.call(AbstractCallSite.java:148)
at io.restassured.internal.ResponseSpecificationImpl$HamcrestAssertionClosure.validateStatusCodeAndStatusLine(ResponseSpecificationImpl.groovy:549)
at java.base/jdk.internal.reflect.NativeMethodAccessorImpl.invoke0(Native Method)
at java.base/jdk.internal.reflect.NativeMethodAccessorImpl.invoke(NativeMethodAccessorImpl.java:62)
at java.base/jdk.internal.reflect.DelegatingMethodAccessorImpl.invoke(DelegatingMethodAccessorImpl.java:43)
at java.base/java.lang.reflect.Method.invoke(Method.java:566)
at org.codehaus.groovy.runtime.callsite.PlainObjectMetaMethodSite.doInvoke(PlainObjectMetaMethodSite.java:43)
at org.codehaus.groovy.runtime.callsite.PogoMetaMethodSite$PogoCachedMethodSiteNoUnwrapNoCoerce.invoke(PogoMetaMethodSite.java:193)
at org.codehaus.groovy.runtime.callsite.PogoMetaMethodSite.callCurrent(PogoMetaMethodSite.java:61)
at org.codehaus.groovy.runtime.callsite.AbstractCallSite.callCurrent(AbstractCallSite.java:185)
at io.restassured.internal.ResponseSpecificationImpl$HamcrestAssertionClosure.validate(ResponseSpecificationImpl.groovy:471)
at io.restassured.internal.ResponseSpecificationImpl$HamcrestAssertionClosure$validate$1.call(Unknown Source)
at io.restassured.internal.ResponseSpecificationImpl.validateResponseIfRequired(ResponseSpecificationImpl.groovy:674)
at java.base/jdk.internal.reflect.NativeMethodAccessorImpl.invoke0(Native Method)
at java.base/jdk.internal.reflect.NativeMethodAccessorImpl.invoke(NativeMethodAccessorImpl.java:62)
at java.base/jdk.internal.reflect.DelegatingMethodAccessorImpl.invoke(DelegatingMethodAccessorImpl.java:43)
at java.base/java.lang.reflect.Method.invoke(Method.java:566)
at org.codehaus.groovy.runtime.callsite.PlainObjectMetaMethodSite.doInvoke(PlainObjectMetaMethodSite.java:43)
at org.codehaus.groovy.runtime.callsite.PogoMetaMethodSite$PogoCachedMethodSiteNoUnwrapNoCoerce.invoke(PogoMetaMethodSite.java:193)
at org.codehaus.groovy.runtime.callsite.PogoMetaMethodSite.callCurrent(PogoMetaMethodSite.java:61)
at org.codehaus.groovy.runtime.callsite.AbstractCallSite.callCurrent(AbstractCallSite.java:185)
at io.restassured.internal.ResponseSpecificationImpl.statusCode(ResponseSpecificationImpl.groovy:126)
at io.restassured.internal.ValidatableResponseOptionsImpl.statusCode(ValidatableResponseOptionsImpl.java:84)
at io.restassured.internal.ValidatableResponseImpl.super$2$statusCode(ValidatableResponseImpl.groovy)
at java.base/jdk.internal.reflect.NativeMethodAccessorImpl.invoke0(Native Method)
at java.base/jdk.internal.reflect.NativeMethodAccessorImpl.invoke(NativeMethodAccessorImpl.java:62)
at java.base/jdk.internal.reflect.DelegatingMethodAccessorImpl.invoke(DelegatingMethodAccessorImpl.java:43)
at java.base/java.lang.reflect.Method.invoke(Method.java:566)
at org.codehaus.groovy.reflection.CachedMethod.invoke(CachedMethod.java:107)
at groovy.lang.MetaMethod.doMethodInvoke(MetaMethod.java:323)
at groovy.lang.MetaClassImpl.invokeMethod(MetaClassImpl.java:1268)
at org.codehaus.groovy.runtime.ScriptBytecodeAdapter.invokeMethodOnSuperN(ScriptBytecodeAdapter.java:144)
at io.restassured.internal.ValidatableResponseImpl.statusCode(ValidatableResponseImpl.groovy:136)
at io.restassured.internal.ValidatableResponseImpl.statusCode(ValidatableResponseImpl.groovy)
at net.assuresign.scenario_3.Scenario_3_12.submitSSTemplate_signerPassword(Scenario_3_12.java:43)
at java.base/jdk.internal.reflect.NativeMethodAccessorImpl.invoke0(Native Method)
at java.base/jdk.internal.reflect.NativeMethodAccessorImpl.invoke(NativeMethodAccessorImpl.java:62)
at java.base/jdk.internal.reflect.DelegatingMethodAccessorImpl.invoke(DelegatingMethodAccessorImpl.java:43)
at java.base/java.lang.reflect.Method.invoke(Method.java:566)
at org.testng.internal.MethodInvocationHelper.invokeMethod(MethodInvocationHelper.java:133)
at org.testng.internal.TestInvoker.invokeMethod(TestInvoker.java:598)
at org.testng.internal.TestInvoker.invokeTestMethod(TestInvoker.java:173)
at org.testng.internal.MethodRunner.runInSequence(MethodRunner.java:46)
at org.testng.internal.TestInvoker$MethodInvocationAgent.invoke(TestInvoker.java:824)
at org.testng.internal.TestInvoker.invokeTestMethods(TestInvoker.java:146)
at org.testng.internal.TestMethodWorker.invokeTestMethods(TestMethodWorker.java:146)
at org.testng.internal.TestMethodWorker.run(TestMethodWorker.java:128)
at java.base/java.util.ArrayList.forEach(ArrayList.java:1540)
at org.testng.TestRunner.privateRun(TestRunner.java:794)
at org.testng.TestRunner.run(TestRunner.java:596)
at org.testng.SuiteRunner.runTest(SuiteRunner.java:377)
at org.testng.SuiteRunner.runSequentially(SuiteRunner.java:371)
at org.testng.SuiteRunner.privateRun(SuiteRunner.java:332)
at org.testng.SuiteRunner.run(SuiteRunner.java:276)
at org.testng.SuiteRunnerWorker.runSuite(SuiteRunnerWorker.java:53)
at org.testng.SuiteRunnerWorker.run(SuiteRunnerWorker.java:96)
at org.testng.TestNG.runSuitesSequentially(TestNG.java:1212)
at org.testng.TestNG.runSuitesLocally(TestNG.java:1134)
at org.testng.TestNG.runSuites(TestNG.java:1063)
at org.testng.TestNG.run(TestNG.java:1031)
at org.testng.remote.AbstractRemoteTestNG.run(AbstractRemoteTestNG.java:115)
at org.testng.remote.RemoteTestNG.initAndRun(RemoteTestNG.java:251)
at org.testng.remote.RemoteTestNG.main(RemoteTestNG.java:77)
]]>
            </full-stacktrace>
          </exception> <!-- java.lang.NoSuchMethodError -->
          <reporter-output>
          </reporter-output>
        </test-method> <!-- submitSSTemplate_signerPassword -->
        <test-method is-config="true" signature="tearDown(org.testng.ITestResult)[pri:0, instance:net.assuresign.scenario_3.Scenario_3_12@4d02f94e]" started-at="2021-05-26T03:58:43 IST" name="tearDown" finished-at="2021-05-26T03:58:43 IST" duration-ms="1" status="PASS">
          <params>
            <param index="0">
              <value>
                <![CDATA[[TestResult name=submitSSTemplate_signerPassword status=FAILURE method=Scenario_3_12.submitSSTemplate_signerPassword(java.lang.String)[pri:0, instance:net.assuresign.scenario_3.Scenario_3_12@4d02f94e] output={null}]]]>
              </value>
            </param>
          </params>
          <reporter-output>
          </reporter-output>
        </test-method> <!-- tearDown -->
      </class> <!-- net.assuresign.scenario_3.Scenario_3_12 -->
    </test> <!-- Test -->
  </suite> <!-- Suite -->
</testng-results>
