<?xml version="1.0" encoding="UTF-8"?>
<testng-results ignored="0" total="8" passed="8" failed="0" skipped="0">
  <reporter-output>
  </reporter-output>
  <suite started-at="2021-04-19T09:08:22 IST" name="Suite" finished-at="2021-04-19T09:08:22 IST" duration-ms="352">
    <groups>
    </groups>
    <test started-at="2021-04-19T09:08:22 IST" name="Test" finished-at="2021-04-19T09:08:22 IST" duration-ms="352">
      <class name="net.assuresign.scenario_1.TokenBearer_Incorrect">
        <test-method is-config="true" signature="reportUp(org.testng.ITestResult)[pri:0, instance:net.assuresign.scenario_1.TokenBearer_Incorrect@4d5b6aac]" started-at="2021-04-19T09:08:22 IST" name="reportUp" finished-at="2021-04-19T09:08:22 IST" duration-ms="6" status="PASS">
          <params>
            <param index="0">
              <value>
                <![CDATA[[TestResult name={null} status=CREATED method=TokenBearer_Incorrect.tokenBearer_withoutSessionLength(java.lang.String)[pri:0, instance:net.assuresign.scenario_1.TokenBearer_Incorrect@4d5b6aac] output={null}]]]>
              </value>
            </param>
          </params>
          <reporter-output>
          </reporter-output>
        </test-method> <!-- reportUp -->
        <test-method signature="tokenBearer_withoutSessionLength(java.lang.String)[pri:0, instance:net.assuresign.scenario_1.TokenBearer_Incorrect@4d5b6aac]" started-at="2021-04-19T09:08:22 IST" name="tokenBearer_withoutSessionLength" data-provider="version-data-provider" finished-at="2021-04-19T09:08:22 IST" duration-ms="13" status="PASS">
          <params>
            <param index="0">
              <value>
                <![CDATA[3.0]]>
              </value>
            </param>
          </params>
          <reporter-output>
          </reporter-output>
        </test-method> <!-- tokenBearer_withoutSessionLength -->
        <test-method is-config="true" signature="tearDown(org.testng.ITestResult)[pri:0, instance:net.assuresign.scenario_1.TokenBearer_Incorrect@4d5b6aac]" started-at="2021-04-19T09:08:22 IST" name="tearDown" finished-at="2021-04-19T09:08:22 IST" duration-ms="3" status="PASS">
          <params>
            <param index="0">
              <value>
                <![CDATA[[TestResult name=tokenBearer_withoutSessionLength status=SUCCESS method=TokenBearer_Incorrect.tokenBearer_withoutSessionLength(java.lang.String)[pri:0, instance:net.assuresign.scenario_1.TokenBearer_Incorrect@4d5b6aac] output={null}]]]>
              </value>
            </param>
          </params>
          <reporter-output>
          </reporter-output>
        </test-method> <!-- tearDown -->
        <test-method is-config="true" signature="reportUp(org.testng.ITestResult)[pri:0, instance:net.assuresign.scenario_1.TokenBearer_Incorrect@4d5b6aac]" started-at="2021-04-19T09:08:22 IST" name="reportUp" finished-at="2021-04-19T09:08:22 IST" duration-ms="1" status="PASS">
          <params>
            <param index="0">
              <value>
                <![CDATA[[TestResult name={null} status=CREATED method=TokenBearer_Incorrect.tokenBearer_withoutSessionLength(java.lang.String)[pri:0, instance:net.assuresign.scenario_1.TokenBearer_Incorrect@4d5b6aac] output={null}]]]>
              </value>
            </param>
          </params>
          <reporter-output>
          </reporter-output>
        </test-method> <!-- reportUp -->
        <test-method signature="tokenBearer_withoutSessionLength(java.lang.String)[pri:0, instance:net.assuresign.scenario_1.TokenBearer_Incorrect@4d5b6aac]" started-at="2021-04-19T09:08:22 IST" name="tokenBearer_withoutSessionLength" data-provider="version-data-provider" finished-at="2021-04-19T09:08:22 IST" duration-ms="2" status="PASS">
          <params>
            <param index="0">
              <value>
                <![CDATA[3.1]]>
              </value>
            </param>
          </params>
          <reporter-output>
          </reporter-output>
        </test-method> <!-- tokenBearer_withoutSessionLength -->
        <test-method is-config="true" signature="tearDown(org.testng.ITestResult)[pri:0, instance:net.assuresign.scenario_1.TokenBearer_Incorrect@4d5b6aac]" started-at="2021-04-19T09:08:22 IST" name="tearDown" finished-at="2021-04-19T09:08:22 IST" duration-ms="1" status="PASS">
          <params>
            <param index="0">
              <value>
                <![CDATA[[TestResult name=tokenBearer_withoutSessionLength status=SUCCESS method=TokenBearer_Incorrect.tokenBearer_withoutSessionLength(java.lang.String)[pri:0, instance:net.assuresign.scenario_1.TokenBearer_Incorrect@4d5b6aac] output={null}]]]>
              </value>
            </param>
          </params>
          <reporter-output>
          </reporter-output>
        </test-method> <!-- tearDown -->
        <test-method is-config="true" signature="reportUp(org.testng.ITestResult)[pri:0, instance:net.assuresign.scenario_1.TokenBearer_Incorrect@4d5b6aac]" started-at="2021-04-19T09:08:22 IST" name="reportUp" finished-at="2021-04-19T09:08:22 IST" duration-ms="1" status="PASS">
          <params>
            <param index="0">
              <value>
                <![CDATA[[TestResult name={null} status=CREATED method=TokenBearer_Incorrect.tokenBearer_withoutSessionLength(java.lang.String)[pri:0, instance:net.assuresign.scenario_1.TokenBearer_Incorrect@4d5b6aac] output={null}]]]>
              </value>
            </param>
          </params>
          <reporter-output>
          </reporter-output>
        </test-method> <!-- reportUp -->
        <test-method signature="tokenBearer_withoutSessionLength(java.lang.String)[pri:0, instance:net.assuresign.scenario_1.TokenBearer_Incorrect@4d5b6aac]" started-at="2021-04-19T09:08:22 IST" name="tokenBearer_withoutSessionLength" data-provider="version-data-provider" finished-at="2021-04-19T09:08:22 IST" duration-ms="3" status="PASS">
          <params>
            <param index="0">
              <value>
                <![CDATA[3.2]]>
              </value>
            </param>
          </params>
          <reporter-output>
          </reporter-output>
        </test-method> <!-- tokenBearer_withoutSessionLength -->
        <test-method is-config="true" signature="tearDown(org.testng.ITestResult)[pri:0, instance:net.assuresign.scenario_1.TokenBearer_Incorrect@4d5b6aac]" started-at="2021-04-19T09:08:22 IST" name="tearDown" finished-at="2021-04-19T09:08:22 IST" duration-ms="0" status="PASS">
          <params>
            <param index="0">
              <value>
                <![CDATA[[TestResult name=tokenBearer_withoutSessionLength status=SUCCESS method=TokenBearer_Incorrect.tokenBearer_withoutSessionLength(java.lang.String)[pri:0, instance:net.assuresign.scenario_1.TokenBearer_Incorrect@4d5b6aac] output={null}]]]>
              </value>
            </param>
          </params>
          <reporter-output>
          </reporter-output>
        </test-method> <!-- tearDown -->
        <test-method is-config="true" signature="reportUp(org.testng.ITestResult)[pri:0, instance:net.assuresign.scenario_1.TokenBearer_Incorrect@4d5b6aac]" started-at="2021-04-19T09:08:22 IST" name="reportUp" finished-at="2021-04-19T09:08:22 IST" duration-ms="0" status="PASS">
          <params>
            <param index="0">
              <value>
                <![CDATA[[TestResult name={null} status=CREATED method=TokenBearer_Incorrect.tokenBearer_withoutSessionLength(java.lang.String)[pri:0, instance:net.assuresign.scenario_1.TokenBearer_Incorrect@4d5b6aac] output={null}]]]>
              </value>
            </param>
          </params>
          <reporter-output>
          </reporter-output>
        </test-method> <!-- reportUp -->
        <test-method signature="tokenBearer_withoutSessionLength(java.lang.String)[pri:0, instance:net.assuresign.scenario_1.TokenBearer_Incorrect@4d5b6aac]" started-at="2021-04-19T09:08:22 IST" name="tokenBearer_withoutSessionLength" data-provider="version-data-provider" finished-at="2021-04-19T09:08:22 IST" duration-ms="2" status="PASS">
          <params>
            <param index="0">
              <value>
                <![CDATA[3.3]]>
              </value>
            </param>
          </params>
          <reporter-output>
          </reporter-output>
        </test-method> <!-- tokenBearer_withoutSessionLength -->
        <test-method is-config="true" signature="tearDown(org.testng.ITestResult)[pri:0, instance:net.assuresign.scenario_1.TokenBearer_Incorrect@4d5b6aac]" started-at="2021-04-19T09:08:22 IST" name="tearDown" finished-at="2021-04-19T09:08:22 IST" duration-ms="1" status="PASS">
          <params>
            <param index="0">
              <value>
                <![CDATA[[TestResult name=tokenBearer_withoutSessionLength status=SUCCESS method=TokenBearer_Incorrect.tokenBearer_withoutSessionLength(java.lang.String)[pri:0, instance:net.assuresign.scenario_1.TokenBearer_Incorrect@4d5b6aac] output={null}]]]>
              </value>
            </param>
          </params>
          <reporter-output>
          </reporter-output>
        </test-method> <!-- tearDown -->
        <test-method signature="tokenBearer_withoutSessionLength(java.lang.String)[pri:0, instance:net.assuresign.scenario_1.TokenBearer_Incorrect@4d5b6aac]" started-at="2021-04-19T09:08:22 IST" name="tokenBearer_withoutSessionLength" data-provider="version-data-provider" finished-at="2021-04-19T09:08:22 IST" duration-ms="2" status="PASS">
          <params>
            <param index="0">
              <value>
                <![CDATA[3.4]]>
              </value>
            </param>
          </params>
          <reporter-output>
          </reporter-output>
        </test-method> <!-- tokenBearer_withoutSessionLength -->
        <test-method is-config="true" signature="reportUp(org.testng.ITestResult)[pri:0, instance:net.assuresign.scenario_1.TokenBearer_Incorrect@4d5b6aac]" started-at="2021-04-19T09:08:22 IST" name="reportUp" finished-at="2021-04-19T09:08:22 IST" duration-ms="0" status="PASS">
          <params>
            <param index="0">
              <value>
                <![CDATA[[TestResult name={null} status=CREATED method=TokenBearer_Incorrect.tokenBearer_withoutSessionLength(java.lang.String)[pri:0, instance:net.assuresign.scenario_1.TokenBearer_Incorrect@4d5b6aac] output={null}]]]>
              </value>
            </param>
          </params>
          <reporter-output>
          </reporter-output>
        </test-method> <!-- reportUp -->
        <test-method is-config="true" signature="tearDown(org.testng.ITestResult)[pri:0, instance:net.assuresign.scenario_1.TokenBearer_Incorrect@4d5b6aac]" started-at="2021-04-19T09:08:22 IST" name="tearDown" finished-at="2021-04-19T09:08:22 IST" duration-ms="1" status="PASS">
          <params>
            <param index="0">
              <value>
                <![CDATA[[TestResult name=tokenBearer_withoutSessionLength status=SUCCESS method=TokenBearer_Incorrect.tokenBearer_withoutSessionLength(java.lang.String)[pri:0, instance:net.assuresign.scenario_1.TokenBearer_Incorrect@4d5b6aac] output={null}]]]>
              </value>
            </param>
          </params>
          <reporter-output>
          </reporter-output>
        </test-method> <!-- tearDown -->
        <test-method signature="tokenBearer_withoutSessionLength(java.lang.String)[pri:0, instance:net.assuresign.scenario_1.TokenBearer_Incorrect@4d5b6aac]" started-at="2021-04-19T09:08:22 IST" name="tokenBearer_withoutSessionLength" data-provider="version-data-provider" finished-at="2021-04-19T09:08:22 IST" duration-ms="2" status="PASS">
          <params>
            <param index="0">
              <value>
                <![CDATA[3.5]]>
              </value>
            </param>
          </params>
          <reporter-output>
          </reporter-output>
        </test-method> <!-- tokenBearer_withoutSessionLength -->
        <test-method is-config="true" signature="reportUp(org.testng.ITestResult)[pri:0, instance:net.assuresign.scenario_1.TokenBearer_Incorrect@4d5b6aac]" started-at="2021-04-19T09:08:22 IST" name="reportUp" finished-at="2021-04-19T09:08:22 IST" duration-ms="0" status="PASS">
          <params>
            <param index="0">
              <value>
                <![CDATA[[TestResult name={null} status=CREATED method=TokenBearer_Incorrect.tokenBearer_withoutSessionLength(java.lang.String)[pri:0, instance:net.assuresign.scenario_1.TokenBearer_Incorrect@4d5b6aac] output={null}]]]>
              </value>
            </param>
          </params>
          <reporter-output>
          </reporter-output>
        </test-method> <!-- reportUp -->
        <test-method is-config="true" signature="tearDown(org.testng.ITestResult)[pri:0, instance:net.assuresign.scenario_1.TokenBearer_Incorrect@4d5b6aac]" started-at="2021-04-19T09:08:22 IST" name="tearDown" finished-at="2021-04-19T09:08:22 IST" duration-ms="1" status="PASS">
          <params>
            <param index="0">
              <value>
                <![CDATA[[TestResult name=tokenBearer_withoutSessionLength status=SUCCESS method=TokenBearer_Incorrect.tokenBearer_withoutSessionLength(java.lang.String)[pri:0, instance:net.assuresign.scenario_1.TokenBearer_Incorrect@4d5b6aac] output={null}]]]>
              </value>
            </param>
          </params>
          <reporter-output>
          </reporter-output>
        </test-method> <!-- tearDown -->
        <test-method is-config="true" signature="reportUp(org.testng.ITestResult)[pri:0, instance:net.assuresign.scenario_1.TokenBearer_Incorrect@4d5b6aac]" started-at="2021-04-19T09:08:22 IST" name="reportUp" finished-at="2021-04-19T09:08:22 IST" duration-ms="1" status="PASS">
          <params>
            <param index="0">
              <value>
                <![CDATA[[TestResult name={null} status=CREATED method=TokenBearer_Incorrect.tokenBearer_withoutSessionLength(java.lang.String)[pri:0, instance:net.assuresign.scenario_1.TokenBearer_Incorrect@4d5b6aac] output={null}]]]>
              </value>
            </param>
          </params>
          <reporter-output>
          </reporter-output>
        </test-method> <!-- reportUp -->
        <test-method signature="tokenBearer_withoutSessionLength(java.lang.String)[pri:0, instance:net.assuresign.scenario_1.TokenBearer_Incorrect@4d5b6aac]" started-at="2021-04-19T09:08:22 IST" name="tokenBearer_withoutSessionLength" data-provider="version-data-provider" finished-at="2021-04-19T09:08:22 IST" duration-ms="2" status="PASS">
          <params>
            <param index="0">
              <value>
                <![CDATA[3.6]]>
              </value>
            </param>
          </params>
          <reporter-output>
          </reporter-output>
        </test-method> <!-- tokenBearer_withoutSessionLength -->
        <test-method is-config="true" signature="tearDown(org.testng.ITestResult)[pri:0, instance:net.assuresign.scenario_1.TokenBearer_Incorrect@4d5b6aac]" started-at="2021-04-19T09:08:22 IST" name="tearDown" finished-at="2021-04-19T09:08:22 IST" duration-ms="0" status="PASS">
          <params>
            <param index="0">
              <value>
                <![CDATA[[TestResult name=tokenBearer_withoutSessionLength status=SUCCESS method=TokenBearer_Incorrect.tokenBearer_withoutSessionLength(java.lang.String)[pri:0, instance:net.assuresign.scenario_1.TokenBearer_Incorrect@4d5b6aac] output={null}]]]>
              </value>
            </param>
          </params>
          <reporter-output>
          </reporter-output>
        </test-method> <!-- tearDown -->
        <test-method is-config="true" signature="reportUp(org.testng.ITestResult)[pri:0, instance:net.assuresign.scenario_1.TokenBearer_Incorrect@4d5b6aac]" started-at="2021-04-19T09:08:22 IST" name="reportUp" finished-at="2021-04-19T09:08:22 IST" duration-ms="0" status="PASS">
          <params>
            <param index="0">
              <value>
                <![CDATA[[TestResult name={null} status=CREATED method=TokenBearer_Incorrect.tokenBearer_withoutSessionLength(java.lang.String)[pri:0, instance:net.assuresign.scenario_1.TokenBearer_Incorrect@4d5b6aac] output={null}]]]>
              </value>
            </param>
          </params>
          <reporter-output>
          </reporter-output>
        </test-method> <!-- reportUp -->
        <test-method signature="tokenBearer_withoutSessionLength(java.lang.String)[pri:0, instance:net.assuresign.scenario_1.TokenBearer_Incorrect@4d5b6aac]" started-at="2021-04-19T09:08:22 IST" name="tokenBearer_withoutSessionLength" data-provider="version-data-provider" finished-at="2021-04-19T09:08:22 IST" duration-ms="2" status="PASS">
          <params>
            <param index="0">
              <value>
                <![CDATA[3.7]]>
              </value>
            </param>
          </params>
          <reporter-output>
          </reporter-output>
        </test-method> <!-- tokenBearer_withoutSessionLength -->
        <test-method is-config="true" signature="tearDown(org.testng.ITestResult)[pri:0, instance:net.assuresign.scenario_1.TokenBearer_Incorrect@4d5b6aac]" started-at="2021-04-19T09:08:22 IST" name="tearDown" finished-at="2021-04-19T09:08:22 IST" duration-ms="1" status="PASS">
          <params>
            <param index="0">
              <value>
                <![CDATA[[TestResult name=tokenBearer_withoutSessionLength status=SUCCESS method=TokenBearer_Incorrect.tokenBearer_withoutSessionLength(java.lang.String)[pri:0, instance:net.assuresign.scenario_1.TokenBearer_Incorrect@4d5b6aac] output={null}]]]>
              </value>
            </param>
          </params>
          <reporter-output>
          </reporter-output>
        </test-method> <!-- tearDown -->
      </class> <!-- net.assuresign.scenario_1.TokenBearer_Incorrect -->
    </test> <!-- Test -->
  </suite> <!-- Suite -->
</testng-results>
