<?xml version="1.0" encoding="UTF-8"?>
<testng-results ignored="0" total="1" passed="1" failed="0" skipped="0">
  <reporter-output>
  </reporter-output>
  <suite started-at="2021-06-11T10:11:27 IST" name="Suite" finished-at="2021-06-11T10:12:08 IST" duration-ms="40384">
    <groups>
    </groups>
    <test started-at="2021-06-11T10:11:27 IST" name="Test" finished-at="2021-06-11T10:12:08 IST" duration-ms="40384">
      <class name="net.assuresign.scenario_12.Scenario_12">
        <test-method is-config="true" signature="reportUp(org.testng.ITestResult)[pri:0, instance:net.assuresign.scenario_12.Scenario_12@24fcf36f]" started-at="2021-06-11T10:11:27 IST" name="reportUp" finished-at="2021-06-11T10:11:27 IST" duration-ms="6" status="PASS">
          <params>
            <param index="0">
              <value>
                <![CDATA[[TestResult name={null} status=CREATED method=Scenario_12.collectionRun_submit(java.lang.String)[pri:0, instance:net.assuresign.scenario_12.Scenario_12@24fcf36f] output={null}]]]>
              </value>
            </param>
          </params>
          <reporter-output>
          </reporter-output>
        </test-method> <!-- reportUp -->
        <test-method signature="collectionRun_submit(java.lang.String)[pri:0, instance:net.assuresign.scenario_12.Scenario_12@24fcf36f]" started-at="2021-06-11T10:11:27 IST" name="collectionRun_submit" data-provider="version-data-provider" finished-at="2021-06-11T10:12:08 IST" duration-ms="40114" status="PASS">
          <params>
            <param index="0">
              <value>
                <![CDATA[3.7]]>
              </value>
            </param>
          </params>
          <reporter-output>
          </reporter-output>
        </test-method> <!-- collectionRun_submit -->
        <test-method is-config="true" signature="tearDown(org.testng.ITestResult)[pri:0, instance:net.assuresign.scenario_12.Scenario_12@24fcf36f]" started-at="2021-06-11T10:12:08 IST" name="tearDown" finished-at="2021-06-11T10:12:08 IST" duration-ms="14" status="PASS">
          <params>
            <param index="0">
              <value>
                <![CDATA[[TestResult name=collectionRun_submit status=SUCCESS method=Scenario_12.collectionRun_submit(java.lang.String)[pri:0, instance:net.assuresign.scenario_12.Scenario_12@24fcf36f] output={null}]]]>
              </value>
            </param>
          </params>
          <reporter-output>
          </reporter-output>
        </test-method> <!-- tearDown -->
      </class> <!-- net.assuresign.scenario_12.Scenario_12 -->
    </test> <!-- Test -->
  </suite> <!-- Suite -->
</testng-results>
