<?xml version="1.0" encoding="UTF-8"?>
<testng-results ignored="0" total="10" passed="9" failed="1" skipped="0">
  <reporter-output>
  </reporter-output>
  <suite started-at="2021-05-05T00:01:17 IST" name="Suite" finished-at="2021-05-05T00:07:05 IST" duration-ms="347773">
    <groups>
    </groups>
    <test started-at="2021-05-05T00:01:17 IST" name="Test" finished-at="2021-05-05T00:07:05 IST" duration-ms="347773">
      <class name="net.assuresign.scenario_4.Scenario_4_9">
        <test-method is-config="true" signature="reportUp(org.testng.ITestResult)[pri:0, instance:net.assuresign.scenario_4.Scenario_4_9@6d4e5011]" started-at="2021-05-05T00:01:17 IST" name="reportUp" finished-at="2021-05-05T00:01:17 IST" duration-ms="6" status="PASS">
          <params>
            <param index="0">
              <value>
                <![CDATA[[TestResult name={null} status=CREATED method=Scenario_4_9.submitPrepare_DynamicJotBlockParsing_SpecifiedSchema(java.lang.String)[pri:0, instance:net.assuresign.scenario_4.Scenario_4_9@6d4e5011] output={null}]]]>
              </value>
            </param>
          </params>
          <reporter-output>
          </reporter-output>
        </test-method> <!-- reportUp -->
        <test-method signature="submitPrepare_DynamicJotBlockParsing_SpecifiedSchema(java.lang.String)[pri:0, instance:net.assuresign.scenario_4.Scenario_4_9@6d4e5011]" started-at="2021-05-05T00:01:17 IST" name="submitPrepare_DynamicJotBlockParsing_SpecifiedSchema" data-provider="version-data-provider" finished-at="2021-05-05T00:02:00 IST" duration-ms="43246" status="PASS">
          <params>
            <param index="0">
              <value>
                <![CDATA[3.7]]>
              </value>
            </param>
          </params>
          <reporter-output>
          </reporter-output>
        </test-method> <!-- submitPrepare_DynamicJotBlockParsing_SpecifiedSchema -->
        <test-method is-config="true" signature="tearDown(org.testng.ITestResult)[pri:0, instance:net.assuresign.scenario_4.Scenario_4_9@6d4e5011]" started-at="2021-05-05T00:02:00 IST" name="tearDown" finished-at="2021-05-05T00:02:00 IST" duration-ms="29" status="PASS">
          <params>
            <param index="0">
              <value>
                <![CDATA[[TestResult name=submitPrepare_DynamicJotBlockParsing_SpecifiedSchema status=SUCCESS method=Scenario_4_9.submitPrepare_DynamicJotBlockParsing_SpecifiedSchema(java.lang.String)[pri:0, instance:net.assuresign.scenario_4.Scenario_4_9@6d4e5011] output={null}]]]>
              </value>
            </param>
          </params>
          <reporter-output>
          </reporter-output>
        </test-method> <!-- tearDown -->
        <test-method is-config="true" signature="reportUp(org.testng.ITestResult)[pri:0, instance:net.assuresign.scenario_4.Scenario_4_9@6d4e5011]" started-at="2021-05-05T00:02:00 IST" name="reportUp" finished-at="2021-05-05T00:02:00 IST" duration-ms="1" status="PASS">
          <params>
            <param index="0">
              <value>
                <![CDATA[[TestResult name={null} status=CREATED method=Scenario_4_9.submitPrepare_DynamicJotBlockParsing_SpecifiedSchema_negativePage(java.lang.String)[pri:0, instance:net.assuresign.scenario_4.Scenario_4_9@6d4e5011] output={null}]]]>
              </value>
            </param>
          </params>
          <reporter-output>
          </reporter-output>
        </test-method> <!-- reportUp -->
        <test-method signature="submitPrepare_DynamicJotBlockParsing_SpecifiedSchema_negativePage(java.lang.String)[pri:0, instance:net.assuresign.scenario_4.Scenario_4_9@6d4e5011]" started-at="2021-05-05T00:02:00 IST" name="submitPrepare_DynamicJotBlockParsing_SpecifiedSchema_negativePage" data-provider="version-data-provider" finished-at="2021-05-05T00:02:37 IST" duration-ms="36541" status="PASS">
          <params>
            <param index="0">
              <value>
                <![CDATA[3.7]]>
              </value>
            </param>
          </params>
          <reporter-output>
          </reporter-output>
        </test-method> <!-- submitPrepare_DynamicJotBlockParsing_SpecifiedSchema_negativePage -->
        <test-method is-config="true" signature="tearDown(org.testng.ITestResult)[pri:0, instance:net.assuresign.scenario_4.Scenario_4_9@6d4e5011]" started-at="2021-05-05T00:02:37 IST" name="tearDown" finished-at="2021-05-05T00:02:37 IST" duration-ms="1" status="PASS">
          <params>
            <param index="0">
              <value>
                <![CDATA[[TestResult name=submitPrepare_DynamicJotBlockParsing_SpecifiedSchema_negativePage status=SUCCESS method=Scenario_4_9.submitPrepare_DynamicJotBlockParsing_SpecifiedSchema_negativePage(java.lang.String)[pri:0, instance:net.assuresign.scenario_4.Scenario_4_9@6d4e5011] output={null}]]]>
              </value>
            </param>
          </params>
          <reporter-output>
          </reporter-output>
        </test-method> <!-- tearDown -->
        <test-method is-config="true" signature="reportUp(org.testng.ITestResult)[pri:0, instance:net.assuresign.scenario_4.Scenario_4_9@6d4e5011]" started-at="2021-05-05T00:02:37 IST" name="reportUp" finished-at="2021-05-05T00:02:37 IST" duration-ms="1" status="PASS">
          <params>
            <param index="0">
              <value>
                <![CDATA[[TestResult name={null} status=CREATED method=Scenario_4_9.submitPrepare_DynamicJotBlockParsing_SpecifiedSchema_noValueForPages(java.lang.String)[pri:0, instance:net.assuresign.scenario_4.Scenario_4_9@6d4e5011] output={null}]]]>
              </value>
            </param>
          </params>
          <reporter-output>
          </reporter-output>
        </test-method> <!-- reportUp -->
        <test-method signature="submitPrepare_DynamicJotBlockParsing_SpecifiedSchema_noValueForPages(java.lang.String)[pri:0, instance:net.assuresign.scenario_4.Scenario_4_9@6d4e5011]" started-at="2021-05-05T00:02:37 IST" name="submitPrepare_DynamicJotBlockParsing_SpecifiedSchema_noValueForPages" data-provider="version-data-provider" finished-at="2021-05-05T00:03:11 IST" duration-ms="33659" status="FAIL">
          <params>
            <param index="0">
              <value>
                <![CDATA[3.7]]>
              </value>
            </param>
          </params>
          <exception class="java.lang.AssertionError">
            <message>
              <![CDATA[1 expectation failed.
Expected status code <400> but was <500>.
]]>
            </message>
            <full-stacktrace>
              <![CDATA[java.lang.AssertionError: 1 expectation failed.
Expected status code <400> but was <500>.

at java.base/jdk.internal.reflect.NativeConstructorAccessorImpl.newInstance0(Native Method)
at java.base/jdk.internal.reflect.NativeConstructorAccessorImpl.newInstance(NativeConstructorAccessorImpl.java:62)
at java.base/jdk.internal.reflect.DelegatingConstructorAccessorImpl.newInstance(DelegatingConstructorAccessorImpl.java:45)
at java.base/java.lang.reflect.Constructor.newInstance(Constructor.java:490)
at org.codehaus.groovy.reflection.CachedConstructor.invoke(CachedConstructor.java:72)
at org.codehaus.groovy.reflection.CachedConstructor.doConstructorInvoke(CachedConstructor.java:59)
at org.codehaus.groovy.runtime.callsite.ConstructorSite$ConstructorSiteNoUnwrap.callConstructor(ConstructorSite.java:84)
at org.codehaus.groovy.runtime.callsite.CallSiteArray.defaultCallConstructor(CallSiteArray.java:59)
at org.codehaus.groovy.runtime.callsite.AbstractCallSite.callConstructor(AbstractCallSite.java:263)
at org.codehaus.groovy.runtime.callsite.AbstractCallSite.callConstructor(AbstractCallSite.java:277)
at io.restassured.internal.ResponseSpecificationImpl$HamcrestAssertionClosure.validate(ResponseSpecificationImpl.groovy:493)
at io.restassured.internal.ResponseSpecificationImpl$HamcrestAssertionClosure$validate$1.call(Unknown Source)
at io.restassured.internal.ResponseSpecificationImpl.validateResponseIfRequired(ResponseSpecificationImpl.groovy:674)
at java.base/jdk.internal.reflect.NativeMethodAccessorImpl.invoke0(Native Method)
at java.base/jdk.internal.reflect.NativeMethodAccessorImpl.invoke(NativeMethodAccessorImpl.java:62)
at java.base/jdk.internal.reflect.DelegatingMethodAccessorImpl.invoke(DelegatingMethodAccessorImpl.java:43)
at java.base/java.lang.reflect.Method.invoke(Method.java:566)
at org.codehaus.groovy.runtime.callsite.PlainObjectMetaMethodSite.doInvoke(PlainObjectMetaMethodSite.java:43)
at org.codehaus.groovy.runtime.callsite.PogoMetaMethodSite$PogoCachedMethodSiteNoUnwrapNoCoerce.invoke(PogoMetaMethodSite.java:193)
at org.codehaus.groovy.runtime.callsite.PogoMetaMethodSite.callCurrent(PogoMetaMethodSite.java:61)
at org.codehaus.groovy.runtime.callsite.AbstractCallSite.callCurrent(AbstractCallSite.java:185)
at io.restassured.internal.ResponseSpecificationImpl.statusCode(ResponseSpecificationImpl.groovy:126)
at io.restassured.internal.ValidatableResponseOptionsImpl.statusCode(ValidatableResponseOptionsImpl.java:84)
at io.restassured.internal.ValidatableResponseImpl.super$2$statusCode(ValidatableResponseImpl.groovy)
at java.base/jdk.internal.reflect.NativeMethodAccessorImpl.invoke0(Native Method)
at java.base/jdk.internal.reflect.NativeMethodAccessorImpl.invoke(NativeMethodAccessorImpl.java:62)
at java.base/jdk.internal.reflect.DelegatingMethodAccessorImpl.invoke(DelegatingMethodAccessorImpl.java:43)
at java.base/java.lang.reflect.Method.invoke(Method.java:566)
at org.codehaus.groovy.reflection.CachedMethod.invoke(CachedMethod.java:107)
at groovy.lang.MetaMethod.doMethodInvoke(MetaMethod.java:323)
at groovy.lang.MetaClassImpl.invokeMethod(MetaClassImpl.java:1268)
at org.codehaus.groovy.runtime.ScriptBytecodeAdapter.invokeMethodOnSuperN(ScriptBytecodeAdapter.java:144)
at io.restassured.internal.ValidatableResponseImpl.statusCode(ValidatableResponseImpl.groovy:136)
at io.restassured.internal.ValidatableResponseImpl.statusCode(ValidatableResponseImpl.groovy)
at net.assuresign.scenario_4.Scenario_4_9.submitPrepare_DynamicJotBlockParsing_SpecifiedSchema_noValueForPages(Scenario_4_9.java:201)
at java.base/jdk.internal.reflect.NativeMethodAccessorImpl.invoke0(Native Method)
at java.base/jdk.internal.reflect.NativeMethodAccessorImpl.invoke(NativeMethodAccessorImpl.java:62)
at java.base/jdk.internal.reflect.DelegatingMethodAccessorImpl.invoke(DelegatingMethodAccessorImpl.java:43)
at java.base/java.lang.reflect.Method.invoke(Method.java:566)
at org.testng.internal.MethodInvocationHelper.invokeMethod(MethodInvocationHelper.java:133)
at org.testng.internal.TestInvoker.invokeMethod(TestInvoker.java:598)
at org.testng.internal.TestInvoker.invokeTestMethod(TestInvoker.java:173)
at org.testng.internal.MethodRunner.runInSequence(MethodRunner.java:46)
at org.testng.internal.TestInvoker$MethodInvocationAgent.invoke(TestInvoker.java:824)
at org.testng.internal.TestInvoker.invokeTestMethods(TestInvoker.java:146)
at org.testng.internal.TestMethodWorker.invokeTestMethods(TestMethodWorker.java:146)
at org.testng.internal.TestMethodWorker.run(TestMethodWorker.java:128)
at java.base/java.util.ArrayList.forEach(ArrayList.java:1540)
at org.testng.TestRunner.privateRun(TestRunner.java:794)
at org.testng.TestRunner.run(TestRunner.java:596)
at org.testng.SuiteRunner.runTest(SuiteRunner.java:377)
at org.testng.SuiteRunner.runSequentially(SuiteRunner.java:371)
at org.testng.SuiteRunner.privateRun(SuiteRunner.java:332)
at org.testng.SuiteRunner.run(SuiteRunner.java:276)
at org.testng.SuiteRunnerWorker.runSuite(SuiteRunnerWorker.java:53)
at org.testng.SuiteRunnerWorker.run(SuiteRunnerWorker.java:96)
at org.testng.TestNG.runSuitesSequentially(TestNG.java:1212)
at org.testng.TestNG.runSuitesLocally(TestNG.java:1134)
at org.testng.TestNG.runSuites(TestNG.java:1063)
at org.testng.TestNG.run(TestNG.java:1031)
at org.testng.remote.AbstractRemoteTestNG.run(AbstractRemoteTestNG.java:115)
at org.testng.remote.RemoteTestNG.initAndRun(RemoteTestNG.java:251)
at org.testng.remote.RemoteTestNG.main(RemoteTestNG.java:77)
]]>
            </full-stacktrace>
          </exception> <!-- java.lang.AssertionError -->
          <reporter-output>
          </reporter-output>
        </test-method> <!-- submitPrepare_DynamicJotBlockParsing_SpecifiedSchema_noValueForPages -->
        <test-method is-config="true" signature="tearDown(org.testng.ITestResult)[pri:0, instance:net.assuresign.scenario_4.Scenario_4_9@6d4e5011]" started-at="2021-05-05T00:03:11 IST" name="tearDown" finished-at="2021-05-05T00:03:11 IST" duration-ms="1" status="PASS">
          <params>
            <param index="0">
              <value>
                <![CDATA[[TestResult name=submitPrepare_DynamicJotBlockParsing_SpecifiedSchema_noValueForPages status=FAILURE method=Scenario_4_9.submitPrepare_DynamicJotBlockParsing_SpecifiedSchema_noValueForPages(java.lang.String)[pri:0, instance:net.assuresign.scenario_4.Scenario_4_9@6d4e5011] output={null}]]]>
              </value>
            </param>
          </params>
          <reporter-output>
          </reporter-output>
        </test-method> <!-- tearDown -->
        <test-method is-config="true" signature="reportUp(org.testng.ITestResult)[pri:0, instance:net.assuresign.scenario_4.Scenario_4_9@6d4e5011]" started-at="2021-05-05T00:03:11 IST" name="reportUp" finished-at="2021-05-05T00:03:11 IST" duration-ms="1" status="PASS">
          <params>
            <param index="0">
              <value>
                <![CDATA[[TestResult name={null} status=CREATED method=Scenario_4_9.submitPrepare_DynamicJotBlockParsing_SpecifiedSchema_parseDocFalse(java.lang.String)[pri:0, instance:net.assuresign.scenario_4.Scenario_4_9@6d4e5011] output={null}]]]>
              </value>
            </param>
          </params>
          <reporter-output>
          </reporter-output>
        </test-method> <!-- reportUp -->
        <test-method signature="submitPrepare_DynamicJotBlockParsing_SpecifiedSchema_parseDocFalse(java.lang.String)[pri:0, instance:net.assuresign.scenario_4.Scenario_4_9@6d4e5011]" started-at="2021-05-05T00:03:11 IST" name="submitPrepare_DynamicJotBlockParsing_SpecifiedSchema_parseDocFalse" data-provider="version-data-provider" finished-at="2021-05-05T00:03:53 IST" duration-ms="42695" status="PASS">
          <params>
            <param index="0">
              <value>
                <![CDATA[3.7]]>
              </value>
            </param>
          </params>
          <reporter-output>
          </reporter-output>
        </test-method> <!-- submitPrepare_DynamicJotBlockParsing_SpecifiedSchema_parseDocFalse -->
        <test-method is-config="true" signature="tearDown(org.testng.ITestResult)[pri:0, instance:net.assuresign.scenario_4.Scenario_4_9@6d4e5011]" started-at="2021-05-05T00:03:53 IST" name="tearDown" finished-at="2021-05-05T00:03:53 IST" duration-ms="1" status="PASS">
          <params>
            <param index="0">
              <value>
                <![CDATA[[TestResult name=submitPrepare_DynamicJotBlockParsing_SpecifiedSchema_parseDocFalse status=SUCCESS method=Scenario_4_9.submitPrepare_DynamicJotBlockParsing_SpecifiedSchema_parseDocFalse(java.lang.String)[pri:0, instance:net.assuresign.scenario_4.Scenario_4_9@6d4e5011] output={null}]]]>
              </value>
            </param>
          </params>
          <reporter-output>
          </reporter-output>
        </test-method> <!-- tearDown -->
        <test-method is-config="true" signature="reportUp(org.testng.ITestResult)[pri:0, instance:net.assuresign.scenario_4.Scenario_4_9@6d4e5011]" started-at="2021-05-05T00:03:53 IST" name="reportUp" finished-at="2021-05-05T00:03:53 IST" duration-ms="0" status="PASS">
          <params>
            <param index="0">
              <value>
                <![CDATA[[TestResult name={null} status=CREATED method=Scenario_4_9.submitPrepare_DynamicJotBlockParsing_SpecifiedSchema_withoutParseDoc(java.lang.String)[pri:0, instance:net.assuresign.scenario_4.Scenario_4_9@6d4e5011] output={null}]]]>
              </value>
            </param>
          </params>
          <reporter-output>
          </reporter-output>
        </test-method> <!-- reportUp -->
        <test-method signature="submitPrepare_DynamicJotBlockParsing_SpecifiedSchema_withoutParseDoc(java.lang.String)[pri:0, instance:net.assuresign.scenario_4.Scenario_4_9@6d4e5011]" started-at="2021-05-05T00:03:53 IST" name="submitPrepare_DynamicJotBlockParsing_SpecifiedSchema_withoutParseDoc" data-provider="version-data-provider" finished-at="2021-05-05T00:04:43 IST" duration-ms="49506" status="PASS">
          <params>
            <param index="0">
              <value>
                <![CDATA[3.7]]>
              </value>
            </param>
          </params>
          <reporter-output>
          </reporter-output>
        </test-method> <!-- submitPrepare_DynamicJotBlockParsing_SpecifiedSchema_withoutParseDoc -->
        <test-method is-config="true" signature="tearDown(org.testng.ITestResult)[pri:0, instance:net.assuresign.scenario_4.Scenario_4_9@6d4e5011]" started-at="2021-05-05T00:04:43 IST" name="tearDown" finished-at="2021-05-05T00:04:43 IST" duration-ms="0" status="PASS">
          <params>
            <param index="0">
              <value>
                <![CDATA[[TestResult name=submitPrepare_DynamicJotBlockParsing_SpecifiedSchema_withoutParseDoc status=SUCCESS method=Scenario_4_9.submitPrepare_DynamicJotBlockParsing_SpecifiedSchema_withoutParseDoc(java.lang.String)[pri:0, instance:net.assuresign.scenario_4.Scenario_4_9@6d4e5011] output={null}]]]>
              </value>
            </param>
          </params>
          <reporter-output>
          </reporter-output>
        </test-method> <!-- tearDown -->
        <test-method signature="submitPrepare_DynamicJotBlockParsing_getTemplteSchema_parseDocFalse(java.lang.String)[pri:0, instance:net.assuresign.scenario_4.Scenario_4_9@6d4e5011]" started-at="2021-05-05T00:04:43 IST" name="submitPrepare_DynamicJotBlockParsing_getTemplteSchema_parseDocFalse" data-provider="version-data-provider" finished-at="2021-05-05T00:04:58 IST" duration-ms="15273" status="PASS">
          <params>
            <param index="0">
              <value>
                <![CDATA[3.7]]>
              </value>
            </param>
          </params>
          <reporter-output>
          </reporter-output>
        </test-method> <!-- submitPrepare_DynamicJotBlockParsing_getTemplteSchema_parseDocFalse -->
        <test-method is-config="true" signature="reportUp(org.testng.ITestResult)[pri:0, instance:net.assuresign.scenario_4.Scenario_4_9@6d4e5011]" started-at="2021-05-05T00:04:43 IST" name="reportUp" finished-at="2021-05-05T00:04:43 IST" duration-ms="0" status="PASS">
          <params>
            <param index="0">
              <value>
                <![CDATA[[TestResult name={null} status=CREATED method=Scenario_4_9.submitPrepare_DynamicJotBlockParsing_getTemplteSchema_parseDocFalse(java.lang.String)[pri:0, instance:net.assuresign.scenario_4.Scenario_4_9@6d4e5011] output={null}]]]>
              </value>
            </param>
          </params>
          <reporter-output>
          </reporter-output>
        </test-method> <!-- reportUp -->
        <test-method is-config="true" signature="tearDown(org.testng.ITestResult)[pri:0, instance:net.assuresign.scenario_4.Scenario_4_9@6d4e5011]" started-at="2021-05-05T00:04:58 IST" name="tearDown" finished-at="2021-05-05T00:04:58 IST" duration-ms="2" status="PASS">
          <params>
            <param index="0">
              <value>
                <![CDATA[[TestResult name=submitPrepare_DynamicJotBlockParsing_getTemplteSchema_parseDocFalse status=SUCCESS method=Scenario_4_9.submitPrepare_DynamicJotBlockParsing_getTemplteSchema_parseDocFalse(java.lang.String)[pri:0, instance:net.assuresign.scenario_4.Scenario_4_9@6d4e5011] output={null}]]]>
              </value>
            </param>
          </params>
          <reporter-output>
          </reporter-output>
        </test-method> <!-- tearDown -->
        <test-method is-config="true" signature="reportUp(org.testng.ITestResult)[pri:0, instance:net.assuresign.scenario_4.Scenario_4_9@6d4e5011]" started-at="2021-05-05T00:04:58 IST" name="reportUp" finished-at="2021-05-05T00:04:58 IST" duration-ms="1" status="PASS">
          <params>
            <param index="0">
              <value>
                <![CDATA[[TestResult name={null} status=CREATED method=Scenario_4_9.submitPrepare_DynamicJotBlockParsing_parseDocTrue(java.lang.String)[pri:0, instance:net.assuresign.scenario_4.Scenario_4_9@6d4e5011] output={null}]]]>
              </value>
            </param>
          </params>
          <reporter-output>
          </reporter-output>
        </test-method> <!-- reportUp -->
        <test-method signature="submitPrepare_DynamicJotBlockParsing_parseDocTrue(java.lang.String)[pri:0, instance:net.assuresign.scenario_4.Scenario_4_9@6d4e5011]" started-at="2021-05-05T00:04:58 IST" name="submitPrepare_DynamicJotBlockParsing_parseDocTrue" data-provider="version-data-provider" finished-at="2021-05-05T00:05:33 IST" duration-ms="34457" status="PASS">
          <params>
            <param index="0">
              <value>
                <![CDATA[3.7]]>
              </value>
            </param>
          </params>
          <reporter-output>
          </reporter-output>
        </test-method> <!-- submitPrepare_DynamicJotBlockParsing_parseDocTrue -->
        <test-method is-config="true" signature="tearDown(org.testng.ITestResult)[pri:0, instance:net.assuresign.scenario_4.Scenario_4_9@6d4e5011]" started-at="2021-05-05T00:05:33 IST" name="tearDown" finished-at="2021-05-05T00:05:33 IST" duration-ms="0" status="PASS">
          <params>
            <param index="0">
              <value>
                <![CDATA[[TestResult name=submitPrepare_DynamicJotBlockParsing_parseDocTrue status=SUCCESS method=Scenario_4_9.submitPrepare_DynamicJotBlockParsing_parseDocTrue(java.lang.String)[pri:0, instance:net.assuresign.scenario_4.Scenario_4_9@6d4e5011] output={null}]]]>
              </value>
            </param>
          </params>
          <reporter-output>
          </reporter-output>
        </test-method> <!-- tearDown -->
        <test-method is-config="true" signature="reportUp(org.testng.ITestResult)[pri:0, instance:net.assuresign.scenario_4.Scenario_4_9@6d4e5011]" started-at="2021-05-05T00:05:33 IST" name="reportUp" finished-at="2021-05-05T00:05:33 IST" duration-ms="1" status="PASS">
          <params>
            <param index="0">
              <value>
                <![CDATA[[TestResult name={null} status=CREATED method=Scenario_4_9.submitPrepare_DynamicJotBlockParsing_parseDocumentTrueJotblockOnMultipleDoc(java.lang.String)[pri:0, instance:net.assuresign.scenario_4.Scenario_4_9@6d4e5011] output={null}]]]>
              </value>
            </param>
          </params>
          <reporter-output>
          </reporter-output>
        </test-method> <!-- reportUp -->
        <test-method signature="submitPrepare_DynamicJotBlockParsing_parseDocumentTrueJotblockOnMultipleDoc(java.lang.String)[pri:0, instance:net.assuresign.scenario_4.Scenario_4_9@6d4e5011]" started-at="2021-05-05T00:05:33 IST" name="submitPrepare_DynamicJotBlockParsing_parseDocumentTrueJotblockOnMultipleDoc" data-provider="version-data-provider" finished-at="2021-05-05T00:06:07 IST" duration-ms="34505" status="PASS">
          <params>
            <param index="0">
              <value>
                <![CDATA[3.7]]>
              </value>
            </param>
          </params>
          <reporter-output>
          </reporter-output>
        </test-method> <!-- submitPrepare_DynamicJotBlockParsing_parseDocumentTrueJotblockOnMultipleDoc -->
        <test-method is-config="true" signature="tearDown(org.testng.ITestResult)[pri:0, instance:net.assuresign.scenario_4.Scenario_4_9@6d4e5011]" started-at="2021-05-05T00:06:07 IST" name="tearDown" finished-at="2021-05-05T00:06:07 IST" duration-ms="0" status="PASS">
          <params>
            <param index="0">
              <value>
                <![CDATA[[TestResult name=submitPrepare_DynamicJotBlockParsing_parseDocumentTrueJotblockOnMultipleDoc status=SUCCESS method=Scenario_4_9.submitPrepare_DynamicJotBlockParsing_parseDocumentTrueJotblockOnMultipleDoc(java.lang.String)[pri:0, instance:net.assuresign.scenario_4.Scenario_4_9@6d4e5011] output={null}]]]>
              </value>
            </param>
          </params>
          <reporter-output>
          </reporter-output>
        </test-method> <!-- tearDown -->
        <test-method is-config="true" signature="reportUp(org.testng.ITestResult)[pri:0, instance:net.assuresign.scenario_4.Scenario_4_9@6d4e5011]" started-at="2021-05-05T00:06:07 IST" name="reportUp" finished-at="2021-05-05T00:06:07 IST" duration-ms="1" status="PASS">
          <params>
            <param index="0">
              <value>
                <![CDATA[[TestResult name={null} status=CREATED method=Scenario_4_9.submitPrepare_getTemplateSchema_DynamicJotBlockParsing_(java.lang.String)[pri:0, instance:net.assuresign.scenario_4.Scenario_4_9@6d4e5011] output={null}]]]>
              </value>
            </param>
          </params>
          <reporter-output>
          </reporter-output>
        </test-method> <!-- reportUp -->
        <test-method signature="submitPrepare_getTemplateSchema_DynamicJotBlockParsing_(java.lang.String)[pri:0, instance:net.assuresign.scenario_4.Scenario_4_9@6d4e5011]" started-at="2021-05-05T00:06:07 IST" name="submitPrepare_getTemplateSchema_DynamicJotBlockParsing_" data-provider="version-data-provider" finished-at="2021-05-05T00:06:21 IST" duration-ms="13766" status="PASS">
          <params>
            <param index="0">
              <value>
                <![CDATA[3.7]]>
              </value>
            </param>
          </params>
          <reporter-output>
          </reporter-output>
        </test-method> <!-- submitPrepare_getTemplateSchema_DynamicJotBlockParsing_ -->
        <test-method is-config="true" signature="tearDown(org.testng.ITestResult)[pri:0, instance:net.assuresign.scenario_4.Scenario_4_9@6d4e5011]" started-at="2021-05-05T00:06:21 IST" name="tearDown" finished-at="2021-05-05T00:06:21 IST" duration-ms="3" status="PASS">
          <params>
            <param index="0">
              <value>
                <![CDATA[[TestResult name=submitPrepare_getTemplateSchema_DynamicJotBlockParsing_ status=SUCCESS method=Scenario_4_9.submitPrepare_getTemplateSchema_DynamicJotBlockParsing_(java.lang.String)[pri:0, instance:net.assuresign.scenario_4.Scenario_4_9@6d4e5011] output={null}]]]>
              </value>
            </param>
          </params>
          <reporter-output>
          </reporter-output>
        </test-method> <!-- tearDown -->
        <test-method is-config="true" signature="reportUp(org.testng.ITestResult)[pri:0, instance:net.assuresign.scenario_4.Scenario_4_9@6d4e5011]" started-at="2021-05-05T00:06:21 IST" name="reportUp" finished-at="2021-05-05T00:06:21 IST" duration-ms="1" status="PASS">
          <params>
            <param index="0">
              <value>
                <![CDATA[[TestResult name={null} status=CREATED method=Scenario_4_9.submit_DynamicJotBlockParsing_SpecifiedSchema(java.lang.String)[pri:0, instance:net.assuresign.scenario_4.Scenario_4_9@6d4e5011] output={null}]]]>
              </value>
            </param>
          </params>
          <reporter-output>
          </reporter-output>
        </test-method> <!-- reportUp -->
        <test-method signature="submit_DynamicJotBlockParsing_SpecifiedSchema(java.lang.String)[pri:0, instance:net.assuresign.scenario_4.Scenario_4_9@6d4e5011]" started-at="2021-05-05T00:06:21 IST" name="submit_DynamicJotBlockParsing_SpecifiedSchema" data-provider="version-data-provider" finished-at="2021-05-05T00:07:05 IST" duration-ms="43650" status="PASS">
          <params>
            <param index="0">
              <value>
                <![CDATA[3.7]]>
              </value>
            </param>
          </params>
          <reporter-output>
          </reporter-output>
        </test-method> <!-- submit_DynamicJotBlockParsing_SpecifiedSchema -->
        <test-method is-config="true" signature="tearDown(org.testng.ITestResult)[pri:0, instance:net.assuresign.scenario_4.Scenario_4_9@6d4e5011]" started-at="2021-05-05T00:07:05 IST" name="tearDown" finished-at="2021-05-05T00:07:05 IST" duration-ms="3" status="PASS">
          <params>
            <param index="0">
              <value>
                <![CDATA[[TestResult name=submit_DynamicJotBlockParsing_SpecifiedSchema status=SUCCESS method=Scenario_4_9.submit_DynamicJotBlockParsing_SpecifiedSchema(java.lang.String)[pri:0, instance:net.assuresign.scenario_4.Scenario_4_9@6d4e5011] output={null}]]]>
              </value>
            </param>
          </params>
          <reporter-output>
          </reporter-output>
        </test-method> <!-- tearDown -->
      </class> <!-- net.assuresign.scenario_4.Scenario_4_9 -->
    </test> <!-- Test -->
  </suite> <!-- Suite -->
</testng-results>
