<?xml version="1.0" encoding="UTF-8"?>
<testng-results ignored="1" total="2" passed="1" failed="0" skipped="0">
  <reporter-output>
  </reporter-output>
  <suite started-at="2021-04-14T10:03:45 IST" name="Suite" finished-at="2021-04-14T10:05:33 IST" duration-ms="107998">
    <groups>
    </groups>
    <test started-at="2021-04-14T10:03:45 IST" name="Test" finished-at="2021-04-14T10:05:33 IST" duration-ms="107998">
      <class name="net.assuresign.scenario_3.Scenario_3_8">
        <test-method is-config="true" signature="reportUp(org.testng.ITestResult)[pri:0, instance:net.assuresign.scenario_3.Scenario_3_8@4d5b6aac]" started-at="2021-04-14T10:03:45 IST" name="reportUp" finished-at="2021-04-14T10:03:45 IST" duration-ms="7" status="PASS">
          <params>
            <param index="0">
              <value>
                <![CDATA[[TestResult name={null} status=CREATED method=Scenario_3_8.submitHybridCallDeprecated(java.lang.String)[pri:0, instance:net.assuresign.scenario_3.Scenario_3_8@4d5b6aac] output={null}]]]>
              </value>
            </param>
          </params>
          <reporter-output>
          </reporter-output>
        </test-method> <!-- reportUp -->
        <test-method signature="submitHybridCallDeprecated(java.lang.String)[pri:0, instance:net.assuresign.scenario_3.Scenario_3_8@4d5b6aac]" started-at="2021-04-14T10:03:45 IST" name="submitHybridCallDeprecated" data-provider="version-data-provider" finished-at="2021-04-14T10:05:33 IST" duration-ms="107708" status="PASS">
          <params>
            <param index="0">
              <value>
                <![CDATA[3.7]]>
              </value>
            </param>
          </params>
          <reporter-output>
          </reporter-output>
        </test-method> <!-- submitHybridCallDeprecated -->
        <test-method is-config="true" signature="tearDown(org.testng.ITestResult)[pri:0, instance:net.assuresign.scenario_3.Scenario_3_8@4d5b6aac]" started-at="2021-04-14T10:05:33 IST" name="tearDown" finished-at="2021-04-14T10:05:33 IST" duration-ms="4" status="PASS">
          <params>
            <param index="0">
              <value>
                <![CDATA[[TestResult name=submitHybridCallDeprecated status=SUCCESS method=Scenario_3_8.submitHybridCallDeprecated(java.lang.String)[pri:0, instance:net.assuresign.scenario_3.Scenario_3_8@4d5b6aac] output={null}]]]>
              </value>
            </param>
          </params>
          <reporter-output>
          </reporter-output>
        </test-method> <!-- tearDown -->
      </class> <!-- net.assuresign.scenario_3.Scenario_3_8 -->
    </test> <!-- Test -->
  </suite> <!-- Suite -->
</testng-results>
