<?xml version="1.0" encoding="UTF-8"?>
<testng-results ignored="0" total="11" passed="9" failed="2" skipped="0">
  <reporter-output>
  </reporter-output>
  <suite started-at="2021-05-25T12:00:43 IST" name="Suite" finished-at="2021-05-25T12:03:21 IST" duration-ms="157855">
    <groups>
    </groups>
    <test started-at="2021-05-25T12:00:43 IST" name="Test" finished-at="2021-05-25T12:03:21 IST" duration-ms="157855">
      <class name="net.assuresign.scenario_13.Scenario_13">
        <test-method is-config="true" signature="reportUp(org.testng.ITestResult)[pri:0, instance:net.assuresign.scenario_13.Scenario_13@73700b80]" started-at="2021-05-25T12:00:43 IST" name="reportUp" finished-at="2021-05-25T12:00:43 IST" duration-ms="6" status="PASS">
          <params>
            <param index="0">
              <value>
                <![CDATA[[TestResult name={null} status=CREATED method=Scenario_13.submitPrepare_documents(java.lang.String)[pri:0, instance:net.assuresign.scenario_13.Scenario_13@73700b80] output={null}]]]>
              </value>
            </param>
          </params>
          <reporter-output>
          </reporter-output>
        </test-method> <!-- reportUp -->
        <test-method signature="submitPrepare_documents(java.lang.String)[pri:0, instance:net.assuresign.scenario_13.Scenario_13@73700b80]" started-at="2021-05-25T12:00:43 IST" name="submitPrepare_documents" data-provider="version-data-provider" finished-at="2021-05-25T12:00:59 IST" duration-ms="15896" status="PASS">
          <params>
            <param index="0">
              <value>
                <![CDATA[3.7]]>
              </value>
            </param>
          </params>
          <reporter-output>
          </reporter-output>
        </test-method> <!-- submitPrepare_documents -->
        <test-method is-config="true" signature="tearDown(org.testng.ITestResult)[pri:0, instance:net.assuresign.scenario_13.Scenario_13@73700b80]" started-at="2021-05-25T12:00:59 IST" name="tearDown" finished-at="2021-05-25T12:00:59 IST" duration-ms="3" status="PASS">
          <params>
            <param index="0">
              <value>
                <![CDATA[[TestResult name=submitPrepare_documents status=SUCCESS method=Scenario_13.submitPrepare_documents(java.lang.String)[pri:0, instance:net.assuresign.scenario_13.Scenario_13@73700b80] output={null}]]]>
              </value>
            </param>
          </params>
          <reporter-output>
          </reporter-output>
        </test-method> <!-- tearDown -->
        <test-method is-config="true" signature="reportUp(org.testng.ITestResult)[pri:0, instance:net.assuresign.scenario_13.Scenario_13@73700b80]" started-at="2021-05-25T12:00:59 IST" name="reportUp" finished-at="2021-05-25T12:00:59 IST" duration-ms="0" status="PASS">
          <params>
            <param index="0">
              <value>
                <![CDATA[[TestResult name={null} status=CREATED method=Scenario_13.submitPrepare_documentsEmptyID(java.lang.String)[pri:0, instance:net.assuresign.scenario_13.Scenario_13@73700b80] output={null}]]]>
              </value>
            </param>
          </params>
          <reporter-output>
          </reporter-output>
        </test-method> <!-- reportUp -->
        <test-method signature="submitPrepare_documentsEmptyID(java.lang.String)[pri:0, instance:net.assuresign.scenario_13.Scenario_13@73700b80]" started-at="2021-05-25T12:00:59 IST" name="submitPrepare_documentsEmptyID" data-provider="version-data-provider" finished-at="2021-05-25T12:01:05 IST" duration-ms="5665" status="PASS">
          <params>
            <param index="0">
              <value>
                <![CDATA[3.7]]>
              </value>
            </param>
          </params>
          <reporter-output>
          </reporter-output>
        </test-method> <!-- submitPrepare_documentsEmptyID -->
        <test-method is-config="true" signature="tearDown(org.testng.ITestResult)[pri:0, instance:net.assuresign.scenario_13.Scenario_13@73700b80]" started-at="2021-05-25T12:01:05 IST" name="tearDown" finished-at="2021-05-25T12:01:05 IST" duration-ms="1" status="PASS">
          <params>
            <param index="0">
              <value>
                <![CDATA[[TestResult name=submitPrepare_documentsEmptyID status=SUCCESS method=Scenario_13.submitPrepare_documentsEmptyID(java.lang.String)[pri:0, instance:net.assuresign.scenario_13.Scenario_13@73700b80] output={null}]]]>
              </value>
            </param>
          </params>
          <reporter-output>
          </reporter-output>
        </test-method> <!-- tearDown -->
        <test-method signature="submitPrepare_documentsInvalidID(java.lang.String)[pri:0, instance:net.assuresign.scenario_13.Scenario_13@73700b80]" started-at="2021-05-25T12:01:05 IST" name="submit