<?xml version="1.0" encoding="UTF-8"?>
<testng-results ignored="2" total="136" passed="122" failed="12" skipped="0">
  <reporter-output>
  </reporter-output>
  <suite started-at="2021-04-15T10:19:18 IST" name="Suite" finished-at="2021-04-15T10:50:57 IST" duration-ms="1899065">
    <groups>
    </groups>
    <test started-at="2021-04-15T10:19:18 IST" name="Test" finished-at="2021-04-15T10:50:57 IST" duration-ms="1899065">
      <class name="net.assuresign.scenario_4.Scenario_4_3">
        <test-method is-config="true" signature="reportUp(org.testng.ITestResult)[pri:0, instance:net.assuresign.scenario_4.Scenario_4_3@6892b3b6]" started-at="2021-04-15T10:27:05 IST" name="reportUp" finished-at="2021-04-15T10:27:05 IST" duration-ms="0" status="PASS">
          <params>
            <param index="0">
              <value>
                <![CDATA[[TestResult name={null} status=CREATED method=Scenario_4_3.submitPrepare_WithDifferentFileType(java.lang.String)[pri:0, instance:net.assuresign.scenario_4.Scenario_4_3@6892b3b6] output={null}]]]>
              </value>
            </param>
          </params>
          <reporter-output>
          </reporter-output>
        </test-method> <!-- reportUp -->
        <test-method signature="submitPrepare_WithDifferentFileType(java.lang.String)[pri:0, instance:net.assuresign.scenario_4.Scenario_4_3@6892b3b6]" started-at="2021-04-15T10:27:05 IST" name="submitPrepare_WithDifferentFileType" data-provider="version-data-provider" finished-at="2021-04-15T10:27:30 IST" duration-ms="24627" status="PASS">
          <params>
            <param index="0">
              <value>
                <![CDATA[3.7]]>
              </value>
            </param>
          </params>
          <reporter-output>
          </reporter-output>
        </test-method> <!-- submitPrepare_WithDifferentFileType -->
        <test-method is-config="true" signature="tearDown(org.testng.ITestResult)[pri:0, instance:net.assuresign.scenario_4.Scenario_4_3@6892b3b6]" started-at="2021-04-15T10:27:30 IST" name="tearDown" finished-at="2021-04-15T10:27:30 IST" duration-ms="0" status="PASS">
          <params>
            <param index="0">
              <value>
                <![CDATA[[TestResult name=submitPrepare_WithDifferentFileType status=SUCCESS method=Scenario_4_3.submitPrepare_WithDifferentFileType(java.lang.String)[pri:0, instance:net.assuresign.scenario_4.Scenario_4_3@6892b3b6] output={null}]]]>
              </value>
            </param>
          </params>
          <reporter-output>
          </reporter-output>
        </test-method> <!-- tearDown -->
        <test-method is-config="true" signature="reportUp(org.testng.ITestResult)[pri:0, instance:net.assuresign.scenario_4.Scenario_4_3@6892b3b6]" started-at="2021-04-15T10:27:30 IST" name="reportUp" finished-at="2021-04-15T10:27:30 IST" duration-ms="0" status="PASS">
          <params>
            <param index="0">
              <value>
                <![CDATA[[TestResult name={null} status=CREATED method=Scenario_4_3.submit_WithDifferentFileType(java.lang.String)[pri:0, instance:net.assuresign.scenario_4.Scenario_4_3@6892b3b6] output={null}]]]>
              </value>
            </param>
          </params>
          <reporter-output>
          </reporter-output>
        </test-method> <!-- reportUp -->
        <test-method signature="submit_WithDifferentFileType(java.lang.String)[pri:0, instance:net.assuresign.scenario_4.Scenario_4_3@6892b3b6]" started-at="2021-04-15T10:27:30 IST" name="submit_WithDifferentFileType" data-provider="version-data-provider" finished-at="2021-04-15T10:28:09 IST" duration-ms="38723" status="PASS">
          <params>
            <param index="0">
              <value>
                <![CDATA[3.7]]>
              </value>
            </param>
          </params>
          <reporter-output>
          </reporter-output>
        </test-method> <!-- submit_WithDifferentFileType -->
        <test-method is-config="true" signature="tearDown(org.testng.ITestResult)[pri:0, instance:net.assuresign.scenario_4.Scenario_4_3@6892b3b6]" started-at="2021-04-15T10:28:09 IST" name="tearDown" finished-at="2021-04-15T10:28:09 IST" duration-ms="1" status="PASS">
          <params>
            <param index="0">
              <value>
                <![CDATA[[TestResult name=submit_WithDifferentFileType status=SUCCESS method=Scenario_4_3.submit_WithDifferentFileType(java.lang.String)[pri:0, instance:net.assuresign.scenario_4.Scenario_4_3@6892b3b6] output={null}]]]>
              </value>
            </param>
          </params>
          <reporter-output>
          </reporter-output>
        </test-method> <!-- tearDown -->
      </class> <!-- net.assuresign.scenario_4.Scenario_4_3 -->
      <class name="net.assuresign.scenario_3.Scenario_3_4">
        <test-method is-config="true" signature="reportUp(org.testng.ITestResult)[pri:0, instance:net.assuresign.scenario_3.Scenario_3_4@740cae06]" started-at="2021-04-15T10:21:24 IST" name="reportUp" finished-at="2021-04-15T10:21:24 IST" duration-ms="1" status="PASS">
          <params>
            <param index="0">
              <value>
                <![CDATA[[TestResult name={null} status=CREATED method=Scenario_3_4.submit_DifferentFileType(java.lang.String)[pri:0, instance:net.assuresign.scenario_3.Scenario_3_4@740cae06] output={null}]]]>
              </value>
            </param>
          </params>
          <reporter-output>
          </reporter-output>
        </test-method> <!-- reportUp -->
        <test-method signature="submit_DifferentFileType(java.lang.String)[pri:0, instance:net.assuresign.scenario_3.Scenario_3_4@740cae06]" started-at="2021-04-15T10:21:24 IST" name="submit_DifferentFileType" data-provider="version-data-provider" finished-at="2021-04-15T10:22:05 IST" duration-ms="41608" status="PASS">
          <params>
            <param index="0">
              <value>
                <![CDATA[3.7]]>
              </value>
            </param>
          </params>
          <reporter-output>
          </reporter-output>
        </test-method> <!-- submit_DifferentFileType -->
        <test-method is-config="true" signature="tearDown(org.testng.ITestResult)[pri:0, instance:net.assuresign.scenario_3.Scenario_3_4@740cae06]" started-at="2021-04-15T10:22:05 IST" name="tearDown" finished-at="2021-04-15T10:22:05 IST" duration-ms="0" status="PASS">
          <params>
            <param index="0">
              <value>
                <![CDATA[[TestResult name=submit_DifferentFileType status=SUCCESS method=Scenario_3_4.submit_DifferentFileType(java.lang.String)[pri:0, instance:net.assuresign.scenario_3.Scenario_3_4@740cae06] output={null}]]]>
              </value>
            </param>
          </params>
          <reporter-output>
          </reporter-output>
        </test-method> <!-- tearDown -->
        <test-method signature="submit_HybridCallDifferentFileType(java.lang.String)[pri:0, instance:net.assuresign.scenario_3.Scenario_3_4@740cae06]" started-at="2021-04-15T10:22:05 IST" name="submit_HybridCallDifferentFileType" data-provider="version-data-provider" finished-at="2021-04-15T10:22:41 IST" duration-ms="35175" status="PASS">
          <params>
            <param index="0">
              <value>
                <![CDATA[3.7]]>
              </value>
            </param>
          </params>
          <reporter-output>
          </reporter-output>
        </test-method> <!-- submit_HybridCallDifferentFileType -->
        <test-method is-config="true" signature="reportUp(org.testng.ITestResult)[pri:0, instance:net.assuresign.scenario_3.Scenario_3_4@740cae06]" started-at="2021-04-15T10:22:05 IST" name="reportUp" finished-at="2021-04-15T10:22:05 IST" duration-ms="0" status="PASS">
          <params>
            <param index="0">
              <value>
                <![CDATA[[TestResult name={null} status=CREATED method=Scenario_3_4.submit_HybridCallDifferentFileType(java.lang.String)[pri:0, instance:net.assuresign.scenario_3.Scenario_3_4@740cae06] output={null}]]]>
              </value>
            </param>
          </params>
          <reporter-output>
          </reporter-output>
        </test-method> <!-- reportUp -->
        <test-method is-config="true" signature="tearDown(org.testng.ITestResult)[pri:0, instance:net.assuresign.scenario_3.Scenario_3_4@740cae06]" started-at="2021-04-15T10:22:41 IST" name="tearDown" finished-at="2021-04-15T10:22:41 IST" duration-ms="1" status="PASS">
          <params>
            <param index="0">
              <value>
                <![CDATA[[TestResult name=submit_HybridCallDifferentFileType status=SUCCESS method=Scenario_3_4.submit_HybridCallDifferentFileType(java.lang.String)[pri:0, instance:net.assuresign.scenario_3.Scenario_3_4@740cae06] output={null}]]]>
              </value>
            </param>
          </params>
          <reporter-output>
          </reporter-output>
        </test-method> <!-- tearDown -->
        <test-method is-config="true" signature="reportUp(org.testng.ITestResult)[pri:0, instance:net.assuresign.scenario_3.Scenario_3_4@740cae06]" started-at="2021-04-15T10:22:41 IST" name="reportUp" finished-at="2021-04-15T10:22:41 IST" duration-ms="1" status="PASS">
          <params>
            <param index="0">
              <value>
                <![CDATA[[TestResult name={null} status=CREATED method=Scenario_3_4.submit_HybridCallDifferentFileTypeIncorrect(java.lang.String)[pri:0, instance:net.assuresign.scenario_3.Scenario_3_4@740cae06] output={null}]]]>
              </value>
            </param>
          </params>
          <reporter-output>
          </reporter-output>
        </test-method> <!-- reportUp -->
        <test-method signature="submit_HybridCallDifferentFileTypeIncorrect(java.lang.String)[pri:0, instance:net.assuresign.scenario_3.Scenario_3_4@740cae06]" started-at="2021-04-15T10:22:41 IST" name="submit_HybridCallDifferentFileTypeIncorrect" data-provider="version-data-provider" finished-at="2021-04-15T10:22:48 IST" duration-ms="7218" status="PASS">
          <params>
            <param index="0">
              <value>
                <![CDATA[3.7]]>
              </value>
            </param>
          </params>
          <reporter-output>
          </reporter-output>
        </test-method> <!-- submit_HybridCallDifferentFileTypeIncorrect -->
        <test-method is-config="true" signature="tearDown(org.testng.ITestResult)[pri:0, instance:net.assuresign.scenario_3.Scenario_3_4@740cae06]" started-at="2021-04-15T10:22:48 IST" name="tearDown" finished-at="2021-04-15T10:22:48 IST" duration-ms="1" status="PASS">
          <params>
            <param index="0">
              <value>
                <![CDATA[[TestResult name=submit_HybridCallDifferentFileTypeIncorrect status=SUCCESS method=Scenario_3_4.submit_HybridCallDifferentFileTypeIncorrect(java.lang.String)[pri:0, instance:net.assuresign.scenario_3.Scenario_3_4@740cae06] output={null}]]]>
              </value>
            </param>
          </params>
          <reporter-output>
          </reporter-output>
        </test-method> <!-- tearDown -->
      </class> <!-- net.assuresign.scenario_3.Scenario_3_4 -->
      <class name="net.assuresign.scenario_4.Scenario_4_2">
        <test-method is-config="true" signature="reportUp(org.testng.ITestResult)[pri:0, instance:net.assuresign.scenario_4.Scenario_4_2@11392934]" started-at="2021-04-15T10:26:56 IST" name="reportUp" finished-at="2021-04-15T10:26:56 IST" duration-ms="0" status="PASS">
          <params>
            <param index="0">
              <value>
                <![CDATA[[TestResult name={null} status=CREATED method=Scenario_4_2.submitPrepare_WithDelayedStep(java.lang.String)[pri:0, instance:net.assuresign.scenario_4.Scenario_4_2@11392934] output={null}]]]>
              </value>
            </param>
          </params>
          <reporter-output>
          </reporter-output>
        </test-method> <!-- reportUp -->
        <test-method signature="submitPrepare_WithDelayedStep(java.lang.String)[pri:0, instance:net.assuresign.scenario_4.Scenario_4_2@11392934]" started-at="2021-04-15T10:26:56 IST" name="submitPrepare_WithDelayedStep" data-provider="version-data-provider" finished-at="2021-04-15T10:27:05 IST" duration-ms="9706" status="PASS">
          <params>
            <param index="0">
              <value>
                <![CDATA[3.7]]>
              </value>
            </param>
          </params>
          <reporter-output>
          </reporter-output>
        </test-method> <!-- submitPrepare_WithDelayedStep -->
        <test-method is-config="true" signature="tearDown(org.testng.ITestResult)[pri:0, instance:net.assuresign.scenario_4.Scenario_4_2@11392934]" started-at="2021-04-15T10:27:05 IST" name="tearDown" finished-at="2021-04-15T10:27:05 IST" duration-ms="0" status="PASS">
          <params>
            <param index="0">
              <value>
                <![CDATA[[TestResult name=submitPrepare_WithDelayedStep status=SUCCESS method=Scenario_4_2.submitPrepare_WithDelayedStep(java.lang.String)[pri:0, instance:net.assuresign.scenario_4.Scenario_4_2@11392934] output={null}]]]>
              </value>
            </param>
          </params>
          <reporter-output>
          </reporter-output>
        </test-method> <!-- tearDown -->
      </class> <!-- net.assuresign.scenario_4.Scenario_4_2 -->
      <class name="net.assuresign.scenario_3.Scenario_3_3">
        <test-method is-config="true" signature="reportUp(org.testng.ITestResult)[pri:0, instance:net.assuresign.scenario_3.Scenario_3_3@2a7f1f10]" started-at="2021-04-15T10:20:08 IST" name="reportUp" finished-at="2021-04-15T10:20:08 IST" duration-ms="0" status="PASS">
          <params>
            <param index="0">
              <value>
                <![CDATA[[TestResult name={null} status=CREATED method=Scenario_3_3.submit_LargeFile(java.lang.String)[pri:0, instance:net.assuresign.scenario_3.Scenario_3_3@2a7f1f10] output={null}]]]>
              </value>
            </param>
          </params>
          <reporter-output>
          </reporter-output>
        </test-method> <!-- reportUp -->
        <test-method signature="submit_LargeFile(java.lang.String)[pri:0, instance:net.assuresign.scenario_3.Scenario_3_3@2a7f1f10]" started-at="2021-04-15T10:20:08 IST" name="submit_LargeFile" data-provider="version-data-provider" finished-at="2021-04-15T10:21:04 IST" duration-ms="56691" status="PASS">
          <params>
            <param index="0">
              <value>
                <![CDATA[3.7]]>
              </value>
            </param>
          </params>
          <reporter-output>
          </reporter-output>
        </test-method> <!-- submit_LargeFile -->
        <test-method is-config="true" signature="tearDown(org.testng.ITestResult)[pri:0, instance:net.assuresign.scenario_3.Scenario_3_3@2a7f1f10]" started-at="2021-04-15T10:21:04 IST" name="tearDown" finished-at="2021-04-15T10:21:04 IST" duration-ms="1" status="PASS">
          <params>
            <param index="0">
              <value>
                <![CDATA[[TestResult name=submit_LargeFile status=SUCCESS method=Scenario_3_3.submit_LargeFile(java.lang.String)[pri:0, instance:net.assuresign.scenario_3.Scenario_3_3@2a7f1f10] output={null}]]]>
              </value>
            </param>
          </params>
          <reporter-output>
          </reporter-output>
        </test-method> <!-- tearDown -->
        <test-method is-config="true" signature="reportUp(org.testng.ITestResult)[pri:0, instance:net.assuresign.scenario_3.Scenario_3_3@2a7f1f10]" started-at="2021-04-15T10:21:04 IST" name="reportUp" finished-at="2021-04-15T10:21:04 IST" duration-ms="1" status="PASS">
          <params>
            <param index="0">
              <value>
                <![CDATA[[TestResult name={null} status=CREATED method=Scenario_3_3.submit_SSTemplateLargeFile(java.lang.String)[pri:0, instance:net.assuresign.scenario_3.Scenario_3_3@2a7f1f10] output={null}]]]>
              </value>
            </param>
          </params>
          <reporter-output>
          </reporter-output>
        </test-method> <!-- reportUp -->
        <test-method signature="submit_SSTemplateLargeFile(java.lang.String)[pri:0, instance:net.assuresign.scenario_3.Scenario_3_3@2a7f1f10]" started-at="2021-04-15T10:21:04 IST" name="submit_SSTemplateLargeFile" data-provider="version-data-provider" finished-at="2021-04-15T10:21:24 IST" duration-ms="19450" status="PASS">
          <params>
            <param index="0">
              <value>
                <![CDATA[3.7]]>
              </value>
            </param>
          </params>
          <reporter-output>
          </reporter-output>
        </test-method> <!-- submit_SSTemplateLargeFile -->
        <test-method is-config="true" signature="tearDown(org.testng.ITestResult)[pri:0, instance:net.assuresign.scenario_3.Scenario_3_3@2a7f1f10]" started-at="2021-04-15T10:21:24 IST" name="tearDown" finished-at="2021-04-15T10:21:24 IST" duration-ms="2" status="PASS">
          <params>
            <param index="0">
              <value>
                <![CDATA[[TestResult name=submit_SSTemplateLargeFile status=SUCCESS method=Scenario_3_3.submit_SSTemplateLargeFile(java.lang.String)[pri:0, instance:net.assuresign.scenario_3.Scenario_3_3@2a7f1f10] output={null}]]]>
              </value>
            </param>
          </params>
          <reporter-output>
          </reporter-output>
        </test-method> <!-- tearDown -->
      </class> <!-- net.assuresign.scenario_3.Scenario_3_3 -->
      <class name="net.assuresign.scenario_7.Scenario_7">
        <test-method is-config="true" signature="reportUp(org.testng.ITestResult)[pri:0, instance:net.assuresign.scenario_7.Scenario_7@8f2ef19]" started-at="2021-04-15T10:39:29 IST" name="reportUp" finished-at="2021-04-15T10:39:29 IST" duration-ms="0" status="PASS">
          <params>
            <param index="0">
              <value>
                <![CDATA[[TestResult name={null} status=CREATED method=Scenario_7.listsAccounts_EmptyUsername(java.lang.String)[pri:0, instance:net.assuresign.scenario_7.Scenario_7@8f2ef19] output={null}]]]>
              </value>
            </param>
          </params>
          <reporter-output>
          </reporter-output>
        </test-method> <!-- reportUp -->
        <test-method signature="listsAccounts_EmptyUsername(java.lang.String)[pri:0, instance:net.assuresign.scenario_7.Scenario_7@8f2ef19]" started-at="2021-04-15T10:39:29 IST" name="listsAccounts_EmptyUsername" data-provider="version-data-provider" finished-at="2021-04-15T10:39:33 IST" duration-ms="4477" status="FAIL">
          <params>
            <param index="0">
              <value>
                <![CDATA[3.7]]>
              </value>
            </param>
          </params>
          <exception class="java.lang.AssertionError">
            <message>
              <![CDATA[1 expectation failed.
Expected status code (<400> or <404>) but was <200>.
]]>
            </message>
            <full-stacktrace>
              <![CDATA[java.lang.AssertionError: 1 expectation failed.
Expected status code (<400> or <404>) but was <200>.

at java.base/jdk.internal.reflect.NativeConstructorAccessorImpl.newInstance0(Native Method)
at java.base/jdk.internal.reflect.NativeConstructorAccessorImpl.newInstance(NativeConstructorAccessorImpl.java:62)
at java.base/jdk.internal.reflect.DelegatingConstructorAccessorImpl.newInstance(DelegatingConstructorAccessorImpl.java:45)
at java.base/java.lang.reflect.Constructor.newInstance(Constructor.java:490)
at org.codehaus.groovy.reflection.CachedConstructor.invoke(CachedConstructor.java:72)
at org.codehaus.groovy.reflection.CachedConstructor.doConstructorInvoke(CachedConstructor.java:59)
at org.codehaus.groovy.runtime.callsite.ConstructorSite$ConstructorSiteNoUnwrap.callConstructor(ConstructorSite.java:84)
at org.codehaus.groovy.runtime.callsite.AbstractCallSite.callConstructor(AbstractCallSite.java:277)
at io.restassured.internal.ResponseSpecificationImpl$HamcrestAssertionClosure.validate(ResponseSpecificationImpl.groovy:493)
at io.restassured.internal.ResponseSpecificationImpl$HamcrestAssertionClosure$validate$1.call(Unknown Source)
at io.restassured.internal.ResponseSpecificationImpl.validateResponseIfRequired(ResponseSpecificationImpl.groovy:674)
at jdk.internal.reflect.GeneratedMethodAccessor69.invoke(Unknown Source)
at java.base/jdk.internal.reflect.DelegatingMethodAccessorImpl.invoke(DelegatingMethodAccessorImpl.java:43)
at java.base/java.lang.reflect.Method.invoke(Method.java:566)
at org.codehaus.groovy.runtime.callsite.PlainObjectMetaMethodSite.doInvoke(PlainObjectMetaMethodSite.java:43)
at org.codehaus.groovy.runtime.callsite.PogoMetaMethodSite$PogoCachedMethodSiteNoUnwrapNoCoerce.invoke(PogoMetaMethodSite.java:193)
at org.codehaus.groovy.runtime.callsite.PogoMetaMethodSite.callCurrent(PogoMetaMethodSite.java:61)
at org.codehaus.groovy.runtime.callsite.AbstractCallSite.callCurrent(AbstractCallSite.java:185)
at io.restassured.internal.ResponseSpecificationImpl.statusCode(ResponseSpecificationImpl.groovy:126)
at io.restassured.internal.ValidatableResponseOptionsImpl.statusCode(ValidatableResponseOptionsImpl.java:84)
at io.restassured.internal.ValidatableResponseImpl.super$2$statusCode(ValidatableResponseImpl.groovy)
at jdk.internal.reflect.GeneratedMethodAccessor166.invoke(Unknown Source)
at java.base/jdk.internal.reflect.DelegatingMethodAccessorImpl.invoke(DelegatingMethodAccessorImpl.java:43)
at java.base/java.lang.reflect.Method.invoke(Method.java:566)
at org.codehaus.groovy.reflection.CachedMethod.invoke(CachedMethod.java:107)
at groovy.lang.MetaMethod.doMethodInvoke(MetaMethod.java:323)
at groovy.lang.MetaClassImpl.invokeMethod(MetaClassImpl.java:1268)
at org.codehaus.groovy.runtime.ScriptBytecodeAdapter.invokeMethodOnSuperN(ScriptBytecodeAdapter.java:144)
at io.restassured.internal.ValidatableResponseImpl.statusCode(ValidatableResponseImpl.groovy:136)
at io.restassured.internal.ValidatableResponseImpl.statusCode(ValidatableResponseImpl.groovy)
at net.assuresign.scenario_7.Scenario_7.listsAccounts_EmptyUsername(Scenario_7.java:75)
at java.base/jdk.internal.reflect.NativeMethodAccessorImpl.invoke0(Native Method)
at java.base/jdk.internal.reflect.NativeMethodAccessorImpl.invoke(NativeMethodAccessorImpl.java:62)
at java.base/jdk.internal.reflect.DelegatingMethodAccessorImpl.invoke(DelegatingMethodAccessorImpl.java:43)
at java.base/java.lang.reflect.Method.invoke(Method.java:566)
at org.testng.internal.MethodInvocationHelper.invokeMethod(MethodInvocationHelper.java:133)
at org.testng.internal.TestInvoker.invokeMethod(TestInvoker.java:598)
at org.testng.internal.TestInvoker.invokeTestMethod(TestInvoker.java:173)
at org.testng.internal.MethodRunner.runInSequence(MethodRunner.java:46)
at org.testng.internal.TestInvoker$MethodInvocationAgent.invoke(TestInvoker.java:824)
at org.testng.internal.TestInvoker.invokeTestMethods(TestInvoker.java:146)
at org.testng.internal.TestMethodWorker.invokeTestMethods(TestMethodWorker.java:146)
at org.testng.internal.TestMethodWorker.run(TestMethodWorker.java:128)
at java.base/java.util.ArrayList.forEach(ArrayList.java:1540)
at org.testng.TestRunner.privateRun(TestRunner.java:794)
at org.testng.TestRunner.run(TestRunner.java:596)
at org.testng.SuiteRunner.runTest(SuiteRunner.java:377)
at org.testng.SuiteRunner.runSequentially(SuiteRunner.java:371)
at org.testng.SuiteRunner.privateRun(SuiteRunner.java:332)
at org.testng.SuiteRunner.run(SuiteRunner.java:276)
at org.testng.SuiteRunnerWorker.runSuite(SuiteRunnerWorker.java:53)
at org.testng.SuiteRunnerWorker.run(SuiteRunnerWorker.java:96)
at org.testng.TestNG.runSuitesSequentially(TestNG.java:1212)
at org.testng.TestNG.runSuitesLocally(TestNG.java:1134)
at org.testng.TestNG.runSuites(TestNG.java:1063)
at org.testng.TestNG.run(TestNG.java:1031)
at org.testng.remote.AbstractRemoteTestNG.run(AbstractRemoteTestNG.java:115)
at org.testng.remote.RemoteTestNG.initAndRun(RemoteTestNG.java:251)
at org.testng.remote.RemoteTestNG.main(RemoteTestNG.java:77)
]]>
            </full-stacktrace>
          </exception> <!-- java.lang.AssertionError -->
          <reporter-output>
          </reporter-output>
        </test-method> <!-- listsAccounts_EmptyUsername -->
        <test-method is-config="true" signature="tearDown(org.testng.ITestResult)[pri:0, instance:net.assuresign.scenario_7.Scenario_7@8f2ef19]" started-at="2021-04-15T10:39:33 IST" name="tearDown" finished-at="2021-04-15T10:39:33 IST" duration-ms="0" status="PASS">
          <params>
            <param index="0">
              <value>
                <![CDATA[[TestResult name=listsAccounts_EmptyUsername status=FAILURE method=Scenario_7.listsAccounts_EmptyUsername(java.lang.String)[pri:0, instance:net.assuresign.scenario_7.Scenario_7@8f2ef19] output={null}]]]>
              </value>
            </param>
          </params>
          <reporter-output>
          </reporter-output>
        </test-method> <!-- tearDown -->
        <test-method signature="listsAccounts_InvalidUsername(java.lang.String)[pri:0, instance:net.assuresign.scenario_7.Scenario_7@8f2ef19]" started-at="2021-04-15T10:39:33 IST" name="listsAccounts_InvalidUsername" data-provider="version-data-provider" finished-at="2021-04-15T10:39:38 IST" duration-ms="4981" status="PASS">
          <params>
            <param index="0">
              <value>
                <![CDATA[3.7]]>
              </value>
            </param>
          </params>
          <reporter-output>
          </reporter-output>
        </test-method> <!-- listsAccounts_InvalidUsername -->
        <test-method is-config="true" signature="reportUp(org.testng.ITestResult)[pri:0, instance:net.assuresign.scenario_7.Scenario_7@8f2ef19]" started-at="2021-04-15T10:39:33 IST" name="reportUp" finished-at="2021-04-15T10:39:33 IST" duration-ms="0" status="PASS">
          <params>
            <param index="0">
              <value>
                <![CDATA[[TestResult name={null} status=CREATED method=Scenario_7.listsAccounts_InvalidUsername(java.lang.String)[pri:0, instance:net.assuresign.scenario_7.Scenario_7@8f2ef19] output={null}]]]>
              </value>
            </param>
          </params>
          <reporter-output>
          </reporter-output>
        </test-method> <!-- reportUp -->
        <test-method is-config="true" signature="tearDown(org.testng.ITestResult)[pri:0, instance:net.assuresign.scenario_7.Scenario_7@8f2ef19]" started-at="2021-04-15T10:39:38 IST" name="tearDown" finished-at="2021-04-15T10:39:38 IST" duration-ms="1" status="PASS">
          <params>
            <param index="0">
              <value>
                <![CDATA[[TestResult name=listsAccounts_InvalidUsername status=SUCCESS method=Scenario_7.listsAccounts_InvalidUsername(java.lang.String)[pri:0, instance:net.assuresign.scenario_7.Scenario_7@8f2ef19] output={null}]]]>
              </value>
            </param>
          </params>
          <reporter-output>
          </reporter-output>
        </test-method> <!-- tearDown -->
        <test-method is-config="true" signature="reportUp(org.testng.ITestResult)[pri:0, instance:net.assuresign.scenario_7.Scenario_7@8f2ef19]" started-at="2021-04-15T10:39:38 IST" name="reportUp" finished-at="2021-04-15T10:39:38 IST" duration-ms="0" status="PASS">
          <params>
            <param index="0">
              <value>
                <![CDATA[[TestResult name={null} status=CREATED method=Scenario_7.listsAccounts_ValidUsername(java.lang.String)[pri:0, instance:net.assuresign.scenario_7.Scenario_7@8f2ef19] output={null}]]]>
              </value>
            </param>
          </params>
          <reporter-output>
          </reporter-output>
        </test-method> <!-- reportUp -->
        <test-method signature="listsAccounts_ValidUsername(java.lang.String)[pri:0, instance:net.assuresign.scenario_7.Scenario_7@8f2ef19]" started-at="2021-04-15T10:39:38 IST" name="listsAccounts_ValidUsername" data-provider="version-data-provider" finished-at="2021-04-15T10:39:43 IST" duration-ms="4318" status="PASS">
          <params>
            <param index="0">
              <value>
                <![CDATA[3.7]]>
              </value>
            </param>
          </params>
          <reporter-output>
          </reporter-output>
        </test-method> <!-- listsAccounts_ValidUsername -->
        <test-method is-config="true" signature="tearDown(org.testng.ITestResult)[pri:0, instance:net.assuresign.scenario_7.Scenario_7@8f2ef19]" started-at="2021-04-15T10:39:43 IST" name="tearDown" finished-at="2021-04-15T10:39:43 IST" duration-ms="1" status="PASS">
          <params>
            <param index="0">
              <value>
                <![CDATA[[TestResult name=listsAccounts_ValidUsername status=SUCCESS method=Scenario_7.listsAccounts_ValidUsername(java.lang.String)[pri:0, instance:net.assuresign.scenario_7.Scenario_7@8f2ef19] output={null}]]]>
              </value>
            </param>
          </params>
          <reporter-output>
          </reporter-output>
        </test-method> <!-- tearDown -->
      </class> <!-- net.assuresign.scenario_7.Scenario_7 -->
      <class name="net.assuresign.scenario_4.Scenario_4_5">
        <test-method is-config="true" signature="reportUp(org.testng.ITestResult)[pri:0, instance:net.assuresign.scenario_4.Scenario_4_5@76a4ebf2]" started-at="2021-04-15T10:28:58 IST" name="reportUp" finished-at="2021-04-15T10:28:58 IST" duration-ms="1" status="PASS">
          <params>
            <param index="0">
              <value>
                <![CDATA[[TestResult name={null} status=CREATED method=Scenario_4_5.submitPrepare_WithMissingDocumentName(java.lang.String)[pri:0, instance:net.assuresign.scenario_4.Scenario_4_5@76a4ebf2] output={null}]]]>
              </value>
            </param>
          </params>
          <reporter-output>
          </reporter-output>
        </test-method> <!-- reportUp -->
        <test-method signature="submitPrepare_WithMissingDocumentName(java.lang.String)[pri:0, instance:net.assuresign.scenario_4.Scenario_4_5@76a4ebf2]" started-at="2021-04-15T10:28:58 IST" name="submitPrepare_WithMissingDocumentName" data-provider="version-data-provider" finished-at="2021-04-15T10:29:13 IST" duration-ms="15459" status="PASS">
          <params>
            <param index="0">
              <value>
                <![CDATA[3.7]]>
              </value>
            </param>
          </params>
          <reporter-output>
          </reporter-output>
        </test-method> <!-- submitPrepare_WithMissingDocumentName -->
        <test-method is-config="true" signature="tearDown(org.testng.ITestResult)[pri:0, instance:net.assuresign.scenario_4.Scenario_4_5@76a4ebf2]" started-at="2021-04-15T10:29:13 IST" name="tearDown" finished-at="2021-04-15T10:29:13 IST" duration-ms="5" status="PASS">
          <params>
            <param index="0">
              <value>
                <![CDATA[[TestResult name=submitPrepare_WithMissingDocumentName status=SUCCESS method=Scenario_4_5.submitPrepare_WithMissingDocumentName(java.lang.String)[pri:0, instance:net.assuresign.scenario_4.Scenario_4_5@76a4ebf2] output={null}]]]>
              </value>
            </param>
          </params>
          <reporter-output>
          </reporter-output>
        </test-method> <!-- tearDown -->
        <test-method is-config="true" signature="reportUp(org.testng.ITestResult)[pri:0, instance:net.assuresign.scenario_4.Scenario_4_5@76a4ebf2]" started-at="2021-04-15T10:29:13 IST" name="reportUp" finished-at="2021-04-15T10:29:13 IST" duration-ms="0" status="PASS">
          <params>
            <param index="0">
              <value>
                <![CDATA[[TestResult name={null} status=CREATED method=Scenario_4_5.submit_WithMissingDocumentName(java.lang.String)[pri:0, instance:net.assuresign.scenario_4.Scenario_4_5@76a4ebf2] output={null}]]]>
              </value>
            </param>
          </params>
          <reporter-output>
          </reporter-output>
        </test-method> <!-- reportUp -->
        <test-method signature="submit_WithMissingDocumentName(java.lang.String)[pri:0, instance:net.assuresign.scenario_4.Scenario_4_5@76a4ebf2]" started-at="2021-04-15T10:29:13 IST" name="submit_WithMissingDocumentName" data-provider="version-data-provider" finished-at="2021-04-15T10:29:28 IST" duration-ms="14730" status="PASS">
          <params>
            <param index="0">
              <value>
                <![CDATA[3.7]]>
              </value>
            </param>
          </params>
          <reporter-output>
          </reporter-output>
        </test-method> <!-- submit_WithMissingDocumentName -->
        <test-method is-config="true" signature="tearDown(org.testng.ITestResult)[pri:0, instance:net.assuresign.scenario_4.Scenario_4_5@76a4ebf2]" started-at="2021-04-15T10:29:28 IST" name="tearDown" finished-at="2021-04-15T10:29:28 IST" duration-ms="1" status="PASS">
          <params>
            <param index="0">
              <value>
                <![CDATA[[TestResult name=submit_WithMissingDocumentName status=SUCCESS method=Scenario_4_5.submit_WithMissingDocumentName(java.lang.String)[pri:0, instance:net.assuresign.scenario_4.Scenario_4_5@76a4ebf2] output={null}]]]>
              </value>
            </param>
          </params>
          <reporter-output>
          </reporter-output>
        </test-method> <!-- tearDown -->
      </class> <!-- net.assuresign.scenario_4.Scenario_4_5 -->
      <class name="net.assuresign.scenario_10.Scenario_10">
        <test-method is-config="true" signature="reportUp(org.testng.ITestResult)[pri:0, instance:net.assuresign.scenario_10.Scenario_10@74ea2410]" started-at="2021-04-15T10:45:00 IST" name="reportUp" finished-at="2021-04-15T10:45:00 IST" duration-ms="0" status="PASS">
          <params>
            <param index="0">
              <value>
                <![CDATA[[TestResult name={null} status=CREATED method=Scenario_10.apiUser_invalidEnvironment(java.lang.String)[pri:0, instance:net.assuresign.scenario_10.Scenario_10@74ea2410] output={null}]]]>
              </value>
            </param>
          </params>
          <reporter-output>
          </reporter-output>
        </test-method> <!-- reportUp -->
        <test-method signature="apiUser_invalidEnvironment(java.lang.String)[pri:0, instance:net.assuresign.scenario_10.Scenario_10@74ea2410]" started-at="2021-04-15T10:45:00 IST" name="apiUser_invalidEnvironment" data-provider="version-data-provider" finished-at="2021-04-15T10:45:06 IST" duration-ms="5804" status="PASS">
          <params>
            <param index="0">
              <value>
                <![CDATA[3.7]]>
              </value>
            </param>
          </params>
          <reporter-output>
          </reporter-output>
        </test-method> <!-- apiUser_invalidEnvironment -->
        <test-method is-config="true" signature="tearDown(org.testng.ITestResult)[pri:0, instance:net.assuresign.scenario_10.Scenario_10@74ea2410]" started-at="2021-04-15T10:45:06 IST" name="tearDown" finished-at="2021-04-15T10:45:06 IST" duration-ms="0" status="PASS">
          <params>
            <param index="0">
              <value>
                <![CDATA[[TestResult name=apiUser_invalidEnvironment status=SUCCESS method=Scenario_10.apiUser_invalidEnvironment(java.lang.String)[pri:0, instance:net.assuresign.scenario_10.Scenario_10@74ea2410] output={null}]]]>
              </value>
            </param>
          </params>
          <reporter-output>
          </reporter-output>
        </test-method> <!-- tearDown -->
        <test-method is-config="true" signature="reportUp(org.testng.ITestResult)[pri:0, instance:net.assuresign.scenario_10.Scenario_10@74ea2410]" started-at="2021-04-15T10:45:06 IST" name="reportUp" finished-at="2021-04-15T10:45:06 IST" duration-ms="1" status="PASS">
          <params>
            <param index="0">
              <value>
                <![CDATA[[TestResult name={null} status=CREATED method=Scenario_10.apiUser_invalidRequest(java.lang.String)[pri:0, instance:net.assuresign.scenario_10.Scenario_10@74ea2410] output={null}]]]>
              </value>
            </param>
          </params>
          <reporter-output>
          </reporter-output>
        </test-method> <!-- reportUp -->
        <test-method signature="apiUser_invalidRequest(java.lang.String)[pri:0, instance:net.assuresign.scenario_10.Scenario_10@74ea2410]" started-at="2021-04-15T10:45:06 IST" name="apiUser_invalidRequest" data-provider="version-data-provider" finished-at="2021-04-15T10:45:11 IST" duration-ms="5095" status="PASS">
          <params>
            <param index="0">
              <value>
                <![CDATA[3.7]]>
              </value>
            </param>
          </params>
          <reporter-output>
          </reporter-output>
        </test-method> <!-- apiUser_invalidRequest -->
        <test-method is-config="true" signature="tearDown(org.testng.ITestResult)[pri:0, instance:net.assuresign.scenario_10.Scenario_10@74ea2410]" started-at="2021-04-15T10:45:11 IST" name="tearDown" finished-at="2021-04-15T10:45:11 IST" duration-ms="0" status="PASS">
          <params>
            <param index="0">
              <value>
                <![CDATA[[TestResult name=apiUser_invalidRequest status=SUCCESS method=Scenario_10.apiUser_invalidRequest(java.lang.String)[pri:0, instance:net.assuresign.scenario_10.Scenario_10@74ea2410] output={null}]]]>
              </value>
            </param>
          </params>
          <reporter-output>
          </reporter-output>
        </test-method> <!-- tearDown -->
        <test-method signature="apiUser_invalidScope(java.lang.String)[pri:0, instance:net.assuresign.scenario_10.Scenario_10@74ea2410]" started-at="2021-04-15T10:45:11 IST" name="apiUser_invalidScope" data-provider="version-data-provider" finished-at="2021-04-15T10:45:16 IST" duration-ms="4806" status="PASS">
          <params>
            <param index="0">
              <value>
                <![CDATA[3.7]]>
              </value>
            </param>
          </params>
          <reporter-output>
          </reporter-output>
        </test-method> <!-- apiUser_invalidScope -->
        <test-method is-config="true" signature="reportUp(org.testng.ITestResult)[pri:0, instance:net.assuresign.scenario_10.Scenario_10@74ea2410]" started-at="2021-04-15T10:45:11 IST" name="reportUp" finished-at="2021-04-15T10:45:11 IST" duration-ms="0" status="PASS">
          <params>
            <param index="0">
              <value>
                <![CDATA[[TestResult name={null} status=CREATED method=Scenario_10.apiUser_invalidScope(java.lang.String)[pri:0, instance:net.assuresign.scenario_10.Scenario_10@74ea2410] output={null}]]]>
              </value>
            </param>
          </params>
          <reporter-output>
          </reporter-output>
        </test-method> <!-- reportUp -->
        <test-method is-config="true" signature="tearDown(org.testng.ITestResult)[pri:0, instance:net.assuresign.scenario_10.Scenario_10@74ea2410]" started-at="2021-04-15T10:45:16 IST" name="tearDown" finished-at="2021-04-15T10:45:16 IST" duration-ms="0" status="PASS">
          <params>
            <param index="0">
              <value>
                <![CDATA[[TestResult name=apiUser_invalidScope status=SUCCESS method=Scenario_10.apiUser_invalidScope(java.lang.String)[pri:0, instance:net.assuresign.scenario_10.Scenario_10@74ea2410] output={null}]]]>
              </value>
            </param>
          </params>
          <reporter-output>
          </reporter-output>
        </test-method> <!-- tearDown -->
        <test-method is-config="true" signature="reportUp(org.testng.ITestResult)[pri:0, instance:net.assuresign.scenario_10.Scenario_10@74ea2410]" started-at="2021-04-15T10:45:16 IST" name="reportUp" finished-at="2021-04-15T10:45:16 IST" duration-ms="0" status="PASS">
          <params>
            <param index="0">
              <value>
                <![CDATA[[TestResult name={null} status=CREATED method=Scenario_10.apiUser_noBaseUserName(java.lang.String)[pri:0, instance:net.assuresign.scenario_10.Scenario_10@74ea2410] output={null}]]]>
              </value>
            </param>
          </params>
          <reporter-output>
          </reporter-output>
        </test-method> <!-- reportUp -->
        <test-method signature="apiUser_noBaseUserName(java.lang.String)[pri:0, instance:net.assuresign.scenario_10.Scenario_10@74ea2410]" started-at="2021-04-15T10:45:16 IST" name="apiUser_noBaseUserName" data-provider="version-data-provider" finished-at="2021-04-15T10:45:21 IST" duration-ms="5424" status="PASS">
          <params>
            <param index="0">
              <value>
                <![CDATA[3.7]]>
              </value>
            </param>
          </params>
          <reporter-output>
          </reporter-output>
        </test-method> <!-- apiUser_noBaseUserName -->
        <test-method is-config="true" signature="tearDown(org.testng.ITestResult)[pri:0, instance:net.assuresign.scenario_10.Scenario_10@74ea2410]" started-at="2021-04-15T10:45:21 IST" name="tearDown" finished-at="2021-04-15T10:45:21 IST" duration-ms="1" status="PASS">
          <params>
            <param index="0">
              <value>
                <![CDATA[[TestResult name=apiUser_noBaseUserName status=SUCCESS method=Scenario_10.apiUser_noBaseUserName(java.lang.String)[pri:0, instance:net.assuresign.scenario_10.Scenario_10@74ea2410] output={null}]]]>
              </value>
            </param>
          </params>
          <reporter-output>
          </reporter-output>
        </test-method> <!-- tearDown -->
        <test-method is-config="true" signature="reportUp(org.testng.ITestResult)[pri:0, instance:net.assuresign.scenario_10.Scenario_10@74ea2410]" started-at="2021-04-15T10:45:21 IST" name="reportUp" finished-at="2021-04-15T10:45:21 IST" duration-ms="0" status="PASS">
          <params>
            <param index="0">
              <value>
                <![CDATA[[TestResult name={null} status=CREATED method=Scenario_10.apiUser_noExpDate(java.lang.String)[pri:0, instance:net.assuresign.scenario_10.Scenario_10@74ea2410] output={null}]]]>
              </value>
            </param>
          </params>
          <reporter-output>
          </reporter-output>
        </test-method> <!-- reportUp -->
        <test-method signature="apiUser_noExpDate(java.lang.String)[pri:0, instance:net.assuresign.scenario_10.Scenario_10@74ea2410]" started-at="2021-04-15T10:45:21 IST" name="apiUser_noExpDate" data-provider="version-data-provider" finished-at="2021-04-15T10:45:27 IST" duration-ms="5239" status="PASS">
          <params>
            <param index="0">
              <value>
                <![CDATA[3.7]]>
              </value>
            </param>
          </params>
          <reporter-output>
          </reporter-output>
        </test-method> <!-- apiUser_noExpDate -->
        <test-method is-config="true" signature="tearDown(org.testng.ITestResult)[pri:0, instance:net.assuresign.scenario_10.Scenario_10@74ea2410]" started-at="2021-04-15T10:45:27 IST" name="tearDown" finished-at="2021-04-15T10:45:27 IST" duration-ms="0" status="PASS">
          <params>
            <param index="0">
              <value>
                <![CDATA[[TestResult name=apiUser_noExpDate status=SUCCESS method=Scenario_10.apiUser_noExpDate(java.lang.String)[pri:0, instance:net.assuresign.scenario_10.Scenario_10@74ea2410] output={null}]]]>
              </value>
            </param>
          </params>
          <reporter-output>
          </reporter-output>
        </test-method> <!-- tearDown -->
        <test-method signature="apiUser_noRequest(java.lang.String)[pri:0, instance:net.assuresign.scenario_10.Scenario_10@74ea2410]" started-at="2021-04-15T10:45:27 IST" name="apiUser_noRequest" data-provider="version-data-provider" finished-at="2021-04-15T10:45:32 IST" duration-ms="5635" status="PASS">
          <params>
            <param index="0">
              <value>
                <![CDATA[3.7]]>
              </value>
            </param>
          </params>
          <reporter-output>
          </reporter-output>
        </test-method> <!-- apiUser_noRequest -->
        <test-method is-config="true" signature="reportUp(org.testng.ITestResult)[pri:0, instance:net.assuresign.scenario_10.Scenario_10@74ea2410]" started-at="2021-04-15T10:45:27 IST" name="reportUp" finished-at="2021-04-15T10:45:27 IST" duration-ms="0" status="PASS">
          <params>
            <param index="0">
              <value>
                <![CDATA[[TestResult name={null} status=CREATED method=Scenario_10.apiUser_noRequest(java.lang.String)[pri:0, instance:net.assuresign.scenario_10.Scenario_10@74ea2410] output={null}]]]>
              </value>
            </param>
          </params>
          <reporter-output>
          </reporter-output>
        </test-method> <!-- reportUp -->
        <test-method is-config="true" signature="tearDown(org.testng.ITestResult)[pri:0, instance:net.assuresign.scenario_10.Scenario_10@74ea2410]" started-at="2021-04-15T10:45:32 IST" name="tearDown" finished-at="2021-04-15T10:45:32 IST" duration-ms="0" status="PASS">
          <params>
            <param index="0">
              <value>
                <![CDATA[[TestResult name=apiUser_noRequest status=SUCCESS method=Scenario_10.apiUser_noRequest(java.lang.String)[pri:0, instance:net.assuresign.scenario_10.Scenario_10@74ea2410] output={null}]]]>
              </value>
            </param>
          </params>
          <reporter-output>
          </reporter-output>
        </test-method> <!-- tearDown -->
        <test-method is-config="true" signature="reportUp(org.testng.ITestResult)[pri:0, instance:net.assuresign.scenario_10.Scenario_10@74ea2410]" started-at="2021-04-15T10:45:32 IST" name="reportUp" finished-at="2021-04-15T10:45:32 IST" duration-ms="0" status="PASS">
          <params>
            <param index="0">
              <value>
                <![CDATA[[TestResult name={null} status=CREATED method=Scenario_10.apiUser_noScope(java.lang.String)[pri:0, instance:net.assuresign.scenario_10.Scenario_10@74ea2410] output={null}]]]>
              </value>
            </param>
          </params>
          <reporter-output>
          </reporter-output>
        </test-method> <!-- reportUp -->
        <test-method signature="apiUser_noScope(java.lang.String)[pri:0, instance:net.assuresign.scenario_10.Scenario_10@74ea2410]" started-at="2021-04-15T10:45:32 IST" name="apiUser_noScope" data-provider="version-data-provider" finished-at="2021-04-15T10:45:39 IST" duration-ms="6727" status="PASS">
          <params>
            <param index="0">
              <value>
                <![CDATA[3.7]]>
              </value>
            </param>
          </params>
          <reporter-output>
          </reporter-output>
        </test-method> <!-- apiUser_noScope -->
        <test-method is-config="true" signature="tearDown(org.testng.ITestResult)[pri:0, instance:net.assuresign.scenario_10.Scenario_10@74ea2410]" started-at="2021-04-15T10:45:39 IST" name="tearDown" finished-at="2021-04-15T10:45:39 IST" duration-ms="0" status="PASS">
          <params>
            <param index="0">
              <value>
                <![CDATA[[TestResult name=apiUser_noScope status=SUCCESS method=Scenario_10.apiUser_noScope(java.lang.String)[pri:0, instance:net.assuresign.scenario_10.Scenario_10@74ea2410] output={null}]]]>
              </value>
            </param>
          </params>
          <reporter-output>
          </reporter-output>
        </test-method> <!-- tearDown -->
        <test-method signature="apiUser_noSpecificUser(java.lang.String)[pri:0, instance:net.assuresign.scenario_10.Scenario_10@74ea2410]" started-at="2021-04-15T10:45:39 IST" name="apiUser_noSpecificUser" data-provider="version-data-provider" finished-at="2021-04-15T10:45:44 IST" duration-ms="5345" status="PASS">
          <params>
            <param index="0">
              <value>
                <![CDATA[3.7]]>
              </value>
            </param>
          </params>
          <reporter-output>
          </reporter-output>
        </test-method> <!-- apiUser_noSpecificUser -->
        <test-method is-config="true" signature="reportUp(org.testng.ITestResult)[pri:0, instance:net.assuresign.scenario_10.Scenario_10@74ea2410]" started-at="2021-04-15T10:45:39 IST" name="reportUp" finished-at="2021-04-15T10:45:39 IST" duration-ms="0" status="PASS">
          <params>
            <param index="0">
              <value>
                <![CDATA[[TestResult name={null} status=CREATED method=Scenario_10.apiUser_noSpecificUser(java.lang.String)[pri:0, instance:net.assuresign.scenario_10.Scenario_10@74ea2410] output={null}]]]>
              </value>
            </param>
          </params>
          <reporter-output>
          </reporter-output>
        </test-method> <!-- reportUp -->
        <test-method is-config="true" signature="tearDown(org.testng.ITestResult)[pri:0, instance:net.assuresign.scenario_10.Scenario_10@74ea2410]" started-at="2021-04-15T10:45:44 IST" name="tearDown" finished-at="2021-04-15T10:45:44 IST" duration-ms="0" status="PASS">
          <params>
            <param index="0">
              <value>
                <![CDATA[[TestResult name=apiUser_noSpecificUser status=SUCCESS method=Scenario_10.apiUser_noSpecificUser(java.lang.String)[pri:0, instance:net.assuresign.scenario_10.Scenario_10@74ea2410] output={null}]]]>
              </value>
            </param>
          </params>
          <reporter-output>
          </reporter-output>
        </test-method> <!-- tearDown -->
        <test-method is-config="true" signature="reportUp(org.testng.ITestResult)[pri:0, instance:net.assuresign.scenario_10.Scenario_10@74ea2410]" started-at="2021-04-15T10:45:44 IST" name="reportUp" finished-at="2021-04-15T10:45:44 IST" duration-ms="0" status="PASS">
          <params>
            <param index="0">
              <value>
                <![CDATA[[TestResult name={null} status=CREATED method=Scenario_10.apiUser_noValueBaseUserName(java.lang.String)[pri:0, instance:net.assuresign.scenario_10.Scenario_10@74ea2410] output={null}]]]>
              </value>
            </param>
          </params>
          <reporter-output>
          </reporter-output>
        </test-method> <!-- reportUp -->
        <test-method signature="apiUser_noValueBaseUserName(java.lang.String)[pri:0, instance:net.assuresign.scenario_10.Scenario_10@74ea2410]" started-at="2021-04-15T10:45:44 IST" name="apiUser_noValueBaseUserName" data-provider="version-data-provider" finished-at="2021-04-15T10:45:50 IST" duration-ms="5807" status="PASS">
          <params>
            <param index="0">
              <value>
                <![CDATA[3.7]]>
              </value>
            </param>
          </params>
          <reporter-output>
          </reporter-output>
        </test-method> <!-- apiUser_noValueBaseUserName -->
        <test-method is-config="true" signature="tearDown(org.testng.ITestResult)[pri:0, instance:net.assuresign.scenario_10.Scenario_10@74ea2410]" started-at="2021-04-15T10:45:50 IST" name="tearDown" finished-at="2021-04-15T10:45:50 IST" duration-ms="0" status="PASS">
          <params>
            <param index="0">
              <value>
                <![CDATA[[TestResult name=apiUser_noValueBaseUserName status=SUCCESS method=Scenario_10.apiUser_noValueBaseUserName(java.lang.String)[pri:0, instance:net.assuresign.scenario_10.Scenario_10@74ea2410] output={null}]]]>
              </value>
            </param>
          </params>
          <reporter-output>
          </reporter-output>
        </test-method> <!-- tearDown -->
        <test-method is-config="true" signature="reportUp(org.testng.ITestResult)[pri:0, instance:net.assuresign.scenario_10.Scenario_10@74ea2410]" started-at="2021-04-15T10:45:50 IST" name="reportUp" finished-at="2021-04-15T10:45:50 IST" duration-ms="0" status="PASS">
          <params>
            <param index="0">
              <value>
                <![CDATA[[TestResult name={null} status=CREATED method=Scenario_10.apiUser_organizationScopes(java.lang.String)[pri:0, instance:net.assuresign.scenario_10.Scenario_10@74ea2410] output={null}]]]>
              </value>
            </param>
          </params>
          <reporter-output>
          </reporter-output>
        </test-method> <!-- reportUp -->
        <test-method signature="apiUser_organizationScopes(java.lang.String)[pri:0, instance:net.assuresign.scenario_10.Scenario_10@74ea2410]" started-at="2021-04-15T10:45:50 IST" name="apiUser_organizationScopes" data-provider="version-data-provider" finished-at="2021-04-15T10:45:55 IST" duration-ms="4479" status="PASS">
          <params>
            <param index="0">
              <value>
                <![CDATA[3.7]]>
              </value>
            </param>
          </params>
          <reporter-output>
          </reporter-output>
        </test-method> <!-- apiUser_organizationScopes -->
        <test-method is-config="true" signature="tearDown(org.testng.ITestResult)[pri:0, instance:net.assuresign.scenario_10.Scenario_10@74ea2410]" started-at="2021-04-15T10:45:55 IST" name="tearDown" finished-at="2021-04-15T10:45:55 IST" duration-ms="1" status="PASS">
          <params>
            <param index="0">
              <value>
                <![CDATA[[TestResult name=apiUser_organizationScopes status=SUCCESS method=Scenario_10.apiUser_organizationScopes(java.lang.String)[pri:0, instance:net.assuresign.scenario_10.Scenario_10@74ea2410] output={null}]]]>
              </value>
            </param>
          </params>
          <reporter-output>
          </reporter-output>
        </test-method> <!-- tearDown -->
        <test-method is-config="true" signature="reportUp(org.testng.ITestResult)[pri:0, instance:net.assuresign.scenario_10.Scenario_10@74ea2410]" started-at="2021-04-15T10:45:55 IST" name="reportUp" finished-at="2021-04-15T10:45:55 IST" duration-ms="1" status="PASS">
          <params>
            <param index="0">
              <value>
                <![CDATA[[TestResult name={null} status=CREATED method=Scenario_10.apiUser_validRequest(java.lang.String)[pri:0, instance:net.assuresign.scenario_10.Scenario_10@74ea2410] output={null}]]]>
              </value>
            </param>
          </params>
          <reporter-output>
          </reporter-output>
        </test-method> <!-- reportUp -->
        <test-method signature="apiUser_validRequest(java.lang.String)[pri:0, instance:net.assuresign.scenario_10.Scenario_10@74ea2410]" started-at="2021-04-15T10:45:55 IST" name="apiUser_validRequest" data-provider="version-data-provider" finished-at="2021-04-15T10:46:00 IST" duration-ms="5178" status="PASS">
          <params>
            <param index="0">
              <value>
                <![CDATA[3.7]]>
              </value>
            </param>
          </params>
          <reporter-output>
          </reporter-output>
        </test-method> <!-- apiUser_validRequest -->
        <test-method is-config="true" signature="tearDown(org.testng.ITestResult)[pri:0, instance:net.assuresign.scenario_10.Scenario_10@74ea2410]" started-at="2021-04-15T10:46:00 IST" name="tearDown" finished-at="2021-04-15T10:46:00 IST" duration-ms="1" status="PASS">
          <params>
            <param index="0">
              <value>
                <![CDATA[[TestResult name=apiUser_validRequest status=SUCCESS method=Scenario_10.apiUser_validRequest(java.lang.String)[pri:0, instance:net.assuresign.scenario_10.Scenario_10@74ea2410] output={null}]]]>
              </value>
            </param>
          </params>
          <reporter-output>
          </reporter-output>
        </test-method> <!-- tearDown -->
        <test-method is-config="true" signature="reportUp(org.testng.ITestResult)[pri:0, instance:net.assuresign.scenario_10.Scenario_10@74ea2410]" started-at="2021-04-15T10:46:00 IST" name="reportUp" finished-at="2021-04-15T10:46:00 IST" duration-ms="0" status="PASS">
          <params>
            <param index="0">
              <value>
                <![CDATA[[TestResult name={null} status=CREATED method=Scenario_10.apiUser_validRequestSpecificEnv(java.lang.String)[pri:0, instance:net.assuresign.scenario_10.Scenario_10@74ea2410] output={null}]]]>
              </value>
            </param>
          </params>
          <reporter-output>
          </reporter-output>
        </test-method> <!-- reportUp -->
        <test-method signature="apiUser_validRequestSpecificEnv(java.lang.String)[pri:0, instance:net.assuresign.scenario_10.Scenario_10@74ea2410]" started-at="2021-04-15T10:46:00 IST" name="apiUser_validRequestSpecificEnv" data-provider="version-data-provider" finished-at="2021-04-15T10:46:05 IST" duration-ms="5395" status="PASS">
          <params>
            <param index="0">
              <value>
                <![CDATA[3.7]]>
              </value>
            </param>
          </params>
          <reporter-output>
          </reporter-output>
        </test-method> <!-- apiUser_validRequestSpecificEnv -->
        <test-method is-config="true" signature="tearDown(org.testng.ITestResult)[pri:0, instance:net.assuresign.scenario_10.Scenario_10@74ea2410]" started-at="2021-04-15T10:46:05 IST" name="tearDown" finished-at="2021-04-15T10:46:05 IST" duration-ms="1" status="PASS">
          <params>
            <param index="0">
              <value>
                <![CDATA[[TestResult name=apiUser_validRequestSpecificEnv status=SUCCESS method=Scenario_10.apiUser_validRequestSpecificEnv(java.lang.String)[pri:0, instance:net.assuresign.scenario_10.Scenario_10@74ea2410] output={null}]]]>
              </value>
            </param>
          </params>
          <reporter-output>
          </reporter-output>
        </test-method> <!-- tearDown -->
        <test-method is-config="true" signature="reportUp(org.testng.ITestResult)[pri:0, instance:net.assuresign.scenario_10.Scenario_10@74ea2410]" started-at="2021-04-15T10:46:05 IST" name="reportUp" finished-at="2021-04-15T10:46:05 IST" duration-ms="0" status="PASS">
          <params>
            <param index="0">
              <value>
                <![CDATA[[TestResult name={null} status=CREATED method=Scenario_10.apiUser_withoutEnvironment(java.lang.String)[pri:0, instance:net.assuresign.scenario_10.Scenario_10@74ea2410] output={null}]]]>
              </value>
            </param>
          </params>
          <reporter-output>
          </reporter-output>
        </test-method> <!-- reportUp -->
        <test-method signature="apiUser_withoutEnvironment(java.lang.String)[pri:0, instance:net.assuresign.scenario_10.Scenario_10@74ea2410]" started-at="2021-04-15T10:46:05 IST" name="apiUser_withoutEnvironment" data-provider="version-data-provider" finished-at="2021-04-15T10:46:12 IST" duration-ms="6744" status="PASS">
          <params>
            <param index="0">
              <value>
                <![CDATA[3.7]]>
              </value>
            </param>
          </params>
          <reporter-output>
          </reporter-output>
        </test-method> <!-- apiUser_withoutEnvironment -->
        <test-method is-config="true" signature="tearDown(org.testng.ITestResult)[pri:0, instance:net.assuresign.scenario_10.Scenario_10@74ea2410]" started-at="2021-04-15T10:46:12 IST" name="tearDown" finished-at="2021-04-15T10:46:12 IST" duration-ms="0" status="PASS">
          <params>
            <param index="0">
              <value>
                <![CDATA[[TestResult name=apiUser_withoutEnvironment status=SUCCESS method=Scenario_10.apiUser_withoutEnvironment(java.lang.String)[pri:0, instance:net.assuresign.scenario_10.Scenario_10@74ea2410] output={null}]]]>
              </value>
            </param>
          </params>
          <reporter-output>
          </reporter-output>
        </test-method> <!-- tearDown -->
      </class> <!-- net.assuresign.scenario_10.Scenario_10 -->
      <class name="net.assuresign.scenario_3.Scenario_3_2">
        <test-method is-config="true" signature="reportUp(org.testng.ITestResult)[pri:0, instance:net.assuresign.scenario_3.Scenario_3_2@298a5e20]" started-at="2021-04-15T10:19:47 IST" name="reportUp" finished-at="2021-04-15T10:19:47 IST" duration-ms="1" status="PASS">
          <params>
            <param index="0">
              <value>
                <![CDATA[[TestResult name={null} status=CREATED method=Scenario_3_2.submit_InvalidTemplateID(java.lang.String)[pri:0, instance:net.assuresign.scenario_3.Scenario_3_2@298a5e20] output={null}]]]>
              </value>
            </param>
          </params>
          <reporter-output>
          </reporter-output>
        </test-method> <!-- reportUp -->
        <test-method signature="submit_InvalidTemplateID(java.lang.String)[pri:0, instance:net.assuresign.scenario_3.Scenario_3_2@298a5e20]" started-at="2021-04-15T10:19:47 IST" name="submit_InvalidTemplateID" data-provider="version-data-provider" finished-at="2021-04-15T10:19:54 IST" duration-ms="7036" status="PASS">
          <params>
            <param index="0">
              <value>
                <![CDATA[3.7]]>
              </value>
            </param>
          </params>
          <reporter-output>
          </reporter-output>
        </test-method> <!-- submit_InvalidTemplateID -->
        <test-method is-config="true" signature="tearDown(org.testng.ITestResult)[pri:0, instance:net.assuresign.scenario_3.Scenario_3_2@298a5e20]" started-at="2021-04-15T10:19:54 IST" name="tearDown" finished-at="2021-04-15T10:19:54 IST" duration-ms="1" status="PASS">
          <params>
            <param index="0">
              <value>
                <![CDATA[[TestResult name=submit_InvalidTemplateID status=SUCCESS method=Scenario_3_2.submit_InvalidTemplateID(java.lang.String)[pri:0, instance:net.assuresign.scenario_3.Scenario_3_2@298a5e20] output={null}]]]>
              </value>
            </param>
          </params>
          <reporter-output>
          </reporter-output>
        </test-method> <!-- tearDown -->
        <test-method signature="submit_ValidTemplateID(java.lang.String)[pri:0, instance:net.assuresign.scenario_3.Scenario_3_2@298a5e20]" started-at="2021-04-15T10:19:54 IST" name="submit_ValidTemplateID" data-provider="version-data-provider" finished-at="2021-04-15T10:20:08 IST" duration-ms="13461" status="PASS">
          <params>
            <param index="0">
              <value>
                <![CDATA[3.7]]>
              </value>
            </param>
          </params>
          <reporter-output>
          </reporter-output>
        </test-method> <!-- submit_ValidTemplateID -->
        <test-method is-config="true" signature="reportUp(org.testng.ITestResult)[pri:0, instance:net.assuresign.scenario_3.Scenario_3_2@298a5e20]" started-at="2021-04-15T10:19:54 IST" name="reportUp" finished-at="2021-04-15T10:19:54 IST" duration-ms="0" status="PASS">
          <params>
            <param index="0">
              <value>
                <![CDATA[[TestResult name={null} status=CREATED method=Scenario_3_2.submit_ValidTemplateID(java.lang.String)[pri:0, instance:net.assuresign.scenario_3.Scenario_3_2@298a5e20] output={null}]]]>
              </value>
            </param>
          </params>
          <reporter-output>
          </reporter-output>
        </test-method> <!-- reportUp -->
        <test-method is-config="true" signature="tearDown(org.testng.ITestResult)[pri:0, instance:net.assuresign.scenario_3.Scenario_3_2@298a5e20]" started-at="2021-04-15T10:20:08 IST" name="tearDown" finished-at="2021-04-15T10:20:08 IST" duration-ms="0" status="PASS">
          <params>
            <param index="0">
              <value>
                <![CDATA[[TestResult name=submit_ValidTemplateID status=SUCCESS method=Scenario_3_2.submit_ValidTemplateID(java.lang.String)[pri:0, instance:net.assuresign.scenario_3.Scenario_3_2@298a5e20] output={null}]]]>
              </value>
            </param>
          </params>
          <reporter-output>
          </reporter-output>
        </test-method> <!-- tearDown -->
      </class> <!-- net.assuresign.scenario_3.Scenario_3_2 -->
      <class name="net.assuresign.scenario_4.Scenario_4_4">
        <test-method signature="submitPrepare_WithSignerPassword(java.lang.String)[pri:0, instance:net.assuresign.scenario_4.Scenario_4_4@6e6f2380]" started-at="2021-04-15T10:28:09 IST" name="submitPrepare_WithSignerPassword" data-provider="version-data-provider" finished-at="2021-04-15T10:28:34 IST" duration-ms="25359" status="PASS">
          <params>
            <param index="0">
              <value>
                <![CDATA[3.7]]>
              </value>
            </param>
          </params>
          <reporter-output>
          </reporter-output>
        </test-method> <!-- submitPrepare_WithSignerPassword -->
        <test-method is-config="true" signature="reportUp(org.testng.ITestResult)[pri:0, instance:net.assuresign.scenario_4.Scenario_4_4@6e6f2380]" started-at="2021-04-15T10:28:09 IST" name="reportUp" finished-at="2021-04-15T10:28:09 IST" duration-ms="0" status="PASS">
          <params>
            <param index="0">
              <value>
                <![CDATA[[TestResult name={null} status=CREATED method=Scenario_4_4.submitPrepare_WithSignerPassword(java.lang.String)[pri:0, instance:net.assuresign.scenario_4.Scenario_4_4@6e6f2380] output={null}]]]>
              </value>
            </param>
          </params>
          <reporter-output>
          </reporter-output>
        </test-method> <!-- reportUp -->
        <test-method is-config="true" signature="tearDown(org.testng.ITestResult)[pri:0, instance:net.assuresign.scenario_4.Scenario_4_4@6e6f2380]" started-at="2021-04-15T10:28:34 IST" name="tearDown" finished-at="2021-04-15T10:28:34 IST" duration-ms="0" status="PASS">
          <params>
            <param index="0">
              <value>
                <![CDATA[[TestResult name=submitPrepare_WithSignerPassword status=SUCCESS method=Scenario_4_4.submitPrepare_WithSignerPassword(java.lang.String)[pri:0, instance:net.assuresign.scenario_4.Scenario_4_4@6e6f2380] output={null}]]]>
              </value>
            </param>
          </params>
          <reporter-output>
          </reporter-output>
        </test-method> <!-- tearDown -->
        <test-method is-config="true" signature="reportUp(org.testng.ITestResult)[pri:0, instance:net.assuresign.scenario_4.Scenario_4_4@6e6f2380]" started-at="2021-04-15T10:28:34 IST" name="reportUp" finished-at="2021-04-15T10:28:34 IST" duration-ms="1" status="PASS">
          <params>
            <param index="0">
              <value>
                <![CDATA[[TestResult name={null} status=CREATED method=Scenario_4_4.submit_WithSignerPassword(java.lang.String)[pri:0, instance:net.assuresign.scenario_4.Scenario_4_4@6e6f2380] output={null}]]]>
              </value>
            </param>
          </params>
          <reporter-output>
          </reporter-output>
        </test-method> <!-- reportUp -->
        <test-method signature="submit_WithSignerPassword(java.lang.String)[pri:0, instance:net.assuresign.scenario_4.Scenario_4_4@6e6f2380]" started-at="2021-04-15T10:28:34 IST" name="submit_WithSignerPassword" data-provider="version-data-provider" finished-at="2021-04-15T10:28:58 IST" duration-ms="23740" status="PASS">
          <params>
            <param index="0">
              <value>
                <![CDATA[3.7]]>
              </value>
            </param>
          </params>
          <reporter-output>
          </reporter-output>
        </test-method> <!-- submit_WithSignerPassword -->
        <test-method is-config="true" signature="tearDown(org.testng.ITestResult)[pri:0, instance:net.assuresign.scenario_4.Scenario_4_4@6e6f2380]" started-at="2021-04-15T10:28:58 IST" name="tearDown" finished-at="2021-04-15T10:28:58 IST" duration-ms="2" status="PASS">
          <params>
            <param index="0">
              <value>
                <![CDATA[[TestResult name=submit_WithSignerPassword status=SUCCESS method=Scenario_4_4.submit_WithSignerPassword(java.lang.String)[pri:0, instance:net.assuresign.scenario_4.Scenario_4_4@6e6f2380] output={null}]]]>
              </value>
            </param>
          </params>
          <reporter-output>
          </reporter-output>
        </test-method> <!-- tearDown -->
      </class> <!-- net.assuresign.scenario_4.Scenario_4_4 -->
      <class name="net.assuresign.scenario_12.Scenario_12">
        <test-method is-config="true" signature="reportUp(org.testng.ITestResult)[pri:0, instance:net.assuresign.scenario_12.Scenario_12@76b1e9b8]" started-at="2021-04-15T10:46:25 IST" name="reportUp" finished-at="2021-04-15T10:46:25 IST" duration-ms="0" status="PASS">
          <params>
            <param index="0">
              <value>
                <![CDATA[[TestResult name={null} status=CREATED method=Scenario_12.collectionRun_submit(java.lang.String)[pri:0, instance:net.assuresign.scenario_12.Scenario_12@76b1e9b8] output={null}]]]>
              </value>
            </param>
          </params>
          <reporter-output>
          </reporter-output>
        </test-method> <!-- reportUp -->
        <test-method signature="collectionRun_submit(java.lang.String)[pri:0, instance:net.assuresign.scenario_12.Scenario_12@76b1e9b8]" started-at="2021-04-15T10:46:25 IST" name="collectionRun_submit" data-provider="version-data-provider" finished-at="2021-04-15T10:47:00 IST" duration-ms="34742" status="PASS">
          <params>
            <param index="0">
              <value>
                <![CDATA[3.7]]>
              </value>
            </param>
          </params>
          <reporter-output>
          </reporter-output>
        </test-method> <!-- collectionRun_submit -->
        <test-method is-config="true" signature="tearDown(org.testng.ITestResult)[pri:0, instance:net.assuresign.scenario_12.Scenario_12@76b1e9b8]" started-at="2021-04-15T10:47:00 IST" name="tearDown" finished-at="2021-04-15T10:47:00 IST" duration-ms="0" status="PASS">
          <params>
            <param index="0">
              <value>
                <![CDATA[[TestResult name=collectionRun_submit status=SUCCESS method=Scenario_12.collectionRun_submit(java.lang.String)[pri:0, instance:net.assuresign.scenario_12.Scenario_12@76b1e9b8] output={null}]]]>
              </value>
            </param>
          </params>
          <reporter-output>
          </reporter-output>
        </test-method> <!-- tearDown -->
      </class> <!-- net.assuresign.scenario_12.Scenario_12 -->
      <class name="net.assuresign.scenario_4.Scenario_4_7">
        <test-method signature="submitPrepare_enUSSMS2FactorAuth(java.lang.String)[pri:0, instance:net.assuresign.scenario_4.Scenario_4_7@53fe15ff]" started-at="2021-04-15T10:29:51 IST" name="submitPrepare_enUSSMS2FactorAuth" data-provider="version-data-provider" finished-at="2021-04-15T10:30:38 IST" duration-ms="46469" status="PASS">
          <params>
            <param index="0">
              <value>
                <![CDATA[3.7]]>
              </value>
            </param>
          </params>
          <reporter-output>
          </reporter-output>
        </test-method> <!-- submitPrepare_enUSSMS2FactorAuth -->
        <test-method is-config="true" signature="reportUp(org.testng.ITestResult)[pri:0, instance:net.assuresign.scenario_4.Scenario_4_7@53fe15ff]" started-at="2021-04-15T10:29:51 IST" name="reportUp" finished-at="2021-04-15T10:29:51 IST" duration-ms="0" status="PASS">
          <params>
            <param index="0">
              <value>
                <![CDATA[[TestResult name={null} status=CREATED method=Scenario_4_7.submitPrepare_enUSSMS2FactorAuth(java.lang.String)[pri:0, instance:net.assuresign.scenario_4.Scenario_4_7@53fe15ff] output={null}]]]>
              </value>
            </param>
          </params>
          <reporter-output>
          </reporter-output>
        </test-method> <!-- reportUp -->
        <test-method is-config="true" signature="tearDown(org.testng.ITestResult)[pri:0, instance:net.assuresign.scenario_4.Scenario_4_7@53fe15ff]" started-at="2021-04-15T10:30:38 IST" name="tearDown" finished-at="2021-04-15T10:30:38 IST" duration-ms="1" status="PASS">
          <params>
            <param index="0">
              <value>
                <![CDATA[[TestResult name=submitPrepare_enUSSMS2FactorAuth status=SUCCESS method=Scenario_4_7.submitPrepare_enUSSMS2FactorAuth(java.lang.String)[pri:0, instance:net.assuresign.scenario_4.Scenario_4_7@53fe15ff] output={null}]]]>
              </value>
            </param>
          </params>
          <reporter-output>
          </reporter-output>
        </test-method> <!-- tearDown -->
      </class> <!-- net.assuresign.scenario_4.Scenario_4_7 -->
      <class name="net.assuresign.scenario_3.Scenario_3_9">
        <test-method signature="submit_Doc128Char(java.lang.String)[pri:0, instance:net.assuresign.scenario_3.Scenario_3_9@f78a47e]" started-at="2021-04-15T10:23:03 IST" name="submit_Doc128Char" data-provider="version-data-provider" finished-at="2021-04-15T10:23:12 IST" duration-ms="9106" status="PASS">
          <params>
            <param index="0">
              <value>
                <![CDATA[3.7]]>
              </value>
            </param>
          </params>
          <reporter-output>
          </reporter-output>
        </test-method> <!-- submit_Doc128Char -->
        <test-method is-config="true" signature="reportUp(org.testng.ITestResult)[pri:0, instance:net.assuresign.scenario_3.Scenario_3_9@f78a47e]" started-at="2021-04-15T10:23:03 IST" name="reportUp" finished-at="2021-04-15T10:23:03 IST" duration-ms="0" status="PASS">
          <params>
            <param index="0">
              <value>
                <![CDATA[[TestResult name={null} status=CREATED method=Scenario_3_9.submit_Doc128Char(java.lang.String)[pri:0, instance:net.assuresign.scenario_3.Scenario_3_9@f78a47e] output={null}]]]>
              </value>
            </param>
          </params>
          <reporter-output>
          </reporter-output>
        </test-method> <!-- reportUp -->
        <test-method is-config="true" signature="tearDown(org.testng.ITestResult)[pri:0, instance:net.assuresign.scenario_3.Scenario_3_9@f78a47e]" started-at="2021-04-15T10:23:12 IST" name="tearDown" finished-at="2021-04-15T10:23:12 IST" duration-ms="0" status="PASS">
          <params>
            <param index="0">
              <value>
                <![CDATA[[TestResult name=submit_Doc128Char status=SUCCESS method=Scenario_3_9.submit_Doc128Char(java.lang.String)[pri:0, instance:net.assuresign.scenario_3.Scenario_3_9@f78a47e] output={null}]]]>
              </value>
            </param>
          </params>
          <reporter-output>
          </reporter-output>
        </test-method> <!-- tearDown -->
        <test-method is-config="true" signature="reportUp(org.testng.ITestResult)[pri:0, instance:net.assuresign.scenario_3.Scenario_3_9@f78a47e]" started-at="2021-04-15T10:23:12 IST" name="reportUp" finished-at="2021-04-15T10:23:12 IST" duration-ms="0" status="PASS">
          <params>
            <param index="0">
              <value>
                <![CDATA[[TestResult name={null} status=CREATED method=Scenario_3_9.submit_SSTemplate128Char(java.lang.String)[pri:0, instance:net.assuresign.scenario_3.Scenario_3_9@f78a47e] output={null}]]]>
              </value>
            </param>
          </params>
          <reporter-output>
          </reporter-output>
        </test-method> <!-- reportUp -->
        <test-method signature="submit_SSTemplate128Char(java.lang.String)[pri:0, instance:net.assuresign.scenario_3.Scenario_3_9@f78a47e]" started-at="2021-04-15T10:23:12 IST" name="submit_SSTemplate128Char" data-provider="version-data-provider" finished-at="2021-04-15T10:23:19 IST" duration-ms="6388" status="PASS">
          <params>
            <param index="0">
              <value>
                <![CDATA[3.7]]>
              </value>
            </param>
          </params>
          <reporter-output>
          </reporter-output>
        </test-method> <!-- submit_SSTemplate128Char -->
        <test-method is-config="true" signature="tearDown(org.testng.ITestResult)[pri:0, instance:net.assuresign.scenario_3.Scenario_3_9@f78a47e]" started-at="2021-04-15T10:23:19 IST" name="tearDown" finished-at="2021-04-15T10:23:19 IST" duration-ms="1" status="PASS">
          <params>
            <param index="0">
              <value>
                <![CDATA[[TestResult name=submit_SSTemplate128Char status=SUCCESS method=Scenario_3_9.submit_SSTemplate128Char(java.lang.String)[pri:0, instance:net.assuresign.scenario_3.Scenario_3_9@f78a47e] output={null}]]]>
              </value>
            </param>
          </params>
          <reporter-output>
          </reporter-output>
        </test-method> <!-- tearDown -->
      </class> <!-- net.assuresign.scenario_3.Scenario_3_9 -->
      <class name="net.assuresign.scenario_3.Scenario_3_8">
        <test-method is-config="true" signature="reportUp(org.testng.ITestResult)[pri:0, instance:net.assuresign.scenario_3.Scenario_3_8@26d9b808]" started-at="2021-04-15T10:22:48 IST" name="reportUp" finished-at="2021-04-15T10:22:48 IST" duration-ms="0" status="PASS">
          <params>
            <param index="0">
              <value>
                <![CDATA[[TestResult name={null} status=CREATED method=Scenario_3_8.sessionTokenDeprecated_44009(java.lang.String)[pri:0, instance:net.assuresign.scenario_3.Scenario_3_8@26d9b808] output={null}]]]>
              </value>
            </param>
          </params>
          <reporter-output>
          </reporter-output>
        </test-method> <!-- reportUp -->
        <test-method signature="sessionTokenDeprecated_44009(java.lang.String)[pri:0, instance:net.assuresign.scenario_3.Scenario_3_8@26d9b808]" started-at="2021-04-15T10:22:48 IST" name="sessionTokenDeprecated_44009" data-provider="version-data-provider" finished-at="2021-04-15T10:22:50 IST" duration-ms="2473" status="PASS">
          <params>
            <param index="0">
              <value>
                <![CDATA[3.7]]>
              </value>
            </param>
          </params>
          <reporter-output>
          </reporter-output>
        </test-method> <!-- sessionTokenDeprecated_44009 -->
        <test-method is-config="true" signature="tearDown(org.testng.ITestResult)[pri:0, instance:net.assuresign.scenario_3.Scenario_3_8@26d9b808]" started-at="2021-04-15T10:22:50 IST" name="tearDown" finished-at="2021-04-15T10:22:50 IST" duration-ms="1" status="PASS">
          <params>
            <param index="0">
              <value>
                <![CDATA[[TestResult name=sessionTokenDeprecated_44009 status=SUCCESS method=Scenario_3_8.sessionTokenDeprecated_44009(java.lang.String)[pri:0, instance:net.assuresign.scenario_3.Scenario_3_8@26d9b808] output={null}]]]>
              </value>
            </param>
          </params>
          <reporter-output>
          </reporter-output>
        </test-method> <!-- tearDown -->
        <test-method signature="submitHybridCallDeprecated(java.lang.String)[pri:0, instance:net.assuresign.scenario_3.Scenario_3_8@26d9b808]" started-at="2021-04-15T10:22:50 IST" name="submitHybridCallDeprecated" data-provider="version-data-provider" finished-at="2021-04-15T10:23:03 IST" duration-ms="12983" status="PASS">
          <params>
            <param index="0">
              <value>
                <![CDATA[3.7]]>
              </value>
            </param>
          </params>
          <reporter-output>
          </reporter-output>
        </test-method> <!-- submitHybridCallDeprecated -->
[...]
            <param index="0">
              <value>
                <![CDATA[[TestResult name={null} status=CREATED method=Scenario_8.getEnvelopes_ClosedWithFromDateLaterTodate(java.lang.String)[pri:0, instance:net.assuresign.scenario_8.Scenario_8@470734c3] output={null}]]]>
              </value>
            </param>
          </params>
          <reporter-output>
          </reporter-output>
        </test-method> <!-- reportUp -->
        <test-method signature="getEnvelopes_ClosedWithFromDateLaterTodate(java.lang.String)[pri:0, instance:net.assuresign.scenario_8.Scenario_8@470734c3]" started-at="2021-04-15T10:40:25 IST" name="getEnvelopes_ClosedWithFromDateLaterTodate" data-provider="version-data-provider" finished-at="2021-04-15T10:40:30 IST" duration-ms="5286" status="PASS">
          <params>
            <param index="0">
              <value>
                <![CDATA[3.7]]>
              </value>
            </param>
          </params>
          <reporter-output>
          </reporter-output>
        </test-method> <!-- getEnvelopes_ClosedWithFromDateLaterTodate -->
        <test-method is-config="true" signature="tearDown(org.testng.ITestResult)[pri:0, instance:net.assuresign.scenario_8.Scenario_8@470734c3]" started-at="2021-04-15T10:40:30 IST" name="tearDown" finished-at="2021-04-15T10:40:30 IST" duration-ms="0" status="PASS">
          <params>
            <param index="0">
              <value>
                <![CDATA[[TestResult name=getEnvelopes_ClosedWithFromDateLaterTodate status=SUCCESS method=Scenario_8.getEnvelopes_ClosedWithFromDateLaterTodate(java.lang.String)[pri:0, instance:net.assuresign.scenario_8.Scenario_8@470734c3] output={null}]]]>
              </value>
            </param>
          </params>
          <reporter-output>
          </reporter-output>
        </test-method> <!-- tearDown -->
        <test-method is-config="true" signature="reportUp(org.testng.ITestResult)[pri:0, instance:net.assuresign.scenario_8.Scenario_8@470734c3]" started-at="2021-04-15T10:40:30 IST" name="reportUp" finished-at="2021-04-15T10:40:30 IST" duration-ms="0" status="PASS">
          <params>
            <param index="0">
              <value>
                <![CDATA[[TestResult name={null} status=CREATED method=Scenario_8.getEnvelopes_ClosedWithInvalidFormData(java.lang.String)[pri:0, instance:net.assuresign.scenario_8.Scenario_8@470734c3] output={null}]]]>
              </value>
            </param>
          </params>
          <reporter-output>
          </reporter-output>
        </test-method> <!-- reportUp -->
        <test-method signature="getEnvelopes_ClosedWithInvalidFormData(java.lang.String)[pri:0, instance:net.assuresign.scenario_8.Scenario_8@470734c3]" started-at="2021-04-15T10:40:30 IST" name="getEnvelopes_ClosedWithInvalidFormData" data-provider="version-data-provider" finished-at="2021-04-15T10:40:35 IST" duration-ms="5100" status="PASS">
          <params>
            <param index="0">
              <value>
                <![CDATA[3.7]]>
              </value>
            </param>
          </params>
          <reporter-output>
          </reporter-output>
        </test-method> <!-- getEnvelopes_ClosedWithInvalidFormData -->
        <test-method is-config="true" signature="tearDown(org.testng.ITestResult)[pri:0, instance:net.assuresign.scenario_8.Scenario_8@470734c3]" started-at="2021-04-15T10:40:35 IST" name="tearDown" finished-at="2021-04-15T10:40:35 IST" duration-ms="0" status="PASS">
          <params>
            <param index="0">
              <value>
                <![CDATA[[TestResult name=getEnvelopes_ClosedWithInvalidFormData status=SUCCESS method=Scenario_8.getEnvelopes_ClosedWithInvalidFormData(java.lang.String)[pri:0, instance:net.assuresign.scenario_8.Scenario_8@470734c3] output={null}]]]>
              </value>
            </param>
          </params>
          <reporter-output>
          </reporter-output>
        </test-method> <!-- tearDown -->
        <test-method signature="getEnvelopes_ClosedWithNoFormData(java.lang.String)[pri:0, instance:net.assuresign.scenario_8.Scenario_8@470734c3]" started-at="2021-04-15T10:40:35 IST" name="getEnvelopes_ClosedWithNoFormData" data-provider="version-data-provider" finished-at="2021-04-15T10:40:40 IST" duration-ms="4842" status="PASS">
          <params>
            <param index="0">
              <value>
                <![CDATA[3.7]]>
              </value>
            </param>
          </params>
          <reporter-output>
          </reporter-output>
        </test-method> <!-- getEnvelopes_ClosedWithNoFormData -->
        <test-method is-config="true" signature="reportUp(org.testng.ITestResult)[pri:0, instance:net.assuresign.scenario_8.Scenario_8@470734c3]" started-at="2021-04-15T10:40:35 IST" name="reportUp" finished-at="2021-04-15T10:40:35 IST" duration-ms="0" status="PASS">
          <params>
            <param index="0">
              <value>
                <![CDATA[[TestResult name={null} status=CREATED method=Scenario_8.getEnvelopes_ClosedWithNoFormData(java.lang.String)[pri:0, instance:net.assuresign.scenario_8.Scenario_8@470734c3] output={null}]]]>
              </value>
            </param>
          </params>
          <reporter-output>
          </reporter-output>
        </test-method> <!-- reportUp -->
        <test-method is-config="true" signature="tearDown(org.testng.ITestResult)[pri:0, instance:net.assuresign.scenario_8.Scenario_8@470734c3]" started-at="2021-04-15T10:40:40 IST" name="tearDown" finished-at="2021-04-15T10:40:40 IST" duration-ms="1" status="PASS">
          <params>
            <param index="0">
              <value>
                <![CDATA[[TestResult name=getEnvelopes_ClosedWithNoFormData status=SUCCESS method=Scenario_8.getEnvelopes_ClosedWithNoFormData(java.lang.String)[pri:0, instance:net.assuresign.scenario_8.Scenario_8@470734c3] output={null}]]]>
              </value>
            </param>
          </params>
          <reporter-output>
          </reporter-output>
        </test-method> <!-- tearDown -->
        <test-method is-config="true" signature="reportUp(org.testng.ITestResult)[pri:0, instance:net.assuresign.scenario_8.Scenario_8@470734c3]" started-at="2021-04-15T10:40:40 IST" name="reportUp" finished-at="2021-04-15T10:40:40 IST" duration-ms="9" status="PASS">
          <params>
            <param index="0">
              <value>
                <![CDATA[[TestResult name={null} status=CREATED method=Scenario_8.getEnvelopes_EmptyEnvelopID(java.lang.String)[pri:0, instance:net.assuresign.scenario_8.Scenario_8@470734c3] output={null}]]]>
              </value>
            </param>
          </params>
          <reporter-output>
          </reporter-output>
        </test-method> <!-- reportUp -->
        <test-method signature="getEnvelopes_EmptyEnvelopID(java.lang.String)[pri:0, instance:net.assuresign.scenario_8.Scenario_8@470734c3]" started-at="2021-04-15T10:40:40 IST" name="getEnvelopes_EmptyEnvelopID" data-provider="version-data-provider" finished-at="2021-04-15T10:40:47 IST" duration-ms="7419" status="FAIL">
          <params>
            <param index="0">
              <value>
                <![CDATA[3.7]]>
              </value>
            </param>
          </params>
          <exception class="java.lang.AssertionError">
            <message>
              <![CDATA[1 expectation failed.
Expected status code (<400> or <404>) but was <200>.
]]>
            </message>
            <full-stacktrace>
              <![CDATA[java.lang.AssertionError: 1 expectation failed.
Expected status code (<400> or <404>) but was <200>.

at java.base/jdk.internal.reflect.NativeConstructorAccessorImpl.newInstance0(Native Method)
at java.base/jdk.internal.reflect.NativeConstructorAccessorImpl.newInstance(NativeConstructorAccessorImpl.java:62)
at java.base/jdk.internal.reflect.DelegatingConstructorAccessorImpl.newInstance(DelegatingConstructorAccessorImpl.java:45)
at java.base/java.lang.reflect.Constructor.newInstance(Constructor.java:490)
at org.codehaus.groovy.reflection.CachedConstructor.invoke(CachedConstructor.java:72)
at org.codehaus.groovy.reflection.CachedConstructor.doConstructorInvoke(CachedConstructor.java:59)
at org.codehaus.groovy.runtime.callsite.ConstructorSite$ConstructorSiteNoUnwrap.callConstructor(ConstructorSite.java:84)
at org.codehaus.groovy.runtime.callsite.AbstractCallSite.callConstructor(AbstractCallSite.java:277)
at io.restassured.internal.ResponseSpecificationImpl$HamcrestAssertionClosure.validate(ResponseSpecificationImpl.groovy:493)
at io.restassured.internal.ResponseSpecificationImpl$HamcrestAssertionClosure$validate$1.call(Unknown Source)
at io.restassured.internal.ResponseSpecificationImpl.validateResponseIfRequired(ResponseSpecificationImpl.groovy:674)
at jdk.internal.reflect.GeneratedMethodAccessor69.invoke(Unknown Source)
at java.base/jdk.internal.reflect.DelegatingMethodAccessorImpl.invoke(DelegatingMethodAccessorImpl.java:43)
at java.base/java.lang.reflect.Method.invoke(Method.java:566)
at org.codehaus.groovy.runtime.callsite.PlainObjectMetaMethodSite.doInvoke(PlainObjectMetaMethodSite.java:43)
at org.codehaus.groovy.runtime.callsite.PogoMetaMethodSite$PogoCachedMethodSiteNoUnwrapNoCoerce.invoke(PogoMetaMethodSite.java:193)
at org.codehaus.groovy.runtime.callsite.PogoMetaMethodSite.callCurrent(PogoMetaMethodSite.java:61)
at org.codehaus.groovy.runtime.callsite.AbstractCallSite.callCurrent(AbstractCallSite.java:185)
at io.restassured.internal.ResponseSpecificationImpl.statusCode(ResponseSpecificationImpl.groovy:126)
at io.restassured.internal.ValidatableResponseOptionsImpl.statusCode(ValidatableResponseOptionsImpl.java:84)
at io.restassured.internal.ValidatableResponseImpl.super$2$statusCode(ValidatableResponseImpl.groovy)
at jdk.internal.reflect.GeneratedMethodAccessor166.invoke(Unknown Source)
at java.base/jdk.internal.reflect.DelegatingMethodAccessorImpl.invoke(DelegatingMethodAccessorImpl.java:43)
at java.base/java.lang.reflect.Method.invoke(Method.java:566)
at org.codehaus.groovy.reflection.CachedMethod.invoke(CachedMethod.java:107)
at groovy.lang.MetaMethod.doMethodInvoke(MetaMethod.java:323)
at groovy.lang.MetaClassImpl.invokeMethod(MetaClassImpl.java:1268)
at org.codehaus.groovy.runtime.ScriptBytecodeAdapter.invokeMethodOnSuperN(ScriptBytecodeAdapter.java:144)
at io.restassured.internal.ValidatableResponseImpl.statusCode(ValidatableResponseImpl.groovy:136)
at io.restassured.internal.ValidatableResponseImpl.statusCode(ValidatableResponseImpl.groovy)
at net.assuresign.scenario_8.Scenario_8.getEnvelopes_EmptyEnvelopID(Scenario_8.java:135)
at java.base/jdk.internal.reflect.NativeMethodAccessorImpl.invoke0(Native Method)
at java.base/jdk.internal.reflect.NativeMethodAccessorImpl.invoke(NativeMethodAccessorImpl.java:62)
at java.base/jdk.internal.reflect.DelegatingMethodAccessorImpl.invoke(DelegatingMethodAccessorImpl.java:43)
at java.base/java.lang.reflect.Method.invoke(Method.java:566)
at org.testng.internal.MethodInvocationHelper.invokeMethod(MethodInvocationHelper.java:133)
at org.testng.internal.TestInvoker.invokeMethod(TestInvoker.java:598)
at org.testng.internal.TestInvoker.invokeTestMethod(TestInvoker.java:173)
at org.testng.internal.MethodRunner.runInSequence(MethodRunner.java:46)
at org.testng.internal.TestInvoker$MethodInvocationAgent.invoke(TestInvoker.java:824)
at org.testng.internal.TestInvoker.invokeTestMethods(TestInvoker.java:146)
at org.testng.internal.TestMethodWorker.invokeTestMethods(TestMethodWorker.java:146)
at org.testng.internal.TestMethodWorker.run(TestMethodWorker.java:128)
at java.base/java.util.ArrayList.forEach(ArrayList.java:1540)
at org.testng.TestRunner.privateRun(TestRunner.java:794)
at org.testng.TestRunner.run(TestRunner.java:596)
at org.testng.SuiteRunner.runTest(SuiteRunner.java:377)
at org.testng.SuiteRunner.runSequentially(SuiteRunner.java:371)
at org.testng.SuiteRunner.privateRun(SuiteRunner.java:332)
at org.testng.SuiteRunner.run(SuiteRunner.java:276)
at org.testng.SuiteRunnerWorker.runSuite(SuiteRunnerWorker.java:53)
at org.testng.SuiteRunnerWorker.run(SuiteRunnerWorker.java:96)
at org.testng.TestNG.runSuitesSequentially(TestNG.java:1212)
at org.testng.TestNG.runSuitesLocally(TestNG.java:1134)
at org.testng.TestNG.runSuites(TestNG.java:1063)
at org.testng.TestNG.run(TestNG.java:1031)
at org.testng.remote.AbstractRemoteTestNG.run(AbstractRemoteTestNG.java:115)
at org.testng.remote.RemoteTestNG.initAndRun(RemoteTestNG.java:251)
at org.testng.remote.RemoteTestNG.main(RemoteTestNG.java:77)
]]>
            </full-stacktrace>
          </exception> <!-- java.lang.AssertionError -->
          <reporter-output>
          </reporter-output>
        </test-method> <!-- getEnvelopes_EmptyEnvelopID -->
        <test-method is-config="true" signature="tearDown(org.testng.ITestResult)[pri:0, instance:net.assuresign.scenario_8.Scenario_8@470734c3]" started-at="2021-04-15T10:40:47 IST" name="tearDown" finished-at="2021-04-15T10:40:47 IST" duration-ms="1" status="PASS">
          <params>
            <param index="0">
              <value>
                <![CDATA[[TestResult name=getEnvelopes_EmptyEnvelopID status=FAILURE method=Scenario_8.getEnvelopes_EmptyEnvelopID(java.lang.String)[pri:0, instance:net.assuresign.scenario_8.Scenario_8@470734c3] output={null}]]]>
              </value>
            </param>
          </params>
          <reporter-output>
          </reporter-output>
        </test-method> <!-- tearDown -->
        <test-method is-config="true" signature="reportUp(org.testng.ITestResult)[pri:0, instance:net.assuresign.scenario_8.Scenario_8@470734c3]" started-at="2021-04-15T10:40:47 IST" name="reportUp" finished-at="2021-04-15T10:40:47 IST" duration-ms="0" status="PASS">
          <params>
            <param index="0">
              <value>
                <![CDATA[[TestResult name={null} status=CREATED method=Scenario_8.getEnvelopes_InvalidEnvelopID(java.lang.String)[pri:0, instance:net.assuresign.scenario_8.Scenario_8@470734c3] output={null}]]]>
              </value>
            </param>
          </params>
          <reporter-output>
          </reporter-output>
        </test-method> <!-- reportUp -->
        <test-method signature="getEnvelopes_InvalidEnvelopID(java.lang.String)[pri:0, instance:net.assuresign.scenario_8.Scenario_8@470734c3]" started-at="2021-04-15T10:40:47 IST" name="getEnvelopes_InvalidEnvelopID" data-provider="version-data-provider" finished-at="2021-04-15T10:40:52 IST" duration-ms="4752" status="PASS">
          <params>
            <param index="0">
              <value>
                <![CDATA[3.7]]>
              </value>
            </param>
          </params>
          <reporter-output>
          </reporter-output>
        </test-method> <!-- getEnvelopes_InvalidEnvelopID -->
        <test-method is-config="true" signature="tearDown(org.testng.ITestResult)[pri:0, instance:net.assuresign.scenario_8.Scenario_8@470734c3]" started-at="2021-04-15T10:40:52 IST" name="tearDown" finished-at="2021-04-15T10:40:52 IST" duration-ms="0" status="PASS">
          <params>
            <param index="0">
              <value>
                <![CDATA[[TestResult name=getEnvelopes_InvalidEnvelopID status=SUCCESS method=Scenario_8.getEnvelopes_InvalidEnvelopID(java.lang.String)[pri:0, instance:net.assuresign.scenario_8.Scenario_8@470734c3] output={null}]]]>
              </value>
            </param>
          </params>
          <reporter-output>
          </reporter-output>
        </test-method> <!-- tearDown -->
      </class> <!-- net.assuresign.scenario_8.Scenario_8 -->
      <class name="net.assuresign.scenario_3.Scenario_3_13">
        <test-method signature="submitPlaceholderTemplate_oneDoc(java.lang.String)[pri:0, instance:net.assuresign.scenario_3.Scenario_3_13@54c5a2ff]" started-at="2021-04-15T10:25:16 IST" name="submitPlaceholderTemplate_oneDoc" data-provider="version-data-provider" finished-at="2021-04-15T10:25:27 IST" duration-ms="11521" status="PASS">
          <params>
            <param index="0">
              <value>
                <![CDATA[3.7]]>
              </value>
            </param>
          </params>
          <reporter-output>
          </reporter-output>
        </test-method> <!-- submitPlaceholderTemplate_oneDoc -->
        <test-method is-config="true" signature="reportUp(org.testng.ITestResult)[pri:0, instance:net.assuresign.scenario_3.Scenario_3_13@54c5a2ff]" started-at="2021-04-15T10:25:16 IST" name="reportUp" finished-at="2021-04-15T10:25:16 IST" duration-ms="0" status="PASS">
          <params>
            <param index="0">
              <value>
                <![CDATA[[TestResult name={null} status=CREATED method=Scenario_3_13.submitPlaceholderTemplate_oneDoc(java.lang.String)[pri:0, instance:net.assuresign.scenario_3.Scenario_3_13@54c5a2ff] output={null}]]]>
              </value>
            </param>
          </params>
          <reporter-output>
          </reporter-output>
        </test-method> <!-- reportUp -->
        <test-method is-config="true" signature="tearDown(org.testng.ITestResult)[pri:0, instance:net.assuresign.scenario_3.Scenario_3_13@54c5a2ff]" started-at="2021-04-15T10:25:27 IST" name="tearDown" finished-at="2021-04-15T10:25:27 IST" duration-ms="0" status="PASS">
          <params>
            <param index="0">
              <value>
                <![CDATA[[TestResult name=submitPlaceholderTemplate_oneDoc status=SUCCESS method=Scenario_3_13.submitPlaceholderTemplate_oneDoc(java.lang.String)[pri:0, instance:net.assuresign.scenario_3.Scenario_3_13@54c5a2ff] output={null}]]]>
              </value>
            </param>
          </params>
          <reporter-output>
          </reporter-output>
        </test-method> <!-- tearDown -->
        <test-method is-config="true" signature="reportUp(org.testng.ITestResult)[pri:0, instance:net.assuresign.scenario_3.Scenario_3_13@54c5a2ff]" started-at="2021-04-15T10:25:27 IST" name="reportUp" finished-at="2021-04-15T10:25:28 IST" duration-ms="6" status="PASS">
          <params>
            <param index="0">
              <value>
                <![CDATA[[TestResult name={null} status=CREATED method=Scenario_3_13.submitPlaceholderTemplate_twoDoc(java.lang.String)[pri:0, instance:net.assuresign.scenario_3.Scenario_3_13@54c5a2ff] output={null}]]]>
              </value>
            </param>
          </params>
          <reporter-output>
          </reporter-output>
        </test-method> <!-- reportUp -->
        <test-method signature="submitPlaceholderTemplate_twoDoc(java.lang.String)[pri:0, instance:net.assuresign.scenario_3.Scenario_3_13@54c5a2ff]" started-at="2021-04-15T10:25:28 IST" name="submitPlaceholderTemplate_twoDoc" data-provider="version-data-provider" finished-at="2021-04-15T10:25:42 IST" duration-ms="14095" status="PASS">
          <params>
            <param index="0">
              <value>
                <![CDATA[3.7]]>
              </value>
            </param>
          </params>
          <reporter-output>
          </reporter-output>
        </test-method> <!-- submitPlaceholderTemplate_twoDoc -->
        <test-method is-config="true" signature="tearDown(org.testng.ITestResult)[pri:0, instance:net.assuresign.scenario_3.Scenario_3_13@54c5a2ff]" started-at="2021-04-15T10:25:42 IST" name="tearDown" finished-at="2021-04-15T10:25:42 IST" duration-ms="1" status="PASS">
          <params>
            <param index="0">
              <value>
                <![CDATA[[TestResult name=submitPlaceholderTemplate_twoDoc status=SUCCESS method=Scenario_3_13.submitPlaceholderTemplate_twoDoc(java.lang.String)[pri:0, instance:net.assuresign.scenario_3.Scenario_3_13@54c5a2ff] output={null}]]]>
              </value>
            </param>
          </params>
          <reporter-output>
          </reporter-output>
        </test-method> <!-- tearDown -->
      </class> <!-- net.assuresign.scenario_3.Scenario_3_13 -->
    </test> <!-- Test -->
  </suite> <!-- Suite -->
</testng-results>
