<?xml version="1.0" encoding="UTF-8"?>
<testng-results ignored="8" total="10" passed="2" failed="0" skipped="0">
  <reporter-output>
  </reporter-output>
  <suite started-at="2021-05-06T12:22:05 IST" name="Suite" finished-at="2021-05-06T12:22:22 IST" duration-ms="17026">
    <groups>
    </groups>
    <test started-at="2021-05-06T12:22:05 IST" name="Test" finished-at="2021-05-06T12:22:22 IST" duration-ms="17026">
      <class name="net.assuresign.scenario_3.Scenario_3_5">
        <test-method is-config="true" signature="reportUp(org.testng.ITestResult)[pri:0, instance:net.assuresign.scenario_3.Scenario_3_5@3d5c822d]" started-at="2021-05-06T12:22:05 IST" name="reportUp" finished-at="2021-05-06T12:22:05 IST" duration-ms="7" status="PASS">
          <params>
            <param index="0">
              <value>
                <![CDATA[[TestResult name={null} status=CREATED method=Scenario_3_5.submitValidate_jotBlockParsingParseDocFalse(java.lang.String)[pri:0, instance:net.assuresign.scenario_3.Scenario_3_5@3d5c822d] output={null}]]]>
              </value>
            </param>
          </params>
          <reporter-output>
          </reporter-output>
        </test-method> <!-- reportUp -->
        <test-method signature="submitValidate_jotBlockParsingParseDocFalse(java.lang.String)[pri:0, instance:net.assuresign.scenario_3.Scenario_3_5@3d5c822d]" started-at="2021-05-06T12:22:05 IST" name="submitValidate_jotBlockParsingParseDocFalse" data-provider="version-data-provider" finished-at="2021-05-06T12:22:16 IST" duration-ms="10558" status="PASS">
          <params>
            <param index="0">
              <value>
                <![CDATA[3.7]]>
              </value>
            </param>
          </params>
          <reporter-output>
          </reporter-output>
        </test-method> <!-- submitValidate_jotBlockParsingParseDocFalse -->
        <test-method is-config="true" signature="tearDown(org.testng.ITestResult)[pri:0, instance:net.assuresign.scenario_3.Scenario_3_5@3d5c822d]" started-at="2021-05-06T12:22:16 IST" name="tearDown" finished-at="2021-05-06T12:22:16 IST" duration-ms="3" status="PASS">
          <params>
            <param index="0">
              <value>
                <![CDATA[[TestResult name=submitValidate_jotBlockParsingParseDocFalse status=SUCCESS method=Scenario_3_5.submitValidate_jotBlockParsingParseDocFalse(java.lang.String)[pri:0, instance:net.assuresign.scenario_3.Scenario_3_5@3d5c822d] output={null}]]]>
              </value>
            </param>
          </params>
          <reporter-output>
          </reporter-output>
        </test-method> <!-- tearDown -->
        <test-method is-config="true" signature="reportUp(org.testng.ITestResult)[pri:0, instance:net.assuresign.scenario_3.Scenario_3_5@3d5c822d]" started-at="2021-05-06T12:22:16 IST" name="reportUp" finished-at="2021-05-06T12:22:16 IST" duration-ms="1" status="PASS">
          <params>
            <param index="0">
              <value>
                <![CDATA[[TestResult name={null} status=CREATED method=Scenario_3_5.submit_jotBlockParsingParseDocFalse(java.lang.String)[pri:0, instance:net.assuresign.scenario_3.Scenario_3_5@3d5c822d] output={null}]]]>
              </value>
            </param>
          </params>
          <reporter-output>
          </reporter-output>
        </test-method> <!-- reportUp -->
        <test-method signature="submit_jotBlockParsingParseDocFalse(java.lang.String)[pri:0, instance:net.assuresign.scenario_3.Scenario_3_5@3d5c822d]" started-at="2021-05-06T12:22:16 IST" name="submit_jotBlockParsingParseDocFalse" data-provider="version-data-provider" finished-at="2021-05-06T12:22:22 IST" duration-ms="6156" status="PASS">
          <params>
            <param index="0">
              <value>
                <![CDATA[3.7]]>
              </value>
            </param>
          </params>
          <reporter-output>
          </reporter-output>
        </test-method> <!-- submit_jotBlockParsingParseDocFalse -->
        <test-method is-config="true" signature="tearDown(org.testng.ITestResult)[pri:0, instance:net.assuresign.scenario_3.Scenario_3_5@3d5c822d]" started-at="2021-05-06T12:22:22 IST" name="tearDown" finished-at="2021-05-06T12:22:22 IST" duration-ms="0" status="PASS">
          <params>
            <param index="0">
              <value>
                <![CDATA[[TestResult name=submit_jotBlockParsingParseDocFalse status=SUCCESS method=Scenario_3_5.submit_jotBlockParsingParseDocFalse(java.lang.String)[pri:0, instance:net.assuresign.scenario_3.Scenario_3_5@3d5c822d] output={null}]]]>
              </value>
            </param>
          </params>
          <reporter-output>
          </reporter-output>
        </test-method> <!-- tearDown -->
      </class> <!-- net.assuresign.scenario_3.Scenario_3_5 -->
    </test> <!-- Test -->
  </suite> <!-- Suite -->
</testng-results>
