<?xml version="1.0" encoding="UTF-8"?>
<testng-results ignored="1" total="6" passed="5" failed="0" skipped="0">
  <reporter-output>
  </reporter-output>
  <suite started-at="2021-04-23T09:51:24 IST" name="Suite" finished-at="2021-04-23T09:53:22 IST" duration-ms="118512">
    <groups>
    </groups>
    <test started-at="2021-04-23T09:51:24 IST" name="Test" finished-at="2021-04-23T09:53:22 IST" duration-ms="118512">
      <class name="net.assuresign.scenario_4.Scenario_4_11">
        <test-method is-config="true" signature="reportUp(org.testng.ITestResult)[pri:0, instance:net.assuresign.scenario_4.Scenario_4_11@4a7f959b]" started-at="2021-04-23T09:51:24 IST" name="reportUp" finished-at="2021-04-23T09:51:24 IST" duration-ms="7" status="PASS">
          <params>
            <param index="0">
              <value>
                <![CDATA[[TestResult name={null} status=CREATED method=Scenario_4_11.submit_deprecated(java.lang.String)[pri:0, instance:net.assuresign.scenario_4.Scenario_4_11@4a7f959b] output={null}]]]>
              </value>
            </param>
          </params>
          <reporter-output>
          </reporter-output>
        </test-method> <!-- reportUp -->
        <test-method signature="submit_deprecated(java.lang.String)[pri:0, instance:net.assuresign.scenario_4.Scenario_4_11@4a7f959b]" started-at="2021-04-23T09:51:24 IST" name="submit_deprecated" data-provider="version-data-provider" finished-at="2021-04-23T09:51:44 IST" duration-ms="20310" status="PASS">
          <params>
            <param index="0">
              <value>
                <![CDATA[3.3]]>
              </value>
            </param>
          </params>
          <reporter-output>
          </reporter-output>
        </test-method> <!-- submit_deprecated -->
        <test-method is-config="true" signature="tearDown(org.testng.ITestResult)[pri:0, instance:net.assuresign.scenario_4.Scenario_4_11@4a7f959b]" started-at="2021-04-23T09:51:44 IST" name="tearDown" finished-at="2021-04-23T09:51:44 IST" duration-ms="3" status="PASS">
          <params>
            <param index="0">
              <value>
                <![CDATA[[TestResult name=submit_deprecated status=SUCCESS method=Scenario_4_11.submit_deprecated(java.lang.String)[pri:0, instance:net.assuresign.scenario_4.Scenario_4_11@4a7f959b] output={null}]]]>
              </value>
            </param>
          </params>
          <reporter-output>
          </reporter-output>
        </test-method> <!-- tearDown -->
        <test-method is-config="true" signature="reportUp(org.testng.ITestResult)[pri:0, instance:net.assuresign.scenario_4.Scenario_4_11@4a7f959b]" started-at="2021-04-23T09:51:44 IST" name="reportUp" finished-at="2021-04-23T09:51:44 IST" duration-ms="1" status="PASS">
          <params>
            <param index="0">
              <value>
                <![CDATA[[TestResult name={null} status=CREATED method=Scenario_4_11.submit_deprecated(java.lang.String)[pri:0, instance:net.assuresign.scenario_4.Scenario_4_11@4a7f959b] output={null}]]]>
              </value>
            </param>
          </params>
          <reporter-output>
          </reporter-output>
        </test-method> <!-- reportUp -->
        <test-method signature="submit_deprecated(java.lang.String)[pri:0, instance:net.assuresign.scenario_4.Scenario_4_11@4a7f959b]" started-at="2021-04-23T09:51:44 IST" name="submit_deprecated" data-provider="version-data-provider" finished-at="2021-04-23T09:52:00 IST" duration-ms="16213" status="PASS">
          <params>
            <param index="0">
              <value>
                <![CDATA[3.4]]>
              </value>
            </param>
          </params>
          <reporter-output>
          </reporter-output>
        </test-method> <!-- submit_deprecated -->
        <test-method is-config="true" signature="tearDown(org.testng.ITestResult)[pri:0, instance:net.assuresign.scenario_4.Scenario_4_11@4a7f959b]" started-at="2021-04-23T09:52:00 IST" name="tearDown" finished-at="2021-04-23T09:52:00 IST" duration-ms="1" status="PASS">
          <params>
            <param index="0">
              <value>
                <![CDATA[[TestResult name=submit_deprecated status=SUCCESS method=Scenario_4_11.submit_deprecated(java.lang.String)[pri:0, instance:net.assuresign.scenario_4.Scenario_4_11@4a7f959b] output={null}]]]>
              </value>
            </param>
          </params>
          <reporter-output>
          </reporter-output>
        </test-method> <!-- tearDown -->
        <test-method is-config="true" signature="reportUp(org.testng.ITestResult)[pri:0, instance:net.assuresign.scenario_4.Scenario_4_11@4a7f959b]" started-at="2021-04-23T09:52:00 IST" name="reportUp" finished-at="2021-04-23T09:52:00 IST" duration-ms="2" status="PASS">
          <params>
            <param index="0">
              <value>
                <![CDATA[[TestResult name={null} status=CREATED method=Scenario_4_11.submit_deprecated(java.lang.String)[pri:0, instance:net.assuresign.scenario_4.Scenario_4_11@4a7f959b] output={null}]]]>
              </value>
            </param>
          </params>
          <reporter-output>
          </reporter-output>
        </test-method> <!-- reportUp -->
        <test-method signature="submit_deprecated(java.lang.String)[pri:0, instance:net.assuresign.scenario_4.Scenario_4_11@4a7f959b]" started-at="2021-04-23T09:52:00 IST" name="submit_deprecated" data-provider="version-data-provider" finished-at="2021-04-23T09:52:17 IST" duration-ms="16762" status="PASS">
          <params>
            <param index="0">
              <value>
                <![CDATA[3.5]]>
              </value>
            </param>
          </params>
          <reporter-output>
          </reporter-output>
        </test-method> <!-- submit_deprecated -->
        <test-method is-config="true" signature="tearDown(org.testng.ITestResult)[pri:0, instance:net.assuresign.scenario_4.Scenario_4_11@4a7f959b]" started-at="2021-04-23T09:52:17 IST" name="tearDown" finished-at="2021-04-23T09:52:17 IST" duration-ms="1" status="PASS">
          <params>
            <param index="0">
              <value>
                <![CDATA[[TestResult name=submit_deprecated status=SUCCESS method=Scenario_4_11.submit_deprecated(java.lang.String)[pri:0, instance:net.assuresign.scenario_4.Scenario_4_11@4a7f959b] output={null}]]]>
              </value>
            </param>
          </params>
          <reporter-output>
          </reporter-output>
        </test-method> <!-- tearDown -->
        <test-method is-config="true" signature="reportUp(org.testng.ITestResult)[pri:0, instance:net.assuresign.scenario_4.Scenario_4_11@4a7f959b]" started-at="2021-04-23T09:52:17 IST" name="reportUp" finished-at="2021-04-23T09:52:17 IST" duration-ms="0" status="PASS">
          <params>
            <param index="0">
              <value>
                <![CDATA[[TestResult name={null} status=CREATED method=Scenario_4_11.submit_deprecated(java.lang.String)[pri:0, instance:net.assuresign.scenario_4.Scenario_4_11@4a7f959b] output={null}]]]>
              </value>
            </param>
          </params>
          <reporter-output>
          </reporter-output>
        </test-method> <!-- reportUp -->
        <test-method signature="submit_deprecated(java.lang.String)[pri:0, instance:net.assuresign.scenario_4.Scenario_4_11@4a7f959b]" started-at="2021-04-23T09:52:17 IST" name="submit_deprecated" data-provider="version-data-provider" finished-at="2021-04-23T09:53:05 IST" duration-ms="47679" status="PASS">
          <params>
            <param index="0">
              <value>
                <![CDATA[3.6]]>
              </value>
            </param>
          </params>
          <reporter-output>
          </reporter-output>
        </test-method> <!-- submit_deprecated -->
        <test-method is-config="true" signature="tearDown(org.testng.ITestResult)[pri:0, instance:net.assuresign.scenario_4.Scenario_4_11@4a7f959b]" started-at="2021-04-23T09:53:05 IST" name="tearDown" finished-at="2021-04-23T09:53:05 IST" duration-ms="0" status="PASS">
          <params>
            <param index="0">
              <value>
                <![CDATA[[TestResult name=submit_deprecated status=SUCCESS method=Scenario_4_11.submit_deprecated(java.lang.String)[pri:0, instance:net.assuresign.scenario_4.Scenario_4_11@4a7f959b] output={null}]]]>
              </value>
            </param>
          </params>
          <reporter-output>
          </reporter-output>
        </test-method> <!-- tearDown -->
        <test-method signature="submit_deprecated(java.lang.String)[pri:0, instance:net.assuresign.scenario_4.Scenario_4_11@4a7f959b]" started-at="2021-04-23T09:53:05 IST" name="submit_deprecated" data-provider="version-data-provider" finished-at="2021-04-23T09:53:22 IST" duration-ms="17233" status="PASS">
          <params>
            <param index="0">
              <value>
                <![CDATA[3.7]]>
              </value>
            </param>
          </params>
          <reporter-output>
          </reporter-output>
        </test-method> <!-- submit_deprecated -->
        <test-method is-config="true" signature="reportUp(org.testng.ITestResult)[pri:0, instance:net.assuresign.scenario_4.Scenario_4_11@4a7f959b]" started-at="2021-04-23T09:53:05 IST" name="reportUp" finished-at="2021-04-23T09:53:05 IST" duration-ms="0" status="PASS">
          <params>
            <param index="0">
              <value>
                <![CDATA[[TestResult name={null} status=CREATED method=Scenario_4_11.submit_deprecated(java.lang.String)[pri:0, instance:net.assuresign.scenario_4.Scenario_4_11@4a7f959b] output={null}]]]>
              </value>
            </param>
          </params>
          <reporter-output>
          </reporter-output>
        </test-method> <!-- reportUp -->
        <test-method is-config="true" signature="tearDown(org.testng.ITestResult)[pri:0, instance:net.assuresign.scenario_4.Scenario_4_11@4a7f959b]" started-at="2021-04-23T09:53:22 IST" name="tearDown" finished-at="2021-04-23T09:53:22 IST" duration-ms="1" status="PASS">
          <params>
            <param index="0">
              <value>
                <![CDATA[[TestResult name=submit_deprecated status=SUCCESS method=Scenario_4_11.submit_deprecated(java.lang.String)[pri:0, instance:net.assuresign.scenario_4.Scenario_4_11@4a7f959b] output={null}]]]>
              </value>
            </param>
          </params>
          <reporter-output>
          </reporter-output>
        </test-method> <!-- tearDown -->
      </class> <!-- net.assuresign.scenario_4.Scenario_4_11 -->
    </test> <!-- Test -->
  </suite> <!-- Suite -->
</testng-results>
