<?xml version="1.0" encoding="UTF-8"?>
<testng-results ignored="1" total="5" passed="4" failed="0" skipped="0">
  <reporter-output>
  </reporter-output>
  <suite started-at="2021-05-10T11:55:54 IST" name="Suite" finished-at="2021-05-10T12:07:07 IST" duration-ms="673168">
    <groups>
    </groups>
    <test started-at="2021-05-10T11:55:54 IST" name="Test" finished-at="2021-05-10T12:07:07 IST" duration-ms="673168">
      <class name="net.assuresign.scenario_3.Scenario_3_3">
        <test-method is-config="true" signature="reportUp(org.testng.ITestResult)[pri:0, instance:net.assuresign.scenario_3.Scenario_3_3@2053d869]" started-at="2021-05-10T11:55:54 IST" name="reportUp" finished-at="2021-05-10T11:55:54 IST" duration-ms="6" status="PASS">
          <params>
            <param index="0">
              <value>
                <![CDATA[[TestResult name={null} status=CREATED method=Scenario_3_3.submit_LargeFile(java.lang.String)[pri:0, instance:net.assuresign.scenario_3.Scenario_3_3@2053d869] output={null}]]]>
              </value>
            </param>
          </params>
          <reporter-output>
          </reporter-output>
        </test-method> <!-- reportUp -->
        <test-method signature="submit_LargeFile(java.lang.String)[pri:0, instance:net.assuresign.scenario_3.Scenario_3_3@2053d869]" started-at="2021-05-10T11:55:54 IST" name="submit_LargeFile" data-provider="version-data-provider" finished-at="2021-05-10T12:01:00 IST" duration-ms="305566" status="PASS">
          <params>
            <param index="0">
              <value>
                <![CDATA[3.0]]>
              </value>
            </param>
          </params>
          <reporter-output>
          </reporter-output>
        </test-method> <!-- submit_LargeFile -->
        <test-method is-config="true" signature="tearDown(org.testng.ITestResult)[pri:0, instance:net.assuresign.scenario_3.Scenario_3_3@2053d869]" started-at="2021-05-10T12:01:00 IST" name="tearDown" finished-at="2021-05-10T12:01:00 IST" duration-ms="3" status="PASS">
          <params>
            <param index="0">
              <value>
                <![CDATA[[TestResult name=submit_LargeFile status=SUCCESS method=Scenario_3_3.submit_LargeFile(java.lang.String)[pri:0, instance:net.assuresign.scenario_3.Scenario_3_3@2053d869] output={null}]]]>
              </value>
            </param>
          </params>
          <reporter-output>
          </reporter-output>
        </test-method> <!-- tearDown -->
        <test-method is-config="true" signature="reportUp(org.testng.ITestResult)[pri:0, instance:net.assuresign.scenario_3.Scenario_3_3@2053d869]" started-at="2021-05-10T12:01:00 IST" name="reportUp" finished-at="2021-05-10T12:01:00 IST" duration-ms="0" status="PASS">
          <params>
            <param index="0">
              <value>
                <![CDATA[[TestResult name={null} status=CREATED method=Scenario_3_3.submit_LargeFile(java.lang.String)[pri:0, instance:net.assuresign.scenario_3.Scenario_3_3@2053d869] output={null}]]]>
              </value>
            </param>
          </params>
          <reporter-output>
          </reporter-output>
        </test-method> <!-- reportUp -->
        <test-method signature="submit_LargeFile(java.lang.String)[pri:0, instance:net.assuresign.scenario_3.Scenario_3_3@2053d869]" started-at="2021-05-10T12:01:00 IST" name="submit_LargeFile" data-provider="version-data-provider" finished-at="2021-05-10T12:06:07 IST" duration-ms="307251" status="PASS">
          <params>
            <param index="0">
              <value>
                <![CDATA[3.1]]>
              </value>
            </param>
          </params>
          <reporter-output>
          </reporter-output>
        </test-method> <!-- submit_LargeFile -->
        <test-method is-config="true" signature="tearDown(org.testng.ITestResult)[pri:0, instance:net.assuresign.scenario_3.Scenario_3_3@2053d869]" started-at="2021-05-10T12:06:07 IST" name="tearDown" finished-at="2021-05-10T12:06:07 IST" duration-ms="1" status="PASS">
          <params>
            <param index="0">
              <value>
                <![CDATA[[TestResult name=submit_LargeFile status=SUCCESS method=Scenario_3_3.submit_LargeFile(java.lang.String)[pri:0, instance:net.assuresign.scenario_3.Scenario_3_3@2053d869] output={null}]]]>
              </value>
            </param>
          </params>
          <reporter-output>
          </reporter-output>
        </test-method> <!-- tearDown -->
        <test-method is-config="true" signature="reportUp(org.testng.ITestResult)[pri:0, instance:net.assuresign.scenario_3.Scenario_3_3@2053d869]" started-at="2021-05-10T12:06:07 IST" name="reportUp" finished-at="2021-05-10T12:06:07 IST" duration-ms="1" status="PASS">
          <params>
            <param index="0">
              <value>
                <![CDATA[[TestResult name={null} status=CREATED method=Scenario_3_3.submit_LargeFile(java.lang.String)[pri:0, instance:net.assuresign.scenario_3.Scenario_3_3@2053d869] output={null}]]]>
              </value>
            </param>
          </params>
          <reporter-output>
          </reporter-output>
        </test-method> <!-- reportUp -->
        <test-method signature="submit_LargeFile(java.lang.String)[pri:0, instance:net.assuresign.scenario_3.Scenario_3_3@2053d869]" started-at="2021-05-10T12:06:07 IST" name="submit_LargeFile" data-provider="version-data-provider" finished-at="2021-05-10T12:06:39 IST" duration-ms="31461" status="PASS">
          <params>
            <param index="0">
              <value>
                <![CDATA[3.2]]>
              </value>
            </param>
          </params>
          <reporter-output>
          </reporter-output>
        </test-method> <!-- submit_LargeFile -->
        <test-method is-config="true" signature="tearDown(org.testng.ITestResult)[pri:0, instance:net.assuresign.scenario_3.Scenario_3_3@2053d869]" started-at="2021-05-10T12:06:39 IST" name="tearDown" finished-at="2021-05-10T12:06:39 IST" duration-ms="1" status="PASS">
          <params>
            <param index="0">
              <value>
                <![CDATA[[TestResult name=submit_LargeFile status=SUCCESS method=Scenario_3_3.submit_LargeFile(java.lang.String)[pri:0, instance:net.assuresign.scenario_3.Scenario_3_3@2053d869] output={null}]]]>
              </value>
            </param>
          </params>
          <reporter-output>
          </reporter-output>
        </test-method> <!-- tearDown -->
        <test-method signature="submit_LargeFile(java.lang.String)[pri:0, instance:net.assuresign.scenario_3.Scenario_3_3@2053d869]" started-at="2021-05-10T12:06:39 IST" name="submit_LargeFile" data-provider="version-data-provider" finished-at="2021-05-10T12:07:07 IST" duration-ms="28565" status="PASS">
          <params>
            <param index="0">
              <value>
                <![CDATA[3.3]]>
              </value>
            </param>
          </params>
          <reporter-output>
          </reporter-output>
        </test-method> <!-- submit_LargeFile -->
        <test-method is-config="true" signature="reportUp(org.testng.ITestResult)[pri:0, instance:net.assuresign.scenario_3.Scenario_3_3@2053d869]" started-at="2021-05-10T12:06:39 IST" name="reportUp" finished-at="2021-05-10T12:06:39 IST" duration-ms="0" status="PASS">
          <params>
            <param index="0">
              <value>
                <![CDATA[[TestResult name={null} status=CREATED method=Scenario_3_3.submit_LargeFile(java.lang.String)[pri:0, instance:net.assuresign.scenario_3.Scenario_3_3@2053d869] output={null}]]]>
              </value>
            </param>
          </params>
          <reporter-output>
          </reporter-output>
        </test-method> <!-- reportUp -->
        <test-method is-config="true" signature="tearDown(org.testng.ITestResult)[pri:0, instance:net.assuresign.scenario_3.Scenario_3_3@2053d869]" started-at="2021-05-10T12:07:07 IST" name="tearDown" finished-at="2021-05-10T12:07:07 IST" duration-ms="2" status="PASS">
          <params>
            <param index="0">
              <value>
                <![CDATA[[TestResult name=submit_LargeFile status=SUCCESS method=Scenario_3_3.submit_LargeFile(java.lang.String)[pri:0, instance:net.assuresign.scenario_3.Scenario_3_3@2053d869] output={null}]]]>
              </value>
            </param>
          </params>
          <reporter-output>
          </reporter-output>
        </test-method> <!-- tearDown -->
      </class> <!-- net.assuresign.scenario_3.Scenario_3_3 -->
    </test> <!-- Test -->
  </suite> <!-- Suite -->
</testng-results>
