<?xml version="1.0" encoding="UTF-8"?>
<testng-results ignored="0" total="8" passed="7" failed="1" skipped="0">
  <reporter-output>
  </reporter-output>
  <suite started-at="2021-05-09T00:16:51 IST" name="Suite" finished-at="2021-05-09T00:20:56 IST" duration-ms="245109">
    <groups>
    </groups>
    <test started-at="2021-05-09T00:16:51 IST" name="Test" finished-at="2021-05-09T00:20:56 IST" duration-ms="245109">
      <class name="net.assuresign.scenario_4.Scenario_4_7">
        <test-method is-config="true" signature="reportUp(org.testng.ITestResult)[pri:0, instance:net.assuresign.scenario_4.Scenario_4_7@10feca44]" started-at="2021-05-09T00:16:51 IST" name="reportUp" finished-at="2021-05-09T00:16:51 IST" duration-ms="7" status="PASS">
          <params>
            <param index="0">
              <value>
                <![CDATA[[TestResult name={null} status=CREATED method=Scenario_4_7.submitPrepare_enUSSMS2FactorAuth(java.lang.String)[pri:0, instance:net.assuresign.scenario_4.Scenario_4_7@10feca44] output={null}]]]>
              </value>
            </param>
          </params>
          <reporter-output>
          </reporter-output>
        </test-method> <!-- reportUp -->
        <test-method signature="submitPrepare_enUSSMS2FactorAuth(java.lang.String)[pri:0, instance:net.assuresign.scenario_4.Scenario_4_7@10feca44]" started-at="2021-05-09T00:16:51 IST" name="submitPrepare_enUSSMS2FactorAuth" data-provider="version-data-provider" finished-at="2021-05-09T00:17:38 IST" duration-ms="46870" status="PASS">
          <params>
            <param index="0">
              <value>
                <![CDATA[3.0]]>
              </value>
            </param>
          </params>
          <reporter-output>
          </reporter-output>
        </test-method> <!-- submitPrepare_enUSSMS2FactorAuth -->
        <test-method is-config="true" signature="tearDown(org.testng.ITestResult)[pri:0, instance:net.assuresign.scenario_4.Scenario_4_7@10feca44]" started-at="2021-05-09T00:17:38 IST" name="tearDown" finished-at="2021-05-09T00:17:38 IST" duration-ms="3" status="PASS">
          <params>
            <param index="0">
              <value>
                <![CDATA[[TestResult name=submitPrepare_enUSSMS2FactorAuth status=SUCCESS method=Scenario_4_7.submitPrepare_enUSSMS2FactorAuth(java.lang.String)[pri:0, instance:net.assuresign.scenario_4.Scenario_4_7@10feca44] output={null}]]]>
              </value>
            </param>
          </params>
          <reporter-output>
          </reporter-output>
        </test-method> <!-- tearDown -->
        <test-method is-config="true" signature="reportUp(org.testng.ITestResult)[pri:0, instance:net.assuresign.scenario_4.Scenario_4_7@10feca44]" started-at="2021-05-09T00:17:38 IST" name="reportUp" finished-at="2021-05-09T00:17:38 IST" duration-ms="1" status="PASS">
          <params>
            <param index="0">
              <value>
                <![CDATA[[TestResult name={null} status=CREATED method=Scenario_4_7.submitPrepare_enUSSMS2FactorAuth(java.lang.String)[pri:0, instance:net.assuresign.scenario_4.Scenario_4_7@10feca44] output={null}]]]>
              </value>
            </param>
          </params>
          <reporter-output>
          </reporter-output>
        </test-method> <!-- reportUp -->
        <test-method signature="submitPrepare_enUSSMS2FactorAuth(java.lang.String)[pri:0, instance:net.assuresign.scenario_4.Scenario_4_7@10feca44]" started-at="2021-05-09T00:17:38 IST" name="submitPrepare_enUSSMS2FactorAuth" data-provider="version-data-provider" finished-at="2021-05-09T00:18:36 IST" duration-ms="57307" status="PASS">
          <params>
            <param index="0">
              <value>
                <![CDATA[3.1]]>
              </value>
            </param>
          </params>
          <reporter-output>
          </reporter-output>
        </test-method> <!-- submitPrepare_enUSSMS2FactorAuth -->
        <test-method is-config="true" signature="tearDown(org.testng.ITestResult)[pri:0, instance:net.assuresign.scenario_4.Scenario_4_7@10feca44]" started-at="2021-05-09T00:18:36 IST" name="tearDown" finished-at="2021-05-09T00:18:36 IST" duration-ms="1" status="PASS">
          <params>
            <param index="0">
              <value>
                <![CDATA[[TestResult name=submitPrepare_enUSSMS2FactorAuth status=SUCCESS method=Scenario_4_7.submitPrepare_enUSSMS2FactorAuth(java.lang.String)[pri:0, instance:net.assuresign.scenario_4.Scenario_4_7@10feca44] output={null}]]]>
              </value>
            </param>
          </params>
          <reporter-output>
          </reporter-output>
        </test-method> <!-- tearDown -->
        <test-method is-config="true" signature="reportUp(org.testng.ITestResult)[pri:0, instance:net.assuresign.scenario_4.Scenario_4_7@10feca44]" started-at="2021-05-09T00:18:36 IST" name="reportUp" finished-at="2021-05-09T00:18:36 IST" duration-ms="1" status="PASS">
          <params>
            <param index="0">
              <value>
                <![CDATA[[TestResult name={null} status=CREATED method=Scenario_4_7.submitPrepare_enUSSMS2FactorAuth(java.lang.String)[pri:0, instance:net.assuresign.scenario_4.Scenario_4_7@10feca44] output={null}]]]>
              </value>
            </param>
          </params>
          <reporter-output>
          </reporter-output>
        </test-method> <!-- reportUp -->
        <test-method signature="submitPrepare_enUSSMS2FactorAuth(java.lang.String)[pri:0, instance:net.assuresign.scenario_4.Scenario_4_7@10feca44]" started-at="2021-05-09T00:18:36 IST" name="submitPrepare_enUSSMS2FactorAuth" data-provider="version-data-provider" finished-at="2021-05-09T00:18:45 IST" duration-ms="9900" status="PASS">
          <params>
            <param index="0">
              <value>
                <![CDATA[3.2]]>
              </value>
            </param>
          </params>
          <reporter-output>
          </reporter-output>
        </test-method> <!-- submitPrepare_enUSSMS2FactorAuth -->
        <test-method is-config="true" signature="tearDown(org.testng.ITestResult)[pri:0, instance:net.assuresign.scenario_4.Scenario_4_7@10feca44]" started-at="2021-05-09T00:18:45 IST" name="tearDown" finished-at="2021-05-09T00:18:45 IST" duration-ms="1" status="PASS">
          <params>
            <param index="0">
              <value>
                <![CDATA[[TestResult name=submitPrepare_enUSSMS2FactorAuth status=SUCCESS method=Scenario_4_7.submitPrepare_enUSSMS2FactorAuth(java.lang.String)[pri:0, instance:net.assuresign.scenario_4.Scenario_4_7@10feca44] output={null}]]]>
              </value>
            </param>
          </params>
          <reporter-output>
          </reporter-output>
        </test-method> <!-- tearDown -->
        <test-method signature="submitPrepare_enUSSMS2FactorAuth(java.lang.String)[pri:0, instance:net.assuresign.scenario_4.Scenario_4_7@10feca44]" started-at="2021-05-09T00:18:45 IST" name="submitPrepare_enUSSMS2FactorAuth" data-provider="version-data-provider" finished-at="2021-05-09T00:19:25 IST" duration-ms="39689" status="PASS">
          <params>
            <param index="0">
              <value>
                <![CDATA[3.3]]>
              </value>
            </param>
          </params>
          <reporter-output>
          </reporter-output>
        </test-method> <!-- submitPrepare_enUSSMS2FactorAuth -->
        <test-method is-config="true" signature="reportUp(org.testng.ITestResult)[pri:0, instance:net.assuresign.scenario_4.Scenario_4_7@10feca44]" started-at="2021-05-09T00:18:45 IST" name="reportUp" finished-at="2021-05-09T00:18:45 IST" duration-ms="0" status="PASS">
          <params>
            <param index="0">
              <value>
                <![CDATA[[TestResult name={null} status=CREATED method=Scenario_4_7.submitPrepare_enUSSMS2FactorAuth(java.lang.String)[pri:0, instance:net.assuresign.scenario_4.Scenario_4_7@10feca44] output={null}]]]>
              </value>
            </param>
          </params>
          <reporter-output>
          </reporter-output>
        </test-method> <!-- reportUp -->
        <test-method is-config="true" signature="tearDown(org.testng.ITestResult)[pri:0, instance:net.assuresign.scenario_4.Scenario_4_7@10feca44]" started-at="2021-05-09T00:19:25 IST" name="tearDown" finished-at="2021-05-09T00:19:25 IST" duration-ms="1" status="PASS">
          <params>
            <param index="0">
              <value>
                <![CDATA[[TestResult name=submitPrepare_enUSSMS2FactorAuth status=SUCCESS method=Scenario_4_7.submitPrepare_enUSSMS2FactorAuth(java.lang.String)[pri:0, instance:net.assuresign.scenario_4.Scenario_4_7@10feca44] output={null}]]]>
              </value>
            </param>
          </params>
          <reporter-output>
          </reporter-output>
        </test-method> <!-- tearDown -->
        <test-method signature="submit_enUSSMS2FactorAuth(java.lang.String)[pri:0, instance:net.assuresign.scenario_4.Scenario_4_7@10feca44]" started-at="2021-05-09T00:19:25 IST" name="submit_enUSSMS2FactorAuth" data-provider="version-data-provider" finished-at="2021-05-09T00:20:06 IST" duration-ms="41331" status="FAIL">
          <params>
            <param index="0">
              <value>
                <![CDATA[3.0]]>
              </value>
            </param>
          </params>
          <exception class="java.lang.NoSuchMethodError">
            <message>
              <![CDATA[org.hamcrest.Matcher.describeMismatch(Ljava/lang/Object;Lorg/hamcrest/Description;)V]]>
            </message>
            <full-stacktrace>
              <![CDATA[java.lang.NoSuchMethodError: org.hamcrest.Matcher.describeMismatch(Ljava/lang/Object;Lorg/hamcrest/Description;)V
at io.restassured.internal.util.MatcherErrorMessageBuilder.buildError(MatcherErrorMessageBuilder.java:35)
at io.restassured.internal.util.MatcherErrorMessageBuilder$buildError.call(Unknown Source)
at org.codehaus.groovy.runtime.callsite.CallSiteArray.defaultCall(CallSiteArray.java:47)
at org.codehaus.groovy.runtime.callsite.AbstractCallSite.call(AbstractCallSite.java:125)
at org.codehaus.groovy.runtime.callsite.AbstractCallSite.call(AbstractCallSite.java:148)
at io.restassured.internal.ResponseSpecificationImpl$HamcrestAssertionClosure.validateStatusCodeAndStatusLine(ResponseSpecificationImpl.groovy:549)
at java.base/jdk.internal.reflect.NativeMethodAccessorImpl.invoke0(Native Method)
at java.base/jdk.internal.reflect.NativeMethodAccessorImpl.invoke(NativeMethodAccessorImpl.java:62)
at java.base/jdk.internal.reflect.DelegatingMethodAccessorImpl.invoke(DelegatingMethodAccessorImpl.java:43)
at java.base/java.lang.reflect.Method.invoke(Method.java:566)
at org.codehaus.groovy.runtime.callsite.PlainObjectMetaMethodSite.doInvoke(PlainObjectMetaMethodSite.java:43)
at org.codehaus.groovy.runtime.callsite.PogoMetaMethodSite$PogoCachedMethodSiteNoUnwrapNoCoerce.invoke(PogoMetaMethodSite.java:193)
at org.codehaus.groovy.runtime.callsite.PogoMetaMethodSite.callCurrent(PogoMetaMethodSite.java:61)
at org.codehaus.groovy.runtime.callsite.AbstractCallSite.callCurrent(AbstractCallSite.java:185)
at io.restassured.internal.ResponseSpecificationImpl$HamcrestAssertionClosure.validate(ResponseSpecificationImpl.groovy:471)
at io.restassured.internal.ResponseSpecificationImpl$HamcrestAssertionClosure$validate$1.call(Unknown Source)
at io.restassured.internal.ResponseSpecificationImpl.validateResponseIfRequired(ResponseSpecificationImpl.groovy:674)
at java.base/jdk.internal.reflect.NativeMethodAccessorImpl.invoke0(Native Method)
at java.base/jdk.internal.reflect.NativeMethodAccessorImpl.invoke(NativeMethodAccessorImpl.java:62)
at java.base/jdk.internal.reflect.DelegatingMethodAccessorImpl.invoke(DelegatingMethodAccessorImpl.java:43)
at java.base/java.lang.reflect.Method.invoke(Method.java:566)
at org.codehaus.groovy.runtime.callsite.PlainObjectMetaMethodSite.doInvoke(PlainObjectMetaMethodSite.java:43)
at org.codehaus.groovy.runtime.callsite.PogoMetaMethodSite$PogoCachedMethodSiteNoUnwrapNoCoerce.invoke(PogoMetaMethodSite.java:193)
at org.codehaus.groovy.runtime.callsite.PogoMetaMethodSite.callCurrent(PogoMetaMethodSite.java:61)
at org.codehaus.groovy.runtime.callsite.AbstractCallSite.callCurrent(AbstractCallSite.java:185)
at io.restassured.internal.ResponseSpecificationImpl.statusCode(ResponseSpecificationImpl.groovy:126)
at io.restassured.internal.ValidatableResponseOptionsImpl.statusCode(ValidatableResponseOptionsImpl.java:84)
at io.restassured.internal.ValidatableResponseImpl.super$2$statusCode(ValidatableResponseImpl.groovy)
at java.base/jdk.internal.reflect.NativeMethodAccessorImpl.invoke0(Native Method)
at java.base/jdk.internal.reflect.NativeMethodAccessorImpl.invoke(NativeMethodAccessorImpl.java:62)
at java.base/jdk.internal.reflect.DelegatingMethodAccessorImpl.invoke(DelegatingMethodAccessorImpl.java:43)
at java.base/java.lang.reflect.Method.invoke(Method.java:566)
at org.codehaus.groovy.reflection.CachedMethod.invoke(CachedMethod.java:107)
at groovy.lang.MetaMethod.doMethodInvoke(MetaMethod.java:323)
at groovy.lang.MetaClassImpl.invokeMethod(MetaClassImpl.java:1268)
at org.codehaus.groovy.runtime.ScriptBytecodeAdapter.invokeMethodOnSuperN(ScriptBytecodeAdapter.java:144)
at io.restassured.internal.ValidatableResponseImpl.statusCode(ValidatableResponseImpl.groovy:136)
at io.restassured.internal.ValidatableResponseImpl.statusCode(ValidatableResponseImpl.groovy)
at net.assuresign.scenario_4.Scenario_4_7.submit_enUSSMS2FactorAuth(Scenario_4_7.java:74)
at java.base/jdk.internal.reflect.NativeMethodAccessorImpl.invoke0(Native Method)
at java.base/jdk.internal.reflect.NativeMethodAccessorImpl.invoke(NativeMethodAccessorImpl.java:62)
at java.base/jdk.internal.reflect.DelegatingMethodAccessorImpl.invoke(DelegatingMethodAccessorImpl.java:43)
at java.base/java.lang.reflect.Method.invoke(Method.java:566)
at org.testng.internal.MethodInvocationHelper.invokeMethod(MethodInvocationHelper.java:133)
at org.testng.internal.TestInvoker.invokeMethod(TestInvoker.java:598)
at org.testng.internal.TestInvoker.invokeTestMethod(TestInvoker.java:173)
at org.testng.internal.MethodRunner.runInSequence(MethodRunner.java:46)
at org.testng.internal.TestInvoker$MethodInvocationAgent.invoke(TestInvoker.java:824)
at org.testng.internal.TestInvoker.invokeTestMethods(TestInvoker.java:146)
at org.testng.internal.TestMethodWorker.invokeTestMethods(TestMethodWorker.java:146)
at org.testng.internal.TestMethodWorker.run(TestMethodWorker.java:128)
at java.base/java.util.ArrayList.forEach(ArrayList.java:1540)
at org.testng.TestRunner.privateRun(TestRunner.java:794)
at org.testng.TestRunner.run(TestRunner.java:596)
at org.testng.SuiteRunner.runTest(SuiteRunner.java:377)
at org.testng.SuiteRunner.runSequentially(SuiteRunner.java:371)
at org.testng.SuiteRunner.privateRun(SuiteRunner.java:332)
at org.testng.SuiteRunner.run(SuiteRunner.java:276)
at org.testng.SuiteRunnerWorker.runSuite(SuiteRunnerWorker.java:53)
at org.testng.SuiteRunnerWorker.run(SuiteRunnerWorker.java:96)
at org.testng.TestNG.runSuitesSequentially(TestNG.java:1212)
at org.testng.TestNG.runSuitesLocally(TestNG.java:1134)
at org.testng.TestNG.runSuites(TestNG.java:1063)
at org.testng.TestNG.run(TestNG.java:1031)
at org.testng.remote.AbstractRemoteTestNG.run(AbstractRemoteTestNG.java:115)
at org.testng.remote.RemoteTestNG.initAndRun(RemoteTestNG.java:251)
at org.testng.remote.RemoteTestNG.main(RemoteTestNG.java:77)
]]>
            </full-stacktrace>
          </exception> <!-- java.lang.NoSuchMethodError -->
          <reporter-output>
          </reporter-output>
        </test-method> <!-- submit_enUSSMS2FactorAuth -->
        <test-method is-config="true" signature="reportUp(org.testng.ITestResult)[pri:0, instance:net.assuresign.scenario_4.Scenario_4_7@10feca44]" started-at="2021-05-09T00:19:25 IST" name="reportUp" finished-at="2021-05-09T00:19:25 IST" duration-ms="0" status="PASS">
          <params>
            <param index="0">
              <value>
                <![CDATA[[TestResult name={null} status=CREATED method=Scenario_4_7.submit_enUSSMS2FactorAuth(java.lang.String)[pri:0, instance:net.assuresign.scenario_4.Scenario_4_7@10feca44] output={null}]]]>
              </value>
            </param>
          </params>
          <reporter-output>
          </reporter-output>
        </test-method> <!-- reportUp -->
        <test-method is-config="true" signature="tearDown(org.testng.ITestResult)[pri:0, instance:net.assuresign.scenario_4.Scenario_4_7@10feca44]" started-at="2021-05-09T00:20:06 IST" name="tearDown" finished-at="2021-05-09T00:20:06 IST" duration-ms="0" status="PASS">
          <params>
            <param index="0">
              <value>
                <![CDATA[[TestResult name=submit_enUSSMS2FactorAuth status=FAILURE method=Scenario_4_7.submit_enUSSMS2FactorAuth(java.lang.String)[pri:0, instance:net.assuresign.scenario_4.Scenario_4_7@10feca44] output={null}]]]>
              </value>
            </param>
          </params>
          <reporter-output>
          </reporter-output>
        </test-method> <!-- tearDown -->
        <test-method is-config="true" signature="reportUp(org.testng.ITestResult)[pri:0, instance:net.assuresign.scenario_4.Scenario_4_7@10feca44]" started-at="2021-05-09T00:20:06 IST" name="reportUp" finished-at="2021-05-09T00:20:06 IST" duration-ms="0" status="PASS">
          <params>
            <param index="0">
              <value>
                <![CDATA[[TestResult name={null} status=CREATED method=Scenario_4_7.submit_enUSSMS2FactorAuth(java.lang.String)[pri:0, instance:net.assuresign.scenario_4.Scenario_4_7@10feca44] output={null}]]]>
              </value>
            </param>
          </params>
          <reporter-output>
          </reporter-output>
        </test-method> <!-- reportUp -->
        <test-method signature="submit_enUSSMS2FactorAuth(java.lang.String)[pri:0, instance:net.assuresign.scenario_4.Scenario_4_7@10feca44]" started-at="2021-05-09T00:20:06 IST" name="submit_enUSSMS2FactorAuth" data-provider="version-data-provider" finished-at="2021-05-09T00:20:26 IST" duration-ms="19487" status="PASS">
          <params>
            <param index="0">
              <value>
                <![CDATA[3.1]]>
              </value>
            </param>
          </params>
          <reporter-output>
          </reporter-output>
        </test-method> <!-- submit_enUSSMS2FactorAuth -->
        <test-method is-config="true" signature="tearDown(org.testng.ITestResult)[pri:0, instance:net.assuresign.scenario_4.Scenario_4_7@10feca44]" started-at="2021-05-09T00:20:26 IST" name="tearDown" finished-at="2021-05-09T00:20:26 IST" duration-ms="0" status="PASS">
          <params>
            <param index="0">
              <value>
                <![CDATA[[TestResult name=submit_enUSSMS2FactorAuth status=SUCCESS method=Scenario_4_7.submit_enUSSMS2FactorAuth(java.lang.String)[pri:0, instance:net.assuresign.scenario_4.Scenario_4_7@10feca44] output={null}]]]>
              </value>
            </param>
          </params>
          <reporter-output>
          </reporter-output>
        </test-method> <!-- tearDown -->
        <test-method signature="submit_enUSSMS2FactorAuth(java.lang.String)[pri:0, instance:net.assuresign.scenario_4.Scenario_4_7@10feca44]" started-at="2021-05-09T00:20:26 IST" name="submit_enUSSMS2FactorAuth" data-provider="version-data-provider" finished-at="2021-05-09T00:20:42 IST" duration-ms="15748" status="PASS">
          <params>
            <param index="0">
              <value>
                <![CDATA[3.2]]>
              </value>
            </param>
          </params>
          <reporter-output>
          </reporter-output>
        </test-method> <!-- submit_enUSSMS2FactorAuth -->
        <test-method is-config="true" signature="reportUp(org.testng.ITestResult)[pri:0, instance:net.assuresign.scenario_4.Scenario_4_7@10feca44]" started-at="2021-05-09T00:20:26 IST" name="reportUp" finished-at="2021-05-09T00:20:26 IST" duration-ms="0" status="PASS">
          <params>
            <param index="0">
              <value>
                <![CDATA[[TestResult name={null} status=CREATED method=Scenario_4_7.submit_enUSSMS2FactorAuth(java.lang.String)[pri:0, instance:net.assuresign.scenario_4.Scenario_4_7@10feca44] output={null}]]]>
              </value>
            </param>
          </params>
          <reporter-output>
          </reporter-output>
        </test-method> <!-- reportUp -->
        <test-method is-config="true" signature="tearDown(org.testng.ITestResult)[pri:0, instance:net.assuresign.scenario_4.Scenario_4_7@10feca44]" started-at="2021-05-09T00:20:42 IST" name="tearDown" finished-at="2021-05-09T00:20:42 IST" duration-ms="1" status="PASS">
          <params>
            <param index="0">
              <value>
                <![CDATA[[TestResult name=submit_enUSSMS2FactorAuth status=SUCCESS method=Scenario_4_7.submit_enUSSMS2FactorAuth(java.lang.String)[pri:0, instance:net.assuresign.scenario_4.Scenario_4_7@10feca44] output={null}]]]>
              </value>
            </param>
          </params>
          <reporter-output>
          </reporter-output>
        </test-method> <!-- tearDown -->
        <test-method is-config="true" signature="reportUp(org.testng.ITestResult)[pri:0, instance:net.assuresign.scenario_4.Scenario_4_7@10feca44]" started-at="2021-05-09T00:20:42 IST" name="reportUp" finished-at="2021-05-09T00:20:42 IST" duration-ms="0" status="PASS">
          <params>
            <param index="0">
              <value>
                <![CDATA[[TestResult name={null} status=CREATED method=Scenario_4_7.submit_enUSSMS2FactorAuth(java.lang.String)[pri:0, instance:net.assuresign.scenario_4.Scenario_4_7@10feca44] output={null}]]]>
              </value>
            </param>
          </params>
          <reporter-output>
          </reporter-output>
        </test-method> <!-- reportUp -->
        <test-method signature="submit_enUSSMS2FactorAuth(java.lang.String)[pri:0, instance:net.assuresign.scenario_4.Scenario_4_7@10feca44]" started-at="2021-05-09T00:20:42 IST" name="submit_enUSSMS2FactorAuth" data-provider="version-data-provider" finished-at="2021-05-09T00:20:56 IST" duration-ms="14449" status="PASS">
          <params>
            <param index="0">
              <value>
                <![CDATA[3.3]]>
              </value>
            </param>
          </params>
          <reporter-output>
          </reporter-output>
        </test-method> <!-- submit_enUSSMS2FactorAuth -->
        <test-method is-config="true" signature="tearDown(org.testng.ITestResult)[pri:0, instance:net.assuresign.scenario_4.Scenario_4_7@10feca44]" started-at="2021-05-09T00:20:56 IST" name="tearDown" finished-at="2021-05-09T00:20:56 IST" duration-ms="3" status="PASS">
          <params>
            <param index="0">
              <value>
                <![CDATA[[TestResult name=submit_enUSSMS2FactorAuth status=SUCCESS method=Scenario_4_7.submit_enUSSMS2FactorAuth(java.lang.String)[pri:0, instance:net.assuresign.scenario_4.Scenario_4_7@10feca44] output={null}]]]>
              </value>
            </param>
          </params>
          <reporter-output>
          </reporter-output>
        </test-method> <!-- tearDown -->
      </class> <!-- net.assuresign.scenario_4.Scenario_4_7 -->
    </test> <!-- Test -->
  </suite> <!-- Suite -->
</testng-results>
