<?xml version="1.0" encoding="UTF-8"?>
<testng-results ignored="0" total="1" passed="1" failed="0" skipped="0">
  <reporter-output>
  </reporter-output>
  <suite started-at="2021-04-14T10:22:17 IST" name="Suite" finished-at="2021-04-14T10:22:18 IST" duration-ms="303">
    <groups>
    </groups>
    <test started-at="2021-04-14T10:22:17 IST" name="Test" finished-at="2021-04-14T10:22:18 IST" duration-ms="303">
      <class name="net.assuresign.scenario_3.Scenario_3_8">
        <test-method is-config="true" signature="reportUp(org.testng.ITestResult)[pri:0, instance:net.assuresign.scenario_3.Scenario_3_8@10d307f1]" started-at="2021-04-14T10:22:18 IST" name="reportUp" finished-at="2021-04-14T10:22:18 IST" duration-ms="6" status="PASS">
          <params>
            <param index="0">
              <value>
                <![CDATA[[TestResult name={null} status=CREATED method=Scenario_3_8.sessionTokenDeprecated_44009(java.lang.String)[pri:0, instance:net.assuresign.scenario_3.Scenario_3_8@10d307f1] output={null}]]]>
              </value>
            </param>
          </params>
          <reporter-output>
          </reporter-output>
        </test-method> <!-- reportUp -->
        <test-method signature="sessionTokenDeprecated_44009(java.lang.String)[pri:0, instance:net.assuresign.scenario_3.Scenario_3_8@10d307f1]" started-at="2021-04-14T10:22:18 IST" name="sessionTokenDeprecated_44009" data-provider="version-data-provider" finished-at="2021-04-14T10:22:18 IST" duration-ms="6" status="PASS">
          <params>
            <param index="0">
              <value>
                <![CDATA[3.7]]>
              </value>
            </param>
          </params>
          <reporter-output>
          </reporter-output>
        </test-method> <!-- sessionTokenDeprecated_44009 -->
        <test-method is-config="true" signature="tearDown(org.testng.ITestResult)[pri:0, instance:net.assuresign.scenario_3.Scenario_3_8@10d307f1]" started-at="2021-04-14T10:22:18 IST" name="tearDown" finished-at="2021-04-14T10:22:18 IST" duration-ms="3" status="PASS">
          <params>
            <param index="0">
              <value>
                <![CDATA[[TestResult name=sessionTokenDeprecated_44009 status=SUCCESS method=Scenario_3_8.sessionTokenDeprecated_44009(java.lang.String)[pri:0, instance:net.assuresign.scenario_3.Scenario_3_8@10d307f1] output={null}]]]>
              </value>
            </param>
          </params>
          <reporter-output>
          </reporter-output>
        </test-method> <!-- tearDown -->
      </class> <!-- net.assuresign.scenario_3.Scenario_3_8 -->
    </test> <!-- Test -->
  </suite> <!-- Suite -->
</testng-results>
