<?xml version="1.0" encoding="UTF-8"?>
<testng-results ignored="2" total="5" passed="3" failed="0" skipped="0">
  <reporter-output>
  </reporter-output>
  <suite started-at="2021-05-10T14:15:20 IST" name="Suite" finished-at="2021-05-10T14:17:05 IST" duration-ms="105268">
    <groups>
      <group name="ExcludeFor3.0">
        <method signature="Scenario_3_10.submit_missingDocName(java.lang.String)[pri:0, instance:net.assuresign.scenario_3.Scenario_3_10@7a419da4]" name="submit_missingDocName" class="net.assuresign.scenario_3.Scenario_3_10"/>
      </group> <!-- ExcludeFor3.0 -->
    </groups>
    <test started-at="2021-05-10T14:15:20 IST" name="Test" finished-at="2021-05-10T14:17:05 IST" duration-ms="105268">
      <class name="net.assuresign.scenario_3.Scenario_3_10">
        <test-method is-config="true" signature="reportUp(org.testng.ITestResult)[pri:0, instance:net.assuresign.scenario_3.Scenario_3_10@7a419da4]" started-at="2021-05-10T14:15:20 IST" name="reportUp" finished-at="2021-05-10T14:15:20 IST" duration-ms="6" status="PASS">
          <params>
            <param index="0">
              <value>
                <![CDATA[[TestResult name={null} status=CREATED method=Scenario_3_10.submit_missingDocName(java.lang.String)[pri:0, instance:net.assuresign.scenario_3.Scenario_3_10@7a419da4] output={null}]]]>
              </value>
            </param>
          </params>
          <reporter-output>
          </reporter-output>
        </test-method> <!-- reportUp -->
        <test-method signature="submit_missingDocName(java.lang.String)[pri:0, instance:net.assuresign.scenario_3.Scenario_3_10@7a419da4]" started-at="2021-05-10T14:15:20 IST" name="submit_missingDocName" data-provider="version-data-provider" finished-at="2021-05-10T14:16:13 IST" duration-ms="52484" status="PASS">
          <params>
            <param index="0">
              <value>
                <![CDATA[3.1]]>
              </value>
            </param>
          </params>
          <reporter-output>
          </reporter-output>
        </test-method> <!-- submit_missingDocName -->
        <test-method is-config="true" signature="tearDown(org.testng.ITestResult)[pri:0, instance:net.assuresign.scenario_3.Scenario_3_10@7a419da4]" started-at="2021-05-10T14:16:13 IST" name="tearDown" finished-at="2021-05-10T14:16:13 IST" duration-ms="3" status="PASS">
          <params>
            <param index="0">
              <value>
                <![CDATA[[TestResult name=submit_missingDocName status=SUCCESS method=Scenario_3_10.submit_missingDocName(java.lang.String)[pri:0, instance:net.assuresign.scenario_3.Scenario_3_10@7a419da4] output={null}]]]>
              </value>
            </param>
          </params>
          <reporter-output>
          </reporter-output>
        </test-method> <!-- tearDown -->
        <test-method is-config="true" signature="reportUp(org.testng.ITestResult)[pri:0, instance:net.assuresign.scenario_3.Scenario_3_10@7a419da4]" started-at="2021-05-10T14:16:13 IST" name="reportUp" finished-at="2021-05-10T14:16:13 IST" duration-ms="0" status="PASS">
          <params>
            <param index="0">
              <value>
                <![CDATA[[TestResult name={null} status=CREATED method=Scenario_3_10.submit_missingDocName(java.lang.String)[pri:0, instance:net.assuresign.scenario_3.Scenario_3_10@7a419da4] output={null}]]]>
              </value>
            </param>
          </params>
          <reporter-output>
          </reporter-output>
        </test-method> <!-- reportUp -->
        <test-method signature="submit_missingDocName(java.lang.String)[pri:0, instance:net.assuresign.scenario_3.Scenario_3_10@7a419da4]" started-at="2021-05-10T14:16:13 IST" name="submit_missingDocName" data-provider="version-data-provider" finished-at="2021-05-10T14:16:56 IST" duration-ms="43230" status="PASS">
          <params>
            <param index="0">
              <value>
                <![CDATA[3.2]]>
              </value>
            </param>
          </params>
          <reporter-output>
          </reporter-output>
        </test-method> <!-- submit_missingDocName -->
        <test-method is-config="true" signature="reportUp(org.testng.ITestResult)[pri:0, instance:net.assuresign.scenario_3.Scenario_3_10@7a419da4]" started-at="2021-05-10T14:16:56 IST" name="reportUp" finished-at="2021-05-10T14:16:56 IST" duration-ms="1" status="PASS">
          <params>
            <param index="0">
              <value>
                <![CDATA[[TestResult name={null} status=CREATED method=Scenario_3_10.submit_missingDocName(java.lang.String)[pri:0, instance:net.assuresign.scenario_3.Scenario_3_10@7a419da4] output={null}]]]>
              </value>
            </param>
          </params>
          <reporter-output>
          </reporter-output>
        </test-method> <!-- reportUp -->
        <test-method is-config="true" signature="tearDown(org.testng.ITestResult)[pri:0, instance:net.assuresign.scenario_3.Scenario_3_10@7a419da4]" started-at="2021-05-10T14:16:56 IST" name="tearDown" finished-at="2021-05-10T14:16:56 IST" duration-ms="0" status="PASS">
          <params>
            <param index="0">
              <value>
                <![CDATA[[TestResult name=submit_missingDocName status=SUCCESS method=Scenario_3_10.submit_missingDocName(java.lang.String)[pri:0, instance:net.assuresign.scenario_3.Scenario_3_10@7a419da4] output={null}]]]>
              </value>
            </param>
          </params>
          <reporter-output>
          </reporter-output>
        </test-method> <!-- tearDown -->
        <test-method signature="submit_missingDocName(java.lang.String)[pri:0, instance:net.assuresign.scenario_3.Scenario_3_10@7a419da4]" started-at="2021-05-10T14:16:56 IST" name="submit_missingDocName" data-provider="version-data-provider" finished-at="2021-05-10T14:17:05 IST" duration-ms="9247" status="PASS">
          <params>
            <param index="0">
              <value>
                <![CDATA[3.3]]>
              </value>
            </param>
          </params>
          <reporter-output>
          </reporter-output>
        </test-method> <!-- submit_missingDocName -->
        <test-method is-config="true" signature="tearDown(org.testng.ITestResult)[pri:0, instance:net.assuresign.scenario_3.Scenario_3_10@7a419da4]" started-at="2021-05-10T14:17:05 IST" name="tearDown" finished-at="2021-05-10T14:17:05 IST" duration-ms="1" status="PASS">
          <params>
            <param index="0">
              <value>
                <![CDATA[[TestResult name=submit_missingDocName status=SUCCESS method=Scenario_3_10.submit_missingDocName(java.lang.String)[pri:0, instance:net.assuresign.scenario_3.Scenario_3_10@7a419da4] output={null}]]]>
              </value>
            </param>
          </params>
          <reporter-output>
          </reporter-output>
        </test-method> <!-- tearDown -->
      </class> <!-- net.assuresign.scenario_3.Scenario_3_10 -->
    </test> <!-- Test -->
  </suite> <!-- Suite -->
</testng-results>
