<?xml version="1.0" encoding="UTF-8"?>
<testng-results ignored="0" total="3" passed="3" failed="0" skipped="0">
  <reporter-output>
  </reporter-output>
  <suite started-at="2021-04-14T17:17:40 IST" name="Suite" finished-at="2021-04-14T17:19:08 IST" duration-ms="88219">
    <groups>
    </groups>
    <test started-at="2021-04-14T17:17:40 IST" name="Test" finished-at="2021-04-14T17:19:08 IST" duration-ms="88219">
      <class name="net.assuresign.scenario_3.Scenario_3_4">
        <test-method is-config="true" signature="reportUp(org.testng.ITestResult)[pri:0, instance:net.assuresign.scenario_3.Scenario_3_4@3e84448c]" started-at="2021-04-14T17:17:40 IST" name="reportUp" finished-at="2021-04-14T17:17:40 IST" duration-ms="6" status="PASS">
          <params>
            <param index="0">
              <value>
                <![CDATA[[TestResult name={null} status=CREATED method=Scenario_3_4.submit_DifferentFileType(java.lang.String)[pri:0, instance:net.assuresign.scenario_3.Scenario_3_4@3e84448c] output={null}]]]>
              </value>
            </param>
          </params>
          <reporter-output>
          </reporter-output>
        </test-method> <!-- reportUp -->
        <test-method signature="submit_DifferentFileType(java.lang.String)[pri:0, instance:net.assuresign.scenario_3.Scenario_3_4@3e84448c]" started-at="2021-04-14T17:17:40 IST" name="submit_DifferentFileType" data-provider="version-data-provider" finished-at="2021-04-14T17:18:27 IST" duration-ms="46831" status="PASS">
          <params>
            <param index="0">
              <value>
                <![CDATA[3.7]]>
              </value>
            </param>
          </params>
          <reporter-output>
          </reporter-output>
        </test-method> <!-- submit_DifferentFileType -->
        <test-method is-config="true" signature="tearDown(org.testng.ITestResult)[pri:0, instance:net.assuresign.scenario_3.Scenario_3_4@3e84448c]" started-at="2021-04-14T17:18:27 IST" name="tearDown" finished-at="2021-04-14T17:18:27 IST" duration-ms="4" status="PASS">
          <params>
            <param index="0">
              <value>
                <![CDATA[[TestResult name=submit_DifferentFileType status=SUCCESS method=Scenario_3_4.submit_DifferentFileType(java.lang.String)[pri:0, instance:net.assuresign.scenario_3.Scenario_3_4@3e84448c] output={null}]]]>
              </value>
            </param>
          </params>
          <reporter-output>
          </reporter-output>
        </test-method> <!-- tearDown -->
        <test-method is-config="true" signature="reportUp(org.testng.ITestResult)[pri:0, instance:net.assuresign.scenario_3.Scenario_3_4@3e84448c]" started-at="2021-04-14T17:18:27 IST" name="reportUp" finished-at="2021-04-14T17:18:27 IST" duration-ms="1" status="PASS">
          <params>
            <param index="0">
              <value>
                <![CDATA[[TestResult name={null} status=CREATED method=Scenario_3_4.submit_HybridCallDifferentFileType(java.lang.String)[pri:0, instance:net.assuresign.scenario_3.Scenario_3_4@3e84448c] output={null}]]]>
              </value>
            </param>
          </params>
          <reporter-output>
          </reporter-output>
        </test-method> <!-- reportUp -->
        <test-method signature="submit_HybridCallDifferentFileType(java.lang.String)[pri:0, instance:net.assuresign.scenario_3.Scenario_3_4@3e84448c]" started-at="2021-04-14T17:18:27 IST" name="submit_HybridCallDifferentFileType" data-provider="version-data-provider" finished-at="2021-04-14T17:18:57 IST" duration-ms="30329" status="PASS">
          <params>
            <param index="0">
              <value>
                <![CDATA[3.7]]>
              </value>
            </param>
          </params>
          <reporter-output>
          </reporter-output>
        </test-method> <!-- submit_HybridCallDifferentFileType -->
        <test-method is-config="true" signature="tearDown(org.testng.ITestResult)[pri:0, instance:net.assuresign.scenario_3.Scenario_3_4@3e84448c]" started-at="2021-04-14T17:18:57 IST" name="tearDown" finished-at="2021-04-14T17:18:57 IST" duration-ms="0" status="PASS">
          <params>
            <param index="0">
              <value>
                <![CDATA[[TestResult name=submit_HybridCallDifferentFileType status=SUCCESS method=Scenario_3_4.submit_HybridCallDifferentFileType(java.lang.String)[pri:0, instance:net.assuresign.scenario_3.Scenario_3_4@3e84448c] output={null}]]]>
              </value>
            </param>
          </params>
          <reporter-output>
          </reporter-output>
        </test-method> <!-- tearDown -->
        <test-method is-config="true" signature="reportUp(org.testng.ITestResult)[pri:0, instance:net.assuresign.scenario_3.Scenario_3_4@3e84448c]" started-at="2021-04-14T17:18:57 IST" name="reportUp" finished-at="2021-04-14T17:18:57 IST" duration-ms="1" status="PASS">
          <params>
            <param index="0">
              <value>
                <![CDATA[[TestResult name={null} status=CREATED method=Scenario_3_4.submit_HybridCallDifferentFileTypeIncorrect(java.lang.String)[pri:0, instance:net.assuresign.scenario_3.Scenario_3_4@3e84448c] output={null}]]]>
              </value>
            </param>
          </params>
          <reporter-output>
          </reporter-output>
        </test-method> <!-- reportUp -->
        <test-method signature="submit_HybridCallDifferentFileTypeIncorrect(java.lang.String)[pri:0, instance:net.assuresign.scenario_3.Scenario_3_4@3e84448c]" started-at="2021-04-14T17:18:57 IST" name="submit_HybridCallDifferentFileTypeIncorrect" data-provider="version-data-provider" finished-at="2021-04-14T17:19:08 IST" duration-ms="10744" status="PASS">
          <params>
            <param index="0">
              <value>
                <![CDATA[3.7]]>
              </value>
            </param>
          </params>
          <reporter-output>
          </reporter-output>
        </test-method> <!-- submit_HybridCallDifferentFileTypeIncorrect -->
        <test-method is-config="true" signature="tearDown(org.testng.ITestResult)[pri:0, instance:net.assuresign.scenario_3.Scenario_3_4@3e84448c]" started-at="2021-04-14T17:19:08 IST" name="tearDown" finished-at="2021-04-14T17:19:08 IST" duration-ms="1" status="PASS">
          <params>
            <param index="0">
              <value>
                <![CDATA[[TestResult name=submit_HybridCallDifferentFileTypeIncorrect status=SUCCESS method=Scenario_3_4.submit_HybridCallDifferentFileTypeIncorrect(java.lang.String)[pri:0, instance:net.assuresign.scenario_3.Scenario_3_4@3e84448c] output={null}]]]>
              </value>
            </param>
          </params>
          <reporter-output>
          </reporter-output>
        </test-method> <!-- tearDown -->
      </class> <!-- net.assuresign.scenario_3.Scenario_3_4 -->
    </test> <!-- Test -->
  </suite> <!-- Suite -->
</testng-results>
