<?xml version="1.0" encoding="UTF-8"?>
<testng-results ignored="0" total="1" passed="1" failed="0" skipped="0">
  <reporter-output>
  </reporter-output>
  <suite started-at="2021-05-28T13:30:45 IST" name="Suite" finished-at="2021-05-28T13:32:35 IST" duration-ms="109836">
    <groups>
      <group name="ExcludeFor3.0">
        <method signature="Scenario_4_9_1.putCall_submitPrepare(java.lang.String)[pri:0, instance:net.assuresign.scenario_4.Scenario_4_9_1@24fcf36f]" name="putCall_submitPrepare" class="net.assuresign.scenario_4.Scenario_4_9_1"/>
      </group> <!-- ExcludeFor3.0 -->
    </groups>
    <test started-at="2021-05-28T13:30:45 IST" name="Test" finished-at="2021-05-28T13:32:35 IST" duration-ms="109836">
      <class name="net.assuresign.scenario_4.Scenario_4_9_1">
        <test-method is-config="true" signature="reportUp(org.testng.ITestResult)[pri:0, instance:net.assuresign.scenario_4.Scenario_4_9_1@24fcf36f]" started-at="2021-05-28T13:30:46 IST" name="reportUp" finished-at="2021-05-28T13:30:46 IST" duration-ms="6" status="PASS">
          <params>
            <param index="0">
              <value>
                <![CDATA[[TestResult name={null} status=CREATED method=Scenario_4_9_1.putCall_submitPrepare(java.lang.String)[pri:0, instance:net.assuresign.scenario_4.Scenario_4_9_1@24fcf36f] output={null}]]]>
              </value>
            </param>
          </params>
          <reporter-output>
          </reporter-output>
        </test-method> <!-- reportUp -->
        <test-method signature="putCall_submitPrepare(java.lang.String)[pri:0, instance:net.assuresign.scenario_4.Scenario_4_9_1@24fcf36f]" started-at="2021-05-28T13:30:46 IST" name="putCall_submitPrepare" data-provider="version-data-provider" finished-at="2021-05-28T13:32:35 IST" duration-ms="109531" status="PASS">
          <params>
            <param index="0">
              <value>
                <![CDATA[3.7]]>
              </value>
            </param>
          </params>
          <reporter-output>
          </reporter-output>
        </test-method> <!-- putCall_submitPrepare -->
        <test-method is-config="true" signature="tearDown(org.testng.ITestResult)[pri:0, instance:net.assuresign.scenario_4.Scenario_4_9_1@24fcf36f]" started-at="2021-05-28T13:32:35 IST" name="tearDown" finished-at="2021-05-28T13:32:35 IST" duration-ms="3" status="PASS">
          <params>
            <param index="0">
              <value>
                <![CDATA[[TestResult name=putCall_submitPrepare status=SUCCESS method=Scenario_4_9_1.putCall_submitPrepare(java.lang.String)[pri:0, instance:net.assuresign.scenario_4.Scenario_4_9_1@24fcf36f] output={null}]]]>
              </value>
            </param>
          </params>
          <reporter-output>
          </reporter-output>
        </test-method> <!-- tearDown -->
      </class> <!-- net.assuresign.scenario_4.Scenario_4_9_1 -->
    </test> <!-- Test -->
  </suite> <!-- Suite -->
</testng-results>
